#
# There is insufficient memory for the Java Runtime Environment to continue.
# Native memory allocation (malloc) failed to allocate 1378704 bytes for Chunk::new
# Possible reasons:
#   The system is out of physical RAM or swap space
#   In 32 bit mode, the process size limit was hit
# Possible solutions:
#   Reduce memory load on the system
#   Increase physical memory or swap space
#   Check if swap backing store is full
#   Use 64 bit Java on a 64 bit OS
#   Decrease Java heap size (-Xmx/-Xms)
#   Decrease number of Java threads
#   Decrease Java thread stack sizes (-Xss)
#   Set larger code cache with -XX:ReservedCodeCacheSize=
# This output file may be truncated or incomplete.
#
#  Out of Memory Error (allocation.cpp:390), pid=9224, tid=8132
#
# JRE version: Java(TM) SE Runtime Environment (8.0_66-b18) (build 1.8.0_66-b18)
# Java VM: Java HotSpot(TM) 64-Bit Server VM (25.66-b18 mixed mode windows-amd64 compressed oops)
# Failed to write core dump. Minidumps are not enabled by default on client versions of Windows
#

---------------  T H R E A D  ---------------

Current thread (0x0000000056724800):  JavaThread "C2 CompilerThread1" daemon [_thread_in_native, id=8132, stack(0x0000000058120000,0x0000000058220000)]

Stack: [0x0000000058120000,0x0000000058220000]
[error occurred during error reporting (printing stack bounds), id 0xc0000005]

Native frames: (J=compiled Java code, j=interpreted, Vv=VM code, C=native code)


Current CompileTask:
C2:   5065 1371   !   4       com.android.dx.cf.code.BytecodeArray::parseInstruction (2764 bytes)


---------------  P R O C E S S  ---------------

Java Threads: ( => current thread )
  0x0000000058781800 JavaThread "pool-1-thread-4" [_thread_in_Java, id=6892, stack(0x0000000059590000,0x0000000059690000)]
  0x000000005877e800 JavaThread "pool-1-thread-3" [_thread_blocked, id=10112, stack(0x00000000593d0000,0x00000000594d0000)]
  0x0000000058874000 JavaThread "pool-1-thread-2" [_thread_in_Java, id=3232, stack(0x0000000059140000,0x0000000059240000)]
  0x00000000569d5000 JavaThread "pool-2-thread-1" [_thread_blocked, id=9552, stack(0x0000000059000000,0x0000000059100000)]
  0x00000000569d4800 JavaThread "pool-1-thread-1" [_thread_blocked, id=792, stack(0x0000000057dd0000,0x0000000057ed0000)]
  0x00000000567cc000 JavaThread "Service Thread" daemon [_thread_blocked, id=8080, stack(0x0000000058540000,0x0000000058640000)]
  0x000000005675a000 JavaThread "C1 CompilerThread3" daemon [_thread_blocked, id=4648, stack(0x0000000058390000,0x0000000058490000)]
  0x000000005672f800 JavaThread "C2 CompilerThread2" daemon [_thread_in_native, id=3528, stack(0x0000000058240000,0x0000000058340000)]
=>0x0000000056724800 JavaThread "C2 CompilerThread1" daemon [_thread_in_native, id=8132, stack(0x0000000058120000,0x0000000058220000)]
  0x0000000056719000 JavaThread "C2 CompilerThread0" daemon [_thread_in_native, id=9928, stack(0x0000000057f70000,0x0000000058070000)]
  0x000000005670f800 JavaThread "Attach Listener" daemon [_thread_blocked, id=9356, stack(0x0000000057cb0000,0x0000000057db0000)]
  0x000000005670e800 JavaThread "Signal Dispatcher" daemon [_thread_blocked, id=6952, stack(0x0000000057ac0000,0x0000000057bc0000)]
  0x000000005575c800 JavaThread "Finalizer" daemon [_thread_blocked, id=3608, stack(0x0000000057820000,0x0000000057920000)]
  0x00000000566b3800 JavaThread "Reference Handler" daemon [_thread_blocked, id=340, stack(0x0000000057990000,0x0000000057a90000)]
  0x000000000048e000 JavaThread "main" [_thread_blocked, id=8640, stack(0x0000000002800000,0x0000000002900000)]

Other Threads:
  0x00000000566b2000 VMThread [stack: 0x0000000057710000,0x0000000057810000] [id=5404]
  0x00000000567a0000 WatcherThread [stack: 0x0000000058650000,0x0000000058750000] [id=6940]

VM state:not at safepoint (normal execution)

VM Mutex/Monitor currently owned by a thread: None

Heap:
 PSYoungGen      total 71680K, used 13649K [0x00000000eab00000, 0x00000000ef600000, 0x0000000100000000)
  eden space 66560K, 12% used [0x00000000eab00000,0x00000000eb357f70,0x00000000eec00000)
  from space 5120K, 99% used [0x00000000ef100000,0x00000000ef5fc5b8,0x00000000ef600000)
  to   space 5120K, 0% used [0x00000000eec00000,0x00000000eec00000,0x00000000ef100000)
 ParOldGen       total 87552K, used 4675K [0x00000000c0000000, 0x00000000c5580000, 0x00000000eab00000)
  object space 87552K, 5% used [0x00000000c0000000,0x00000000c0490fd0,0x00000000c5580000)
 Metaspace       used 6134K, capacity 7030K, committed 7296K, reserved 1056768K
  class space    used 603K, capacity 622K, committed 640K, reserved 1048576K

Card table byte_map: [0x0000000011cc0000,0x0000000011ed0000] byte_map_base: 0x00000000116c0000

Marking Bits: (ParMarkBitMap*) 0x0000000077f7a5b0
 Begin Bits: [0x0000000012b70000, 0x0000000013b70000)
 End Bits:   [0x0000000013b70000, 0x0000000014b70000)

Polling page: 0x0000000000440000

CodeCache: size=245760Kb used=6010Kb max_used=6021Kb free=239749Kb
 bounds [0x0000000002900000, 0x0000000002ef0000, 0x0000000011900000]
 total_blobs=1696 nmethods=1426 adapters=184
 compilation: enabled

Compilation events (10 events):
Event: 5.030 Thread 0x000000005672f800 nmethod 1308 0x0000000002e22d10 code [0x0000000002e22e60, 0x0000000002e22ec8]
Event: 5.030 Thread 0x000000005672f800 1355       4       com.android.dx.rop.code.RegisterSpecList::<init> (6 bytes)
Event: 5.032 Thread 0x000000005672f800 nmethod 1355 0x0000000002ee5290 code [0x0000000002ee53e0, 0x0000000002ee5518]
Event: 5.032 Thread 0x000000005672f800 1313       4       com.android.dx.rop.code.RegisterSpecList::set (7 bytes)
Event: 5.033 Thread 0x000000005672f800 nmethod 1313 0x0000000002edf390 code [0x0000000002edf4e0, 0x0000000002edf5d8]
Event: 5.033 Thread 0x000000005672f800 1370       4       com.android.dx.rop.code.ThrowingCstInsn::<init> (51 bytes)
Event: 5.035 Thread 0x000000005672f800 nmethod 1370 0x0000000002edee10 code [0x0000000002edef60, 0x0000000002edf118]
Event: 5.035 Thread 0x000000005672f800 1381       4       com.android.dx.ssa.MoveParamCombiner$1::visitNonMoveInsn (213 bytes)
Event: 5.039 Thread 0x000000005672f800 nmethod 1381 0x0000000002eddf50 code [0x0000000002ede0a0, 0x0000000002ede218]
Event: 5.039 Thread 0x000000005672f800 1415       4       com.android.dx.ssa.LiteralOpUpgrader$1::visitNonMoveInsn (203 bytes)

GC Heap History (4 events):
Event: 2.428 GC heap before
{Heap before GC invocations=1 (full 0):
 PSYoungGen      total 38400K, used 33280K [0x00000000eab00000, 0x00000000ed580000, 0x0000000100000000)
  eden space 33280K, 100% used [0x00000000eab00000,0x00000000ecb80000,0x00000000ecb80000)
  from space 5120K, 0% used [0x00000000ed080000,0x00000000ed080000,0x00000000ed580000)
  to   space 5120K, 0% used [0x00000000ecb80000,0x00000000ecb80000,0x00000000ed080000)
 ParOldGen       total 87552K, used 0K [0x00000000c0000000, 0x00000000c5580000, 0x00000000eab00000)
  object space 87552K, 0% used [0x00000000c0000000,0x00000000c0000000,0x00000000c5580000)
 Metaspace       used 5894K, capacity 6772K, committed 7040K, reserved 1056768K
  class space    used 600K, capacity 620K, committed 640K, reserved 1048576K
Event: 3.609 GC heap after
Heap after GC invocations=1 (full 0):
 PSYoungGen      total 38400K, used 5116K [0x00000000eab00000, 0x00000000ef600000, 0x0000000100000000)
  eden space 33280K, 0% used [0x00000000eab00000,0x00000000eab00000,0x00000000ecb80000)
  from space 5120K, 99% used [0x00000000ecb80000,0x00000000ed07f068,0x00000000ed080000)
  to   space 5120K, 0% used [0x00000000ef100000,0x00000000ef100000,0x00000000ef600000)
 ParOldGen       total 87552K, used 512K [0x00000000c0000000, 0x00000000c5580000, 0x00000000eab00000)
  object space 87552K, 0% used [0x00000000c0000000,0x00000000c00801d8,0x00000000c5580000)
 Metaspace       used 5894K, capacity 6772K, committed 7040K, reserved 1056768K
  class space    used 600K, capacity 620K, committed 640K, reserved 1048576K
}
Event: 4.538 GC heap before
{Heap before GC invocations=2 (full 0):
 PSYoungGen      total 38400K, used 38396K [0x00000000eab00000, 0x00000000ef600000, 0x0000000100000000)
  eden space 33280K, 100% used [0x00000000eab00000,0x00000000ecb80000,0x00000000ecb80000)
  from space 5120K, 99% used [0x00000000ecb80000,0x00000000ed07f068,0x00000000ed080000)
  to   space 5120K, 0% used [0x00000000ef100000,0x00000000ef100000,0x00000000ef600000)
 ParOldGen       total 87552K, used 512K [0x00000000c0000000, 0x00000000c5580000, 0x00000000eab00000)
  object space 87552K, 0% used [0x00000000c0000000,0x00000000c00801d8,0x00000000c5580000)
 Metaspace       used 6109K, capacity 6966K, committed 7040K, reserved 1056768K
  class space    used 603K, capacity 622K, committed 640K, reserved 1048576K
Event: 4.855 GC heap after
Heap after GC invocations=2 (full 0):
 PSYoungGen      total 71680K, used 5105K [0x00000000eab00000, 0x00000000ef600000, 0x0000000100000000)
  eden space 66560K, 0% used [0x00000000eab00000,0x00000000eab00000,0x00000000eec00000)
  from space 5120K, 99% used [0x00000000ef100000,0x00000000ef5fc5b8,0x00000000ef600000)
  to   space 5120K, 0% used [0x00000000eec00000,0x00000000eec00000,0x00000000ef100000)
 ParOldGen       total 87552K, used 4675K [0x00000000c0000000, 0x00000000c5580000, 0x00000000eab00000)
  object space 87552K, 5% used [0x00000000c0000000,0x00000000c0490fd0,0x00000000c5580000)
 Metaspace       used 6109K, capacity 6966K, committed 7040K, reserved 1056768K
  class space    used 603K, capacity 622K, committed 640K, reserved 1048576K
}

Deoptimization events (10 events):
Event: 3.795 Thread 0x0000000058874000 Uncommon trap: reason=null_check action=make_not_entrant pc=0x0000000002bf4810 method=com.android.dx.rop.type.Type.equals(Ljava/lang/Object;)Z @ 8
Event: 3.802 Thread 0x0000000058874000 Uncommon trap: reason=unstable_if action=reinterpret pc=0x0000000002d22f44 method=com.android.dx.rop.cst.Constant.compareTo(Lcom/android/dx/rop/cst/Constant;)I @ 12
Event: 3.802 Thread 0x0000000058874000 Uncommon trap: reason=unstable_if action=reinterpret pc=0x0000000002b2dd1c method=java.util.HashMap.getNode(ILjava/lang/Object;)Ljava/util/HashMap$Node; @ 62
Event: 3.814 Thread 0x0000000058874000 Uncommon trap: reason=unstable_if action=reinterpret pc=0x0000000002d32db4 method=com.android.dx.ssa.SsaRenamer$BlockRenamer.addMapping(ILcom/android/dx/rop/code/RegisterSpec;)V @ 120
Event: 3.840 Thread 0x0000000058874000 Uncommon trap: reason=null_check action=make_not_entrant pc=0x0000000002bed50c method=com.android.dx.ssa.SsaRenamer.getLocalForNewReg(I)Lcom/android/dx/rop/code/LocalItem; @ 19
Event: 3.840 Thread 0x0000000058874000 Uncommon trap: reason=null_check action=make_not_entrant pc=0x0000000002be0ae4 method=com.android.dx.ssa.SsaRenamer.getLocalForNewReg(I)Lcom/android/dx/rop/code/LocalItem; @ 19
Event: 4.326 Thread 0x0000000058874000 Uncommon trap: reason=unstable_if action=reinterpret pc=0x0000000002ce90e8 method=com.android.dx.cf.code.Ropper.labelToResultIndex(I)I @ 34
Event: 4.329 Thread 0x0000000058874000 Uncommon trap: reason=unstable_if action=reinterpret pc=0x0000000002d0c078 method=com.android.dx.util.LabeledList.set(ILcom/android/dx/util/LabeledItem;)V @ 16
Event: 4.474 Thread 0x0000000058781800 Uncommon trap: reason=unstable_if action=reinterpret pc=0x0000000002dab234 method=com.android.dx.rop.code.LocalItem.compareHandlesNulls(Lcom/android/dx/rop/cst/CstString;Lcom/android/dx/rop/cst/CstString;)I @ 8
Event: 4.494 Thread 0x00000000569d4800 Uncommon trap: reason=unstable_if action=reinterpret pc=0x0000000002cddeac method=com.android.dx.util.IntList.binarysearch(I)I @ 105

Internal exceptions (6 events):
Event: 0.060 Thread 0x000000000048e000 Exception <a 'java/lang/NoSuchMethodError': Method sun.misc.Unsafe.defineClass(Ljava/lang/String;[BII)Ljava/lang/Class; name or signature does not match> (0x00000000eab12ef0) thrown at [C:\re\workspace\8-2-build-windows-amd64-cygwin\jdk8u66\5298\hotspot\srª;õ
Øå®?
Event: 0.060 Thread 0x000000000048e000 Exception <a 'java/lang/NoSuchMethodError': Method sun.misc.Unsafe.prefetchRead(Ljava/lang/Object;J)V name or signature does not match> (0x00000000eab131d8) thrown at [C:\re\workspace\8-2-build-windows-amd64-cygwin\jdk8u66\5298\hotspot\src\share\vm\prims\jR?‡°\@
Event: 3.795 Thread 0x0000000058874000 Implicit null exception at 0x0000000002bf4712 to 0x0000000002bf4802
Event: 3.840 Thread 0x0000000058874000 Implicit null exception at 0x0000000002beb4c3 to 0x0000000002bed4c9
Event: 3.840 Thread 0x0000000058874000 Implicit null exception at 0x0000000002bdecda to 0x0000000002be0abd
Event: 4.474 Thread 0x0000000058781800 Implicit null exception at 0x0000000002dab0c4 to 0x0000000002dab221

Events (10 events):
Event: 4.465 loading class com/android/dx/cf/code/SwitchList
Event: 4.465 loading class com/android/dx/cf/code/SwitchList done
Event: 4.474 Thread 0x0000000058781800 Uncommon trap: trap_request=0xffffff65 fr.pc=0x0000000002dab234
Event: 4.474 Thread 0x0000000058781800 DEOPT PACKING pc=0x0000000002dab234 sp=0x000000005968eb70
Event: 4.474 Thread 0x0000000058781800 DEOPT UNPACKING pc=0x000000000294582a sp=0x000000005968eab0 mode 2
Event: 4.494 Thread 0x00000000569d4800 Uncommon trap: trap_request=0xffffff65 fr.pc=0x0000000002cddeac
Event: 4.494 Thread 0x00000000569d4800 DEOPT PACKING pc=0x0000000002cddeac sp=0x0000000057ecebc0
Event: 4.494 Thread 0x00000000569d4800 DEOPT UNPACKING pc=0x000000000294582a sp=0x0000000057eceb38 mode 2
Event: 4.538 Executing VM operation: ParallelGCFailedAllocation
Event: 4.855 Executing VM operation: ParallelGCFailedAllocation done


Dynamic libraries:
0x000000013fed0000 - 0x000000013ff07000 	C:\Program Files\Java\jdk1.8.0_66\bin\java.exe
0x0000000076d00000 - 0x0000000076ea9000 	C:\Windows\SYSTEM32\ntdll.dll
0x0000000076be0000 - 0x0000000076cff000 	C:\Windows\system32\kernel32.dll
0x000007fefce40000 - 0x000007fefceab000 	C:\Windows\system32\KERNELBASE.dll
0x000007fefd6f0000 - 0x000007fefd7cb000 	C:\Windows\system32\ADVAPI32.dll
0x000007fefdd20000 - 0x000007fefddbf000 	C:\Windows\system32\msvcrt.dll
0x000007fefdb70000 - 0x000007fefdb8f000 	C:\Windows\SYSTEM32\sechost.dll
0x000007fefd560000 - 0x000007fefd68d000 	C:\Windows\system32\RPCRT4.dll
0x0000000076ae0000 - 0x0000000076bda000 	C:\Windows\system32\USER32.dll
0x000007fefd820000 - 0x000007fefd887000 	C:\Windows\system32\GDI32.dll
0x000007feff000000 - 0x000007feff00e000 	C:\Windows\system32\LPK.dll
0x000007fefddc0000 - 0x000007fefde89000 	C:\Windows\system32\USP10.dll
0x000007fefb610000 - 0x000007fefb804000 	C:\Windows\WinSxS\amd64_microsoft.windows.common-controls_6595b64144ccf1df_6.0.7601.17514_none_fa396087175ac9ac\COMCTL32.dll
0x000007fefd890000 - 0x000007fefd901000 	C:\Windows\system32\SHLWAPI.dll
0x000007fefdc10000 - 0x000007fefdc3e000 	C:\Windows\system32\IMM32.DLL
0x000007fefeef0000 - 0x000007fefeff9000 	C:\Windows\system32\MSCTF.dll
0x000000005b050000 - 0x000000005b122000 	C:\Program Files\Java\jdk1.8.0_66\jre\bin\msvcr100.dll
0x0000000077770000 - 0x0000000077ff9000 	C:\Program Files\Java\jdk1.8.0_66\jre\bin\server\jvm.dll
0x000007fef5eb0000 - 0x000007fef5eb9000 	C:\Windows\system32\WSOCK32.dll
0x000007fefd7d0000 - 0x000007fefd81d000 	C:\Windows\system32\WS2_32.dll
0x000007fefd4b0000 - 0x000007fefd4b8000 	C:\Windows\system32\NSI.dll
0x000007fef9c90000 - 0x000007fef9ccb000 	C:\Windows\system32\WINMM.dll
0x000007fefc560000 - 0x000007fefc56c000 	C:\Windows\system32\VERSION.dll
0x0000000076ec0000 - 0x0000000076ec7000 	C:\Windows\system32\PSAPI.DLL
0x000000006baa0000 - 0x000000006baaf000 	C:\Program Files\Java\jdk1.8.0_66\jre\bin\verify.dll
0x000000006b5c0000 - 0x000000006b5e9000 	C:\Program Files\Java\jdk1.8.0_66\jre\bin\java.dll
0x000000006b600000 - 0x000000006b616000 	C:\Program Files\Java\jdk1.8.0_66\jre\bin\zip.dll
0x000007fefe010000 - 0x000007fefed98000 	C:\Windows\system32\SHELL32.dll
0x000007fefd0c0000 - 0x000007fefd2c3000 	C:\Windows\system32\ole32.dll
0x000007fefcc50000 - 0x000007fefcc5f000 	C:\Windows\system32\profapi.dll

VM Arguments:
jvm_args: -Djava.awt.headless=true -Xmx1024M -Dfile.encoding=x-windows-950 -Duser.country=TW -Duser.language=zh -Duser.variant 
java_command: com.android.dx.command.Main --dex --num-threads=4 --output C:\Users\awei\Desktop\AweiNO1\app\build\intermediates\pre-dexed\debug\mongo-java-driver-3.2.1_d1ffdcff5e17d6eca4fe21434c2c3a603d81f451.jar C:\Users\awei\.gradle\caches\modules-2\files-2.1\org.mongodb\mongo-java-driver\3.2.1\3c505a227b802310c8d1a75675127c0ac5cff245\mongo-java-driver-3.2.1.jar
java_class_path (initial): C:\Users\awei\AppData\Local\Android\sdk1\build-tools\23.0.2\lib\dx.jar
Launcher Type: SUN_STANDARD

Environment Variables:
JAVA_HOME=C:\Program Files\Java\jdk1.8.0_66
PATH=C:\ProgramData\Oracle\Java\javapath;C:\Program Files (x86)\NVIDIA Corporation\PhysX\Common;C:\Windows\system32;C:\Windows;C:\Windows\System32\Wbem;C:\Windows\System32\WindowsPowerShell\v1.0\;C:\Program Files (x86)\QuickTime\QTSystem\
USERNAME=awei
OS=Windows_NT
PROCESSOR_IDENTIFIER=Intel64 Family 6 Model 26 Stepping 5, GenuineIntel



---------------  S Y S T E M  ---------------

OS: Windows 7 , 64 bit Build 7601 (6.1.7601.17514)

CPU:total 8 (4 cores per cpu, 2 threads per core) family 6 model 26 stepping 5, cmov, cx8, fxsr, mmx, sse, sse2, sse3, ssse3, sse4.1, sse4.2, popcnt, ht, tsc, tscinvbit, tscinv

Memory: 4k page, physical 8379512k(513916k free), swap 10987508k(6192k free)

vm_info: Java HotSpot(TM) 64-Bit Server VM (25.66-b18) for windows-amd64 JRE (1.8.0_66-b18), built on Nov  9 2015 10:51:13 by "java_re" with MS VC++ 10.0 (VS2010)

time: Sun Feb 14 15:15:47 2016
elapsed time: 5 seconds (0d 0h 0m 5s)

