#
# There is insufficient memory for the Java Runtime Environment to continue.
# Native memory allocation (malloc) failed to allocate 1542096 bytes for Chunk::new
# Possible reasons:
#   The system is out of physical RAM or swap space
#   In 32 bit mode, the process size limit was hit
# Possible solutions:
#   Reduce memory load on the system
#   Increase physical memory or swap space
#   Check if swap backing store is full
#   Use 64 bit Java on a 64 bit OS
#   Decrease Java heap size (-Xmx/-Xms)
#   Decrease number of Java threads
#   Decrease Java thread stack sizes (-Xss)
#   Set larger code cache with -XX:ReservedCodeCacheSize=
# This output file may be truncated or incomplete.
#
#  Out of Memory Error (allocation.cpp:390), pid=7044, tid=9512
#
# JRE version: Java(TM) SE Runtime Environment (8.0_66-b18) (build 1.8.0_66-b18)
# Java VM: Java HotSpot(TM) 64-Bit Server VM (25.66-b18 mixed mode windows-amd64 compressed oops)
# Failed to write core dump. Minidumps are not enabled by default on client versions of Windows
#

---------------  T H R E A D  ---------------

Current thread (0x0000000056830000):  JavaThread "C2 CompilerThread1" daemon [_thread_in_native, id=9512, stack(0x0000000057ed0000,0x0000000057fd0000)]

Stack: [0x0000000057ed0000,0x0000000057fd0000]
[error occurred during error reporting (printing stack bounds), id 0xc0000005]

Native frames: (J=compiled Java code, j=interpreted, Vv=VM code, C=native code)


Current CompileTask:
C2:   3418 1458   !   4       com.android.dx.cf.code.BytecodeArray::parseInstruction (2764 bytes)


---------------  P R O C E S S  ---------------

Java Threads: ( => current thread )
  0x0000000058829000 JavaThread "pool-1-thread-4" [_thread_in_Java, id=9740, stack(0x0000000059350000,0x0000000059450000)]
  0x0000000058826800 JavaThread "pool-1-thread-3" [_thread_in_Java, id=9736, stack(0x00000000594d0000,0x00000000595d0000)]
  0x0000000058826000 JavaThread "pool-1-thread-2" [_thread_in_Java, id=9732, stack(0x0000000059220000,0x0000000059320000)]
  0x0000000058825000 JavaThread "pool-2-thread-1" [_thread_blocked, id=9728, stack(0x00000000590d0000,0x00000000591d0000)]
  0x0000000058824800 JavaThread "pool-1-thread-1" [_thread_in_Java, id=9724, stack(0x0000000058100000,0x0000000058200000)]
  0x00000000568bf800 JavaThread "Service Thread" daemon [_thread_blocked, id=9572, stack(0x0000000058500000,0x0000000058600000)]
  0x000000005683b000 JavaThread "C1 CompilerThread3" daemon [_thread_in_native, id=9532, stack(0x00000000583e0000,0x00000000584e0000)]
  0x0000000056834000 JavaThread "C2 CompilerThread2" daemon [_thread_in_native, id=9516, stack(0x0000000058280000,0x0000000058380000)]
=>0x0000000056830000 JavaThread "C2 CompilerThread1" daemon [_thread_in_native, id=9512, stack(0x0000000057ed0000,0x0000000057fd0000)]
  0x000000005682a800 JavaThread "C2 CompilerThread0" daemon [_thread_in_native, id=9508, stack(0x0000000057ff0000,0x00000000580f0000)]
  0x0000000056821800 JavaThread "Attach Listener" daemon [_thread_blocked, id=9500, stack(0x0000000057d60000,0x0000000057e60000)]
  0x0000000056820800 JavaThread "Signal Dispatcher" daemon [_thread_blocked, id=9492, stack(0x0000000057b90000,0x0000000057c90000)]
  0x000000005575f000 JavaThread "Finalizer" daemon [_thread_blocked, id=9300, stack(0x0000000057930000,0x0000000057a30000)]
  0x0000000055758000 JavaThread "Reference Handler" daemon [_thread_blocked, id=9296, stack(0x0000000057a30000,0x0000000057b30000)]
  0x000000000256e000 JavaThread "main" [_thread_in_vm, id=8768, stack(0x0000000002760000,0x0000000002860000)]

Other Threads:
  0x00000000567c3000 VMThread [stack: 0x0000000057740000,0x0000000057840000] [id=9292]
  0x0000000056869800 WatcherThread [stack: 0x0000000058720000,0x0000000058820000] [id=9584]

VM state:not at safepoint (normal execution)

VM Mutex/Monitor currently owned by a thread: None

Heap:
 PSYoungGen      total 71680K, used 28014K [0x00000000eab00000, 0x00000000ef600000, 0x0000000100000000)
  eden space 66560K, 34% used [0x00000000eab00000,0x00000000ec15faf0,0x00000000eec00000)
  from space 5120K, 99% used [0x00000000ef100000,0x00000000ef5fc078,0x00000000ef600000)
  to   space 5120K, 0% used [0x00000000eec00000,0x00000000eec00000,0x00000000ef100000)
 ParOldGen       total 87552K, used 6300K [0x00000000c0000000, 0x00000000c5580000, 0x00000000eab00000)
  object space 87552K, 7% used [0x00000000c0000000,0x00000000c0627030,0x00000000c5580000)
 Metaspace       used 6176K, capacity 7030K, committed 7296K, reserved 1056768K
  class space    used 603K, capacity 622K, committed 640K, reserved 1048576K

Card table byte_map: [0x0000000011c20000,0x0000000011e30000] byte_map_base: 0x0000000011620000

Marking Bits: (ParMarkBitMap*) 0x000000005bc5a5b0
 Begin Bits: [0x0000000012b70000, 0x0000000013b70000)
 End Bits:   [0x0000000013b70000, 0x0000000014b70000)

Polling page: 0x00000000001d0000

CodeCache: size=245760Kb used=5786Kb max_used=5786Kb free=239973Kb
 bounds [0x0000000002860000, 0x0000000002e10000, 0x0000000011860000]
 total_blobs=1727 nmethods=1456 adapters=184
 compilation: enabled

Compilation events (10 events):
Event: 3.414 Thread 0x000000005683b000 nmethod 1511 0x0000000002e06690 code [0x0000000002e06860, 0x0000000002e06ce8]
Event: 3.414 Thread 0x000000005683b000 1507       2       com.android.dx.ssa.SsaMethod::setBackMode (16 bytes)
Event: 3.414 Thread 0x000000005683b000 nmethod 1507 0x0000000002e07090 code [0x0000000002e071e0, 0x0000000002e07350]
Event: 3.414 Thread 0x000000005683b000 1509       2       com.android.dx.ssa.back.SsaToRop::removeEmptyGotos (26 bytes)
Event: 3.414 Thread 0x000000005683b000 nmethod 1509 0x0000000002e073d0 code [0x0000000002e07540, 0x0000000002e07748]
Event: 3.414 Thread 0x000000005683b000 1501       2       com.android.dx.ssa.back.FirstFitLocalCombiningAllocator::allocateRegisters (37 bytes)
Event: 3.415 Thread 0x000000005683b000 nmethod 1501 0x0000000002e07850 code [0x0000000002e07a00, 0x0000000002e07cd8]
Event: 3.415 Thread 0x000000005683b000 1502       2       com.android.dx.ssa.back.FirstFitLocalCombiningAllocator::analyzeInstructions (16 bytes)
Event: 3.415 Thread 0x000000005683b000 nmethod 1502 0x0000000002e07e90 code [0x0000000002e08000, 0x0000000002e081e8]
Event: 3.415 Thread 0x000000005683b000 1503       2       com.android.dx.ssa.back.FirstFitLocalCombiningAllocator$1::<init> (10 bytes)

GC Heap History (4 events):
Event: 2.005 GC heap before
{Heap before GC invocations=1 (full 0):
 PSYoungGen      total 38400K, used 33280K [0x00000000eab00000, 0x00000000ed580000, 0x0000000100000000)
  eden space 33280K, 100% used [0x00000000eab00000,0x00000000ecb80000,0x00000000ecb80000)
  from space 5120K, 0% used [0x00000000ed080000,0x00000000ed080000,0x00000000ed580000)
  to   space 5120K, 0% used [0x00000000ecb80000,0x00000000ecb80000,0x00000000ed080000)
 ParOldGen       total 87552K, used 0K [0x00000000c0000000, 0x00000000c5580000, 0x00000000eab00000)
  object space 87552K, 0% used [0x00000000c0000000,0x00000000c0000000,0x00000000c5580000)
 Metaspace       used 5982K, capacity 6902K, committed 7040K, reserved 1056768K
  class space    used 602K, capacity 622K, committed 640K, reserved 1048576K
Event: 2.464 GC heap after
Heap after GC invocations=1 (full 0):
 PSYoungGen      total 38400K, used 5104K [0x00000000eab00000, 0x00000000ef600000, 0x0000000100000000)
  eden space 33280K, 0% used [0x00000000eab00000,0x00000000eab00000,0x00000000ecb80000)
  from space 5120K, 99% used [0x00000000ecb80000,0x00000000ed07c098,0x00000000ed080000)
  to   space 5120K, 0% used [0x00000000ef100000,0x00000000ef100000,0x00000000ef600000)
 ParOldGen       total 87552K, used 1753K [0x00000000c0000000, 0x00000000c5580000, 0x00000000eab00000)
  object space 87552K, 2% used [0x00000000c0000000,0x00000000c01b6538,0x00000000c5580000)
 Metaspace       used 5982K, capacity 6902K, committed 7040K, reserved 1056768K
  class space    used 602K, capacity 622K, committed 640K, reserved 1048576K
}
Event: 3.102 GC heap before
{Heap before GC invocations=2 (full 0):
 PSYoungGen      total 38400K, used 38384K [0x00000000eab00000, 0x00000000ef600000, 0x0000000100000000)
  eden space 33280K, 100% used [0x00000000eab00000,0x00000000ecb80000,0x00000000ecb80000)
  from space 5120K, 99% used [0x00000000ecb80000,0x00000000ed07c098,0x00000000ed080000)
  to   space 5120K, 0% used [0x00000000ef100000,0x00000000ef100000,0x00000000ef600000)
 ParOldGen       total 87552K, used 1753K [0x00000000c0000000, 0x00000000c5580000, 0x00000000eab00000)
  object space 87552K, 2% used [0x00000000c0000000,0x00000000c01b6538,0x00000000c5580000)
 Metaspace       used 6133K, capacity 7030K, committed 7296K, reserved 1056768K
  class space    used 602K, capacity 622K, committed 640K, reserved 1048576K
Event: 3.222 GC heap after
Heap after GC invocations=2 (full 0):
 PSYoungGen      total 71680K, used 5104K [0x00000000eab00000, 0x00000000ef600000, 0x0000000100000000)
  eden space 66560K, 0% used [0x00000000eab00000,0x00000000eab00000,0x00000000eec00000)
  from space 5120K, 99% used [0x00000000ef100000,0x00000000ef5fc078,0x00000000ef600000)
  to   space 5120K, 0% used [0x00000000eec00000,0x00000000eec00000,0x00000000ef100000)
 ParOldGen       total 87552K, used 6300K [0x00000000c0000000, 0x00000000c5580000, 0x00000000eab00000)
  object space 87552K, 7% used [0x00000000c0000000,0x00000000c0627030,0x00000000c5580000)
 Metaspace       used 6133K, capacity 7030K, committed 7296K, reserved 1056768K
  class space    used 602K, capacity 622K, committed 640K, reserved 1048576K
}

Deoptimization events (10 events):
Event: 3.340 Thread 0x0000000058826000 Uncommon trap: reason=class_check action=maybe_recompile pc=0x0000000002dd7d00 method=com.android.dx.cf.code.BytecodeArray.parseInstruction(ILcom/android/dx/cf/code/BytecodeArray$Visitor;)I @ 1837
Event: 3.340 Thread 0x0000000058826000 Uncommon trap: reason=class_check action=maybe_recompile pc=0x0000000002dd7d00 method=com.android.dx.cf.code.BytecodeArray.parseInstruction(ILcom/android/dx/cf/code/BytecodeArray$Visitor;)I @ 1837
Event: 3.350 Thread 0x0000000058826000 Uncommon trap: reason=class_check action=maybe_recompile pc=0x0000000002dd7d00 method=com.android.dx.cf.code.BytecodeArray.parseInstruction(ILcom/android/dx/cf/code/BytecodeArray$Visitor;)I @ 1837
Event: 3.350 Thread 0x0000000058826000 Uncommon trap: reason=class_check action=maybe_recompile pc=0x0000000002dd7d00 method=com.android.dx.cf.code.BytecodeArray.parseInstruction(ILcom/android/dx/cf/code/BytecodeArray$Visitor;)I @ 1837
Event: 3.359 Thread 0x000000000256e000 Uncommon trap: reason=unstable_if action=reinterpret pc=0x0000000002c7374c method=com.android.dx.ssa.SsaMethod.updateOneDefinition(Lcom/android/dx/ssa/SsaInsn;Lcom/android/dx/rop/code/RegisterSpec;)V @ 4
Event: 3.365 Thread 0x0000000058826000 Uncommon trap: reason=bimorphic action=maybe_recompile pc=0x0000000002c33714 method=java.util.HashMap.getNode(ILjava/lang/Object;)Ljava/util/HashMap$Node; @ 126
Event: 3.365 Thread 0x0000000058826000 Uncommon trap: reason=bimorphic action=maybe_recompile pc=0x0000000002c33714 method=java.util.HashMap.getNode(ILjava/lang/Object;)Ljava/util/HashMap$Node; @ 126
Event: 3.381 Thread 0x000000000256e000 Uncommon trap: reason=unstable_if action=reinterpret pc=0x0000000002ca616c method=com.android.dx.util.IntList.binarysearch(I)I @ 105
Event: 3.381 Thread 0x000000000256e000 Uncommon trap: reason=null_check action=make_not_entrant pc=0x0000000002b9e990 method=com.android.dx.rop.type.Type.equals(Ljava/lang/Object;)Z @ 8
Event: 3.381 Thread 0x000000000256e000 Uncommon trap: reason=unstable_if action=reinterpret pc=0x0000000002de6c70 method=com.android.dx.cf.code.Merger.mergeType(Lcom/android/dx/rop/type/TypeBearer;Lcom/android/dx/rop/type/TypeBearer;)Lcom/android/dx/rop/type/TypeBearer; @ 15

Internal exceptions (4 events):
Event: 0.078 Thread 0x000000000256e000 Exception <a 'java/lang/NoSuchMethodError': Method sun.misc.Unsafe.defineClass(Ljava/lang/String;[BII)Ljava/lang/Class; name or signature does not match> (0x00000000eab13080) thrown at [C:\re\workspace\8-2-build-windows-amd64-cygwin\jdk8u66\5298\hotspot\sr„8∏^¥?
Event: 0.078 Thread 0x000000000256e000 Exception <a 'java/lang/NoSuchMethodError': Method sun.misc.Unsafe.prefetchRead(Ljava/lang/Object;J)V name or signature does not match> (0x00000000eab13368) thrown at [C:\re\workspace\8-2-build-windows-amd64-cygwin\jdk8u66\5298\hotspot\src\share\vm\prims\jçª@÷ù{˚?
Event: 1.718 Thread 0x0000000058826000 Implicit null exception at 0x0000000002b2151e to 0x0000000002b2305d
Event: 3.381 Thread 0x000000000256e000 Implicit null exception at 0x0000000002b9e892 to 0x0000000002b9e982

Events (10 events):
Event: 3.381 Thread 0x000000000256e000 Uncommon trap: trap_request=0xfffffff4 fr.pc=0x0000000002b9e990
Event: 3.381 Thread 0x000000000256e000 DEOPT PACKING pc=0x0000000002b9e990 sp=0x000000000285dc90
Event: 3.381 Thread 0x000000000256e000 DEOPT UNPACKING pc=0x00000000028a582a sp=0x000000000285dc18 mode 2
Event: 3.381 Thread 0x000000000256e000 Uncommon trap: trap_request=0xffffff65 fr.pc=0x0000000002de6c70
Event: 3.381 Thread 0x000000000256e000 DEOPT PACKING pc=0x0000000002de6c70 sp=0x000000000285dcb0
Event: 3.381 Thread 0x000000000256e000 DEOPT UNPACKING pc=0x00000000028a582a sp=0x000000000285dc40 mode 2
Event: 3.392 Thread 0x0000000058829000 DEOPT PACKING pc=0x0000000002da0070 sp=0x000000005944ead0
Event: 3.392 Thread 0x0000000058829000 DEOPT UNPACKING pc=0x00000000028a747f sp=0x000000005944e890 mode 0
Event: 3.408 Thread 0x0000000058829000 DEOPT PACKING pc=0x0000000002ba5175 sp=0x000000005944ed30
Event: 3.408 Thread 0x0000000058829000 DEOPT UNPACKING pc=0x00000000028a747f sp=0x000000005944eac8 mode 0


Dynamic libraries:
0x000000013f4e0000 - 0x000000013f517000 	C:\Program Files\Java\jdk1.8.0_66\bin\java.exe
0x0000000076d00000 - 0x0000000076ea9000 	C:\Windows\SYSTEM32\ntdll.dll
0x0000000076be0000 - 0x0000000076cff000 	C:\Windows\system32\kernel32.dll
0x000007fefce40000 - 0x000007fefceab000 	C:\Windows\system32\KERNELBASE.dll
0x000007fefd6f0000 - 0x000007fefd7cb000 	C:\Windows\system32\ADVAPI32.dll
0x000007fefdd20000 - 0x000007fefddbf000 	C:\Windows\system32\msvcrt.dll
0x000007fefdb70000 - 0x000007fefdb8f000 	C:\Windows\SYSTEM32\sechost.dll
0x000007fefd560000 - 0x000007fefd68d000 	C:\Windows\system32\RPCRT4.dll
0x0000000076ae0000 - 0x0000000076bda000 	C:\Windows\system32\USER32.dll
0x000007fefd820000 - 0x000007fefd887000 	C:\Windows\system32\GDI32.dll
0x000007feff000000 - 0x000007feff00e000 	C:\Windows\system32\LPK.dll
0x000007fefddc0000 - 0x000007fefde89000 	C:\Windows\system32\USP10.dll
0x000007fefb610000 - 0x000007fefb804000 	C:\Windows\WinSxS\amd64_microsoft.windows.common-controls_6595b64144ccf1df_6.0.7601.17514_none_fa396087175ac9ac\COMCTL32.dll
0x000007fefd890000 - 0x000007fefd901000 	C:\Windows\system32\SHLWAPI.dll
0x000007fefdc10000 - 0x000007fefdc3e000 	C:\Windows\system32\IMM32.DLL
0x000007fefeef0000 - 0x000007fefeff9000 	C:\Windows\system32\MSCTF.dll
0x000000005cab0000 - 0x000000005cb82000 	C:\Program Files\Java\jdk1.8.0_66\jre\bin\msvcr100.dll
0x000000005b450000 - 0x000000005bcd9000 	C:\Program Files\Java\jdk1.8.0_66\jre\bin\server\jvm.dll
0x000007fef5eb0000 - 0x000007fef5eb9000 	C:\Windows\system32\WSOCK32.dll
0x000007fefd7d0000 - 0x000007fefd81d000 	C:\Windows\system32\WS2_32.dll
0x000007fefd4b0000 - 0x000007fefd4b8000 	C:\Windows\system32\NSI.dll
0x000007fef9c90000 - 0x000007fef9ccb000 	C:\Windows\system32\WINMM.dll
0x000007fefc560000 - 0x000007fefc56c000 	C:\Windows\system32\VERSION.dll
0x0000000076ec0000 - 0x0000000076ec7000 	C:\Windows\system32\PSAPI.DLL
0x000000006bc90000 - 0x000000006bc9f000 	C:\Program Files\Java\jdk1.8.0_66\jre\bin\verify.dll
0x000000006b5f0000 - 0x000000006b619000 	C:\Program Files\Java\jdk1.8.0_66\jre\bin\java.dll
0x000000006b5d0000 - 0x000000006b5e6000 	C:\Program Files\Java\jdk1.8.0_66\jre\bin\zip.dll
0x000007fefe010000 - 0x000007fefed98000 	C:\Windows\system32\SHELL32.dll
0x000007fefd0c0000 - 0x000007fefd2c3000 	C:\Windows\system32\ole32.dll
0x000007fefcc50000 - 0x000007fefcc5f000 	C:\Windows\system32\profapi.dll

VM Arguments:
jvm_args: -Djava.awt.headless=true -Xmx1024M -Dfile.encoding=x-windows-950 -Duser.country=TW -Duser.language=zh -Duser.variant 
java_command: com.android.dx.command.Main --dex --num-threads=4 --output C:\Users\awei\Desktop\AweiNO1\app\build\intermediates\pre-dexed\debug\com.google.android.gms-play-services-plus-8.4.0_e411a50093e986ce8a14a97d716ce21634efba60.jar C:\Users\awei\Desktop\AweiNO1\app\build\intermediates\exploded-aar\com.google.android.gms\play-services-plus\8.4.0\jars\classes.jar
java_class_path (initial): C:\Users\awei\AppData\Local\Android\sdk1\build-tools\23.0.2\lib\dx.jar
Launcher Type: SUN_STANDARD

Environment Variables:
JAVA_HOME=C:\Program Files\Java\jdk1.8.0_66
PATH=C:\ProgramData\Oracle\Java\javapath;C:\Program Files (x86)\NVIDIA Corporation\PhysX\Common;C:\Windows\system32;C:\Windows;C:\Windows\System32\Wbem;C:\Windows\System32\WindowsPowerShell\v1.0\;C:\Program Files (x86)\QuickTime\QTSystem\
USERNAME=awei
OS=Windows_NT
PROCESSOR_IDENTIFIER=Intel64 Family 6 Model 26 Stepping 5, GenuineIntel



---------------  S Y S T E M  ---------------

OS: Windows 7 , 64 bit Build 7601 (6.1.7601.17514)

CPU:total 8 (4 cores per cpu, 2 threads per core) family 6 model 26 stepping 5, cmov, cx8, fxsr, mmx, sse, sse2, sse3, ssse3, sse4.1, sse4.2, popcnt, ht, tsc, tscinvbit, tscinv

Memory: 4k page, physical 8379512k(126172k free), swap 10987508k(6160k free)

vm_info: Java HotSpot(TM) 64-Bit Server VM (25.66-b18) for windows-amd64 JRE (1.8.0_66-b18), built on Nov  9 2015 10:51:13 by "java_re" with MS VC++ 10.0 (VS2010)

time: Sun Feb 14 15:09:07 2016
elapsed time: 3 seconds (0d 0h 0m 3s)

