#
# There is insufficient memory for the Java Runtime Environment to continue.
# Native memory allocation (malloc) failed to allocate 48608 bytes for Chunk::new
# Possible reasons:
#   The system is out of physical RAM or swap space
#   In 32 bit mode, the process size limit was hit
# Possible solutions:
#   Reduce memory load on the system
#   Increase physical memory or swap space
#   Check if swap backing store is full
#   Use 64 bit Java on a 64 bit OS
#   Decrease Java heap size (-Xmx/-Xms)
#   Decrease number of Java threads
#   Decrease Java thread stack sizes (-Xss)
#   Set larger code cache with -XX:ReservedCodeCacheSize=
# This output file may be truncated or incomplete.
#
#  Out of Memory Error (allocation.cpp:390), pid=6504, tid=5240
#
# JRE version: Java(TM) SE Runtime Environment (8.0_66-b18) (build 1.8.0_66-b18)
# Java VM: Java HotSpot(TM) 64-Bit Server VM (25.66-b18 mixed mode windows-amd64 compressed oops)
# Failed to write core dump. Minidumps are not enabled by default on client versions of Windows
#

---------------  T H R E A D  ---------------

Current thread (0x0000000001bae000):  JavaThread "main" [_thread_in_native, id=5240, stack(0x0000000002610000,0x0000000002710000)]

Stack: [0x0000000002610000,0x0000000002710000]
[error occurred during error reporting (printing stack bounds), id 0xc0000005]

Native frames: (J=compiled Java code, j=interpreted, Vv=VM code, C=native code)

Java frames: (J=compiled Java code, j=interpreted, Vv=VM code)
j  sun.util.locale.LocaleObjectCache.<init>(IFI)V+16
j  sun.util.locale.LocaleObjectCache.<init>()V+7
j  java.util.Locale$Cache.<init>()V+1
j  java.util.Locale$Cache.<init>(Ljava/util/Locale$1;)V+1
j  java.util.Locale.<clinit>()V+21
v  ~StubRoutines::call_stub
j  java.io.WinNTFileSystem.hashCode(Ljava/io/File;)I+4
j  java.io.File.hashCode()I+4
j  java.util.HashMap.hash(Ljava/lang/Object;)I+9
j  java.util.HashMap.put(Ljava/lang/Object;Ljava/lang/Object;)Ljava/lang/Object;+2
j  sun.misc.MetaIndex.registerDirectory(Ljava/io/File;)V+178
j  sun.misc.Launcher$ExtClassLoader$1.run()Lsun/misc/Launcher$ExtClassLoader;+19
j  sun.misc.Launcher$ExtClassLoader$1.run()Ljava/lang/Object;+1
v  ~StubRoutines::call_stub
j  java.security.AccessController.doPrivileged(Ljava/security/PrivilegedExceptionAction;)Ljava/lang/Object;+0
j  sun.misc.Launcher$ExtClassLoader.getExtClassLoader()Lsun/misc/Launcher$ExtClassLoader;+12
j  sun.misc.Launcher.<init>()V+4
j  sun.misc.Launcher.<clinit>()V+15
v  ~StubRoutines::call_stub
j  java.lang.ClassLoader.initSystemClassLoader()V+22
j  java.lang.ClassLoader.getSystemClassLoader()Ljava/lang/ClassLoader;+0
v  ~StubRoutines::call_stub

---------------  P R O C E S S  ---------------

Java Threads: ( => current thread )
  0x00000000557c5000 JavaThread "Finalizer" daemon [_thread_blocked, id=6472, stack(0x0000000057af0000,0x0000000057bf0000)]
  0x00000000024ff800 JavaThread "Reference Handler" daemon [_thread_blocked, id=956, stack(0x0000000057980000,0x0000000057a80000)]
=>0x0000000001bae000 JavaThread "main" [_thread_in_native, id=5240, stack(0x0000000002610000,0x0000000002710000)]

Other Threads:
  0x00000000024fc800 VMThread [stack: 0x0000000057720000,0x0000000057820000] [id=8540]

VM state:not at safepoint (normal execution)

VM Mutex/Monitor currently owned by a thread: None

Heap:
 PSYoungGen      total 38400K, used 665K [0x00000000eab00000, 0x00000000ed580000, 0x0000000100000000)
  eden space 33280K, 2% used [0x00000000eab00000,0x00000000eaba6670,0x00000000ecb80000)
  from space 5120K, 0% used [0x00000000ed080000,0x00000000ed080000,0x00000000ed580000)
  to   space 5120K, 0% used [0x00000000ecb80000,0x00000000ecb80000,0x00000000ed080000)
 ParOldGen       total 87552K, used 0K [0x00000000c0000000, 0x00000000c5580000, 0x00000000eab00000)
  object space 87552K, 0% used [0x00000000c0000000,0x00000000c0000000,0x00000000c5580000)
 Metaspace       used 1927K, capacity 4480K, committed 4480K, reserved 1056768K
  class space    used 210K, capacity 384K, committed 384K, reserved 1048576K

Card table byte_map: [0x0000000011ad0000,0x0000000011ce0000] byte_map_base: 0x00000000114d0000

Marking Bits: (ParMarkBitMap*) 0x000000005b36a5b0
 Begin Bits: [0x0000000012be0000, 0x0000000013be0000)
 End Bits:   [0x0000000013be0000, 0x0000000014be0000)

Polling page: 0x0000000000240000

CodeCache: size=245760Kb used=426Kb max_used=426Kb free=245333Kb
 bounds [0x0000000002710000, 0x0000000002980000, 0x0000000011710000]
 total_blobs=150 nmethods=0 adapters=117
 compilation: enabled

Compilation events (0 events):
No events

GC Heap History (0 events):
No events

Deoptimization events (0 events):
No events

Internal exceptions (2 events):
Event: 0.062 Thread 0x0000000001bae000 Exception <a 'java/lang/NoSuchMethodError': Method sun.misc.Unsafe.defineClass(Ljava/lang/String;[BII)Ljava/lang/Class; name or signature does not match> (0x00000000eab13080) thrown at [C:\re\workspace\8-2-build-windows-amd64-cygwin\jdk8u66\5298\hotspot\srCmqPÙ≈Ø?
Event: 0.062 Thread 0x0000000001bae000 Exception <a 'java/lang/NoSuchMethodError': Method sun.misc.Unsafe.prefetchRead(Ljava/lang/Object;J)V name or signature does not match> (0x00000000eab13368) thrown at [C:\re\workspace\8-2-build-windows-amd64-cygwin\jdk8u66\5298\hotspot\src\share\vm\prims\j

Events (10 events):
Event: 0.906 loading class sun/nio/cs/StreamDecoder done
Event: 0.910 loading class java/lang/reflect/Array
Event: 0.910 loading class java/lang/reflect/Array done
Event: 0.910 loading class java/util/Locale
Event: 0.910 loading class java/util/Locale done
Event: 0.911 loading class java/util/Locale$Cache
Event: 0.911 loading class sun/util/locale/LocaleObjectCache
Event: 0.911 loading class sun/util/locale/LocaleObjectCache done
Event: 0.911 loading class java/util/Locale$Cache done
Event: 0.911 loading class java/util/concurrent/ConcurrentHashMap


Dynamic libraries:
0x000000013f4c0000 - 0x000000013f4f7000 	C:\Program Files\Java\jdk1.8.0_66\bin\java.exe
0x0000000076de0000 - 0x0000000076f89000 	C:\Windows\SYSTEM32\ntdll.dll
0x0000000076bc0000 - 0x0000000076cdf000 	C:\Windows\system32\kernel32.dll
0x000007fefcff0000 - 0x000007fefd05b000 	C:\Windows\system32\KERNELBASE.dll
0x000007fefebc0000 - 0x000007fefec9b000 	C:\Windows\system32\ADVAPI32.dll
0x000007fefd980000 - 0x000007fefda1f000 	C:\Windows\system32\msvcrt.dll
0x000007fefd100000 - 0x000007fefd11f000 	C:\Windows\SYSTEM32\sechost.dll
0x000007fefeca0000 - 0x000007fefedcd000 	C:\Windows\system32\RPCRT4.dll
0x0000000076ce0000 - 0x0000000076dda000 	C:\Windows\system32\USER32.dll
0x000007fefd130000 - 0x000007fefd197000 	C:\Windows\system32\GDI32.dll
0x000007fefd120000 - 0x000007fefd12e000 	C:\Windows\system32\LPK.dll
0x000007fefe8e0000 - 0x000007fefe9a9000 	C:\Windows\system32\USP10.dll
0x000007fefb6f0000 - 0x000007fefb8e4000 	C:\Windows\WinSxS\amd64_microsoft.windows.common-controls_6595b64144ccf1df_6.0.7601.17514_none_fa396087175ac9ac\COMCTL32.dll
0x000007fefd7a0000 - 0x000007fefd811000 	C:\Windows\system32\SHLWAPI.dll
0x000007fefefb0000 - 0x000007fefefde000 	C:\Windows\system32\IMM32.DLL
0x000007fefefe0000 - 0x000007feff0e9000 	C:\Windows\system32\MSCTF.dll
0x000000005a8c0000 - 0x000000005a992000 	C:\Program Files\Java\jdk1.8.0_66\jre\bin\msvcr100.dll
0x000000005ab60000 - 0x000000005b3e9000 	C:\Program Files\Java\jdk1.8.0_66\jre\bin\server\jvm.dll
0x000007fef2910000 - 0x000007fef2919000 	C:\Windows\system32\WSOCK32.dll
0x000007fefd2f0000 - 0x000007fefd33d000 	C:\Windows\system32\WS2_32.dll
0x000007fefd240000 - 0x000007fefd248000 	C:\Windows\system32\NSI.dll
0x000007fefa130000 - 0x000007fefa16b000 	C:\Windows\system32\WINMM.dll
0x000007fefc640000 - 0x000007fefc64c000 	C:\Windows\system32\VERSION.dll
0x0000000076fa0000 - 0x0000000076fa7000 	C:\Windows\system32\PSAPI.DLL
0x000000006bdb0000 - 0x000000006bdbf000 	C:\Program Files\Java\jdk1.8.0_66\jre\bin\verify.dll
0x0000000067290000 - 0x00000000672b9000 	C:\Program Files\Java\jdk1.8.0_66\jre\bin\java.dll
0x000000006b990000 - 0x000000006b9a6000 	C:\Program Files\Java\jdk1.8.0_66\jre\bin\zip.dll
0x000007fefda20000 - 0x000007fefe7a8000 	C:\Windows\system32\SHELL32.dll
0x000007fefe9b0000 - 0x000007fefebb3000 	C:\Windows\system32\ole32.dll
0x000007fefcd30000 - 0x000007fefcd3f000 	C:\Windows\system32\profapi.dll

VM Arguments:
jvm_args: -Djava.awt.headless=true -Xmx1024M -Dfile.encoding=x-windows-950 -Duser.country=TW -Duser.language=zh -Duser.variant 
java_command: com.android.dx.command.Main --dex --num-threads=4 --output C:\Users\awei\Desktop\AweiNO1\app\build\intermediates\pre-dexed\debug\com.google.android.gms-play-services-nearby-8.4.0_748cfffc5b6183bcf838acff9204fb827eeaaca5.jar C:\Users\awei\Desktop\AweiNO1\app\build\intermediates\exploded-aar\com.google.android.gms\play-services-nearby\8.4.0\jars\classes.jar
java_class_path (initial): C:\Users\awei\AppData\Local\Android\sdk1\build-tools\23.0.2\lib\dx.jar
Launcher Type: SUN_STANDARD

Environment Variables:
JAVA_HOME=C:\Program Files\Java\jdk1.8.0_66
PATH=C:\ProgramData\Oracle\Java\javapath;C:\Program Files (x86)\NVIDIA Corporation\PhysX\Common;C:\Windows\system32;C:\Windows;C:\Windows\System32\Wbem;C:\Windows\System32\WindowsPowerShell\v1.0\;C:\Program Files (x86)\QuickTime\QTSystem\
USERNAME=awei
OS=Windows_NT
PROCESSOR_IDENTIFIER=Intel64 Family 6 Model 26 Stepping 5, GenuineIntel



---------------  S Y S T E M  ---------------

OS: Windows 7 , 64 bit Build 7601 (6.1.7601.17514)

CPU:total 8 (4 cores per cpu, 2 threads per core) family 6 model 26 stepping 5, cmov, cx8, fxsr, mmx, sse, sse2, sse3, ssse3, sse4.1, sse4.2, popcnt, ht, tsc, tscinvbit, tscinv

Memory: 4k page, physical 8379512k(617204k free), swap 10563684k(4972k free)

vm_info: Java HotSpot(TM) 64-Bit Server VM (25.66-b18) for windows-amd64 JRE (1.8.0_66-b18), built on Nov  9 2015 10:51:13 by "java_re" with MS VC++ 10.0 (VS2010)

time: Thu Feb 11 21:58:24 2016
elapsed time: 0 seconds (0d 0h 0m 0s)

