#
# There is insufficient memory for the Java Runtime Environment to continue.
# Native memory allocation (malloc) failed to allocate 976848 bytes for Chunk::new
# Possible reasons:
#   The system is out of physical RAM or swap space
#   In 32 bit mode, the process size limit was hit
# Possible solutions:
#   Reduce memory load on the system
#   Increase physical memory or swap space
#   Check if swap backing store is full
#   Use 64 bit Java on a 64 bit OS
#   Decrease Java heap size (-Xmx/-Xms)
#   Decrease number of Java threads
#   Decrease Java thread stack sizes (-Xss)
#   Set larger code cache with -XX:ReservedCodeCacheSize=
# This output file may be truncated or incomplete.
#
#  Out of Memory Error (allocation.cpp:390), pid=9768, tid=9724
#
# JRE version: Java(TM) SE Runtime Environment (8.0_66-b18) (build 1.8.0_66-b18)
# Java VM: Java HotSpot(TM) 64-Bit Server VM (25.66-b18 mixed mode windows-amd64 compressed oops)
# Failed to write core dump. Minidumps are not enabled by default on client versions of Windows
#

---------------  T H R E A D  ---------------

Current thread (0x00000000569c1800):  JavaThread "C2 CompilerThread1" daemon [_thread_in_native, id=9724, stack(0x0000000058370000,0x0000000058470000)]

Stack: [0x0000000058370000,0x0000000058470000]
[error occurred during error reporting (printing stack bounds), id 0xc0000005]

Native frames: (J=compiled Java code, j=interpreted, Vv=VM code, C=native code)


Current CompileTask:
C2:   3163 1238       4       com.android.dx.ssa.SCCP::simulateBranch (666 bytes)


---------------  P R O C E S S  ---------------

Java Threads: ( => current thread )
  0x0000000056cdc000 JavaThread "pool-1-thread-4" [_thread_blocked, id=9424, stack(0x0000000059810000,0x0000000059910000)]
  0x0000000056cdb800 JavaThread "pool-1-thread-3" [_thread_blocked, id=9416, stack(0x00000000596b0000,0x00000000597b0000)]
  0x0000000058c59000 JavaThread "pool-1-thread-2" [_thread_blocked, id=5896, stack(0x00000000579e0000,0x0000000057ae0000)]
  0x0000000058c56000 JavaThread "pool-2-thread-1" [_thread_blocked, id=9384, stack(0x0000000058950000,0x0000000058a50000)]
  0x0000000058c54000 JavaThread "pool-1-thread-1" [_thread_blocked, id=8280, stack(0x00000000594a0000,0x00000000595a0000)]
  0x0000000056a62000 JavaThread "Service Thread" daemon [_thread_blocked, id=9860, stack(0x0000000058840000,0x0000000058940000)]
  0x00000000569da000 JavaThread "C1 CompilerThread3" daemon [_thread_blocked, id=9932, stack(0x00000000586d0000,0x00000000587d0000)]
  0x00000000569cb000 JavaThread "C2 CompilerThread2" daemon [_thread_in_native, id=9740, stack(0x00000000584b0000,0x00000000585b0000)]
=>0x00000000569c1800 JavaThread "C2 CompilerThread1" daemon [_thread_in_native, id=9724, stack(0x0000000058370000,0x0000000058470000)]
  0x00000000569ad000 JavaThread "C2 CompilerThread0" daemon [_thread_in_native, id=9912, stack(0x0000000058190000,0x0000000058290000)]
  0x00000000569ab800 JavaThread "Attach Listener" daemon [_thread_blocked, id=2296, stack(0x0000000057fd0000,0x00000000580d0000)]
  0x00000000569aa000 JavaThread "Signal Dispatcher" daemon [_thread_blocked, id=3280, stack(0x0000000057e50000,0x0000000057f50000)]
  0x00000000558ea800 JavaThread "Finalizer" daemon [_thread_blocked, id=9636, stack(0x0000000057ca0000,0x0000000057da0000)]
  0x00000000026bf800 JavaThread "Reference Handler" daemon [_thread_blocked, id=9504, stack(0x0000000057ae0000,0x0000000057be0000)]
  0x00000000025be000 JavaThread "main" [_thread_blocked, id=9420, stack(0x00000000029d0000,0x0000000002ad0000)]

Other Threads:
  0x00000000026bc800 VMThread [stack: 0x00000000578e0000,0x00000000579e0000] [id=9496]
  0x0000000056a35000 WatcherThread [stack: 0x0000000058aa0000,0x0000000058ba0000] [id=9596]

VM state:not at safepoint (normal execution)

VM Mutex/Monitor currently owned by a thread: None

Heap:
 PSYoungGen      total 38400K, used 15949K [0x00000000eab00000, 0x00000000ed580000, 0x0000000100000000)
  eden space 33280K, 32% used [0x00000000eab00000,0x00000000eb595f28,0x00000000ecb80000)
  from space 5120K, 99% used [0x00000000ecb80000,0x00000000ed07d730,0x00000000ed080000)
  to   space 5120K, 0% used [0x00000000ed080000,0x00000000ed080000,0x00000000ed580000)
 ParOldGen       total 87552K, used 1096K [0x00000000c0000000, 0x00000000c5580000, 0x00000000eab00000)
  object space 87552K, 1% used [0x00000000c0000000,0x00000000c01120e8,0x00000000c5580000)
 Metaspace       used 6046K, capacity 6900K, committed 7040K, reserved 1056768K
  class space    used 601K, capacity 620K, committed 640K, reserved 1048576K

Card table byte_map: [0x0000000011e90000,0x00000000120a0000] byte_map_base: 0x0000000011890000

Marking Bits: (ParMarkBitMap*) 0x000000005bc5a5b0
 Begin Bits: [0x0000000012d00000, 0x0000000013d00000)
 End Bits:   [0x0000000013d00000, 0x0000000014d00000)

Polling page: 0x0000000000240000

CodeCache: size=245760Kb used=5199Kb max_used=5199Kb free=240560Kb
 bounds [0x0000000002ad0000, 0x0000000002ff0000, 0x0000000011ad0000]
 total_blobs=1588 nmethods=1318 adapters=184
 compilation: enabled

Compilation events (10 events):
Event: 3.033 Thread 0x00000000569da000 1329       3       com.android.dx.dex.code.RopTranslator$1::visitPlainCstInsn (64 bytes)
Event: 3.034 Thread 0x00000000569ad000 nmethod 1309 0x0000000002fe40d0 code [0x0000000002fe4240, 0x0000000002fe4978]
Event: 3.034 Thread 0x00000000569ad000 1328       4       com.android.dx.ssa.SCCP::simulateBlock (54 bytes)
Event: 3.034 Thread 0x00000000569da000 nmethod 1329 0x0000000002fe3590 code [0x0000000002fe3720, 0x0000000002fe3ed0]
Event: 3.034 Thread 0x00000000569da000 1330       3       com.android.dx.dex.code.RopTranslator$LocalVariableAwareTranslationVisitor::visitPlainCstInsn (11 bytes)
Event: 3.035 Thread 0x00000000569da000 nmethod 1330 0x0000000002fe2190 code [0x0000000002fe23a0, 0x0000000002fe2ed8]
Event: 3.035 Thread 0x00000000569da000 1331       3       com.android.dx.dex.code.RopTranslator$TranslationVisitor::visitPlainCstInsn (161 bytes)
Event: 3.038 Thread 0x00000000569da000 nmethod 1331 0x0000000002fe4f50 code [0x0000000002fe5300, 0x0000000002fe7738]
Event: 3.038 Thread 0x00000000569da000 1332       3       com.android.dx.ssa.DomFront::<init> (60 bytes)
Event: 3.039 Thread 0x00000000569da000 nmethod 1332 0x0000000002fe16d0 code [0x0000000002fe1860, 0x0000000002fe1e90]

GC Heap History (2 events):
Event: 2.110 GC heap before
{Heap before GC invocations=1 (full 0):
 PSYoungGen      total 38400K, used 33280K [0x00000000eab00000, 0x00000000ed580000, 0x0000000100000000)
  eden space 33280K, 100% used [0x00000000eab00000,0x00000000ecb80000,0x00000000ecb80000)
  from space 5120K, 0% used [0x00000000ed080000,0x00000000ed080000,0x00000000ed580000)
  to   space 5120K, 0% used [0x00000000ecb80000,0x00000000ecb80000,0x00000000ed080000)
 ParOldGen       total 87552K, used 0K [0x00000000c0000000, 0x00000000c5580000, 0x00000000eab00000)
  object space 87552K, 0% used [0x00000000c0000000,0x00000000c0000000,0x00000000c5580000)
 Metaspace       used 5917K, capacity 6836K, committed 7040K, reserved 1056768K
  class space    used 600K, capacity 620K, committed 640K, reserved 1048576K
Event: 2.623 GC heap after
Heap after GC invocations=1 (full 0):
 PSYoungGen      total 38400K, used 5109K [0x00000000eab00000, 0x00000000ed580000, 0x0000000100000000)
  eden space 33280K, 0% used [0x00000000eab00000,0x00000000eab00000,0x00000000ecb80000)
  from space 5120K, 99% used [0x00000000ecb80000,0x00000000ed07d730,0x00000000ed080000)
  to   space 5120K, 0% used [0x00000000ed080000,0x00000000ed080000,0x00000000ed580000)
 ParOldGen       total 87552K, used 1096K [0x00000000c0000000, 0x00000000c5580000, 0x00000000eab00000)
  object space 87552K, 1% used [0x00000000c0000000,0x00000000c01120e8,0x00000000c5580000)
 Metaspace       used 5917K, capacity 6836K, committed 7040K, reserved 1056768K
  class space    used 600K, capacity 620K, committed 640K, reserved 1048576K
}

Deoptimization events (10 events):
Event: 1.557 Thread 0x0000000056cdb800 Uncommon trap: reason=bimorphic action=maybe_recompile pc=0x0000000002d4af10 method=java.util.HashMap.getNode(ILjava/lang/Object;)Ljava/util/HashMap$Node; @ 126
Event: 1.557 Thread 0x0000000058c59000 Uncommon trap: reason=unstable_if action=reinterpret pc=0x0000000002da0858 method=java.util.HashMap.getNode(ILjava/lang/Object;)Ljava/util/HashMap$Node; @ 129
Event: 1.680 Thread 0x0000000058c59000 Uncommon trap: reason=class_check action=maybe_recompile pc=0x0000000002da3c10 method=com.android.dx.ssa.NormalSsaInsn.accept(Lcom/android/dx/ssa/SsaInsn$Visitor;)V @ 9
Event: 1.680 Thread 0x0000000058c59000 Uncommon trap: reason=class_check action=maybe_recompile pc=0x0000000002cfea60 method=com.android.dx.ssa.NormalSsaInsn.accept(Lcom/android/dx/ssa/SsaInsn$Visitor;)V @ 9
Event: 1.680 Thread 0x0000000058c59000 Uncommon trap: reason=class_check action=maybe_recompile pc=0x0000000002cfea60 method=com.android.dx.ssa.NormalSsaInsn.accept(Lcom/android/dx/ssa/SsaInsn$Visitor;)V @ 9
Event: 1.789 Thread 0x00000000025be000 Uncommon trap: reason=unstable_if action=reinterpret pc=0x0000000002e3040c method=com.android.dx.rop.code.RegisterSpecSet.put(Lcom/android/dx/rop/code/RegisterSpec;)V @ 77
Event: 1.791 Thread 0x0000000058c59000 Uncommon trap: reason=class_check action=maybe_recompile pc=0x0000000002da3c10 method=com.android.dx.ssa.NormalSsaInsn.accept(Lcom/android/dx/ssa/SsaInsn$Visitor;)V @ 9
Event: 1.791 Thread 0x0000000058c59000 Uncommon trap: reason=class_check action=maybe_recompile pc=0x0000000002cfea60 method=com.android.dx.ssa.NormalSsaInsn.accept(Lcom/android/dx/ssa/SsaInsn$Visitor;)V @ 9
Event: 2.650 Thread 0x0000000058c54000 Uncommon trap: reason=unstable_if action=reinterpret pc=0x0000000002ec956c method=com.android.dx.util.IntList.binarysearch(I)I @ 105
Event: 2.824 Thread 0x0000000056cdb800 Uncommon trap: reason=unstable_if action=reinterpret pc=0x0000000002ed24a0 method=com.android.dx.ssa.SCCP.simulateStmt(Lcom/android/dx/ssa/SsaInsn;)V @ 53

Internal exceptions (2 events):
Event: 0.040 Thread 0x00000000025be000 Exception <a 'java/lang/NoSuchMethodError': Method sun.misc.Unsafe.defineClass(Ljava/lang/String;[BII)Ljava/lang/Class; name or signature does not match> (0x00000000eab13080) thrown at [C:\re\workspace\8-2-build-windows-amd64-cygwin\jdk8u66\5298\hotspot\srúSòµ}¤?
Event: 0.040 Thread 0x00000000025be000 Exception <a 'java/lang/NoSuchMethodError': Method sun.misc.Unsafe.prefetchRead(Ljava/lang/Object;J)V name or signature does not match> (0x00000000eab13368) thrown at [C:\re\workspace\8-2-build-windows-amd64-cygwin\jdk8u66\5298\hotspot\src\share\vm\prims\j

Events (10 events):
Event: 2.651 Thread 0x0000000058c54000 DEOPT UNPACKING pc=0x0000000002b1747f sp=0x000000005959e3e8 mode 0
Event: 2.696 loading class com/android/dx/cf/attrib/AttDeprecated
Event: 2.696 loading class com/android/dx/cf/attrib/AttDeprecated done
Event: 2.816 loading class com/android/dx/cf/code/BytecodeArray$ConstantParserVisitor
Event: 2.816 loading class com/android/dx/cf/code/BytecodeArray$ConstantParserVisitor done
Event: 2.824 Thread 0x0000000056cdb800 Uncommon trap: trap_request=0xffffff65 fr.pc=0x0000000002ed24a0
Event: 2.825 Thread 0x0000000056cdb800 DEOPT PACKING pc=0x0000000002ed24a0 sp=0x00000000597ae9f0
Event: 2.825 Thread 0x0000000056cdb800 DEOPT UNPACKING pc=0x0000000002b1582a sp=0x00000000597ae9b8 mode 2
Event: 2.941 loading class com/android/dx/cf/attrib/AttEnclosingMethod
Event: 2.941 loading class com/android/dx/cf/attrib/AttEnclosingMethod done


Dynamic libraries:
0x000000013f4e0000 - 0x000000013f517000 	C:\Program Files\Java\jdk1.8.0_66\bin\java.exe
0x0000000076d00000 - 0x0000000076ea9000 	C:\Windows\SYSTEM32\ntdll.dll
0x0000000076be0000 - 0x0000000076cff000 	C:\Windows\system32\kernel32.dll
0x000007fefce40000 - 0x000007fefceab000 	C:\Windows\system32\KERNELBASE.dll
0x000007fefd6f0000 - 0x000007fefd7cb000 	C:\Windows\system32\ADVAPI32.dll
0x000007fefdd20000 - 0x000007fefddbf000 	C:\Windows\system32\msvcrt.dll
0x000007fefdb70000 - 0x000007fefdb8f000 	C:\Windows\SYSTEM32\sechost.dll
0x000007fefd560000 - 0x000007fefd68d000 	C:\Windows\system32\RPCRT4.dll
0x0000000076ae0000 - 0x0000000076bda000 	C:\Windows\system32\USER32.dll
0x000007fefd820000 - 0x000007fefd887000 	C:\Windows\system32\GDI32.dll
0x000007feff000000 - 0x000007feff00e000 	C:\Windows\system32\LPK.dll
0x000007fefddc0000 - 0x000007fefde89000 	C:\Windows\system32\USP10.dll
0x000007fefb610000 - 0x000007fefb804000 	C:\Windows\WinSxS\amd64_microsoft.windows.common-controls_6595b64144ccf1df_6.0.7601.17514_none_fa396087175ac9ac\COMCTL32.dll
0x000007fefd890000 - 0x000007fefd901000 	C:\Windows\system32\SHLWAPI.dll
0x000007fefdc10000 - 0x000007fefdc3e000 	C:\Windows\system32\IMM32.DLL
0x000007fefeef0000 - 0x000007fefeff9000 	C:\Windows\system32\MSCTF.dll
0x000000005cab0000 - 0x000000005cb82000 	C:\Program Files\Java\jdk1.8.0_66\jre\bin\msvcr100.dll
0x000000005b450000 - 0x000000005bcd9000 	C:\Program Files\Java\jdk1.8.0_66\jre\bin\server\jvm.dll
0x000007fef5eb0000 - 0x000007fef5eb9000 	C:\Windows\system32\WSOCK32.dll
0x000007fefd7d0000 - 0x000007fefd81d000 	C:\Windows\system32\WS2_32.dll
0x000007fefd4b0000 - 0x000007fefd4b8000 	C:\Windows\system32\NSI.dll
0x000007fef9c90000 - 0x000007fef9ccb000 	C:\Windows\system32\WINMM.dll
0x000007fefc560000 - 0x000007fefc56c000 	C:\Windows\system32\VERSION.dll
0x0000000076ec0000 - 0x0000000076ec7000 	C:\Windows\system32\PSAPI.DLL
0x000000006bc90000 - 0x000000006bc9f000 	C:\Program Files\Java\jdk1.8.0_66\jre\bin\verify.dll
0x000000006b5f0000 - 0x000000006b619000 	C:\Program Files\Java\jdk1.8.0_66\jre\bin\java.dll
0x000000006b5d0000 - 0x000000006b5e6000 	C:\Program Files\Java\jdk1.8.0_66\jre\bin\zip.dll
0x000007fefe010000 - 0x000007fefed98000 	C:\Windows\system32\SHELL32.dll
0x000007fefd0c0000 - 0x000007fefd2c3000 	C:\Windows\system32\ole32.dll
0x000007fefcc50000 - 0x000007fefcc5f000 	C:\Windows\system32\profapi.dll

VM Arguments:
jvm_args: -Djava.awt.headless=true -Xmx1024M -Dfile.encoding=x-windows-950 -Duser.country=TW -Duser.language=zh -Duser.variant 
java_command: com.android.dx.command.Main --dex --num-threads=4 --output C:\Users\awei\Desktop\AweiNO1\app\build\intermediates\pre-dexed\debug\com.google.android.gms-play-services-wearable-8.4.0_cbe0b9119c46b86ef15160b5251b1d32f304e335.jar C:\Users\awei\Desktop\AweiNO1\app\build\intermediates\exploded-aar\com.google.android.gms\play-services-wearable\8.4.0\jars\classes.jar
java_class_path (initial): C:\Users\awei\AppData\Local\Android\sdk1\build-tools\23.0.2\lib\dx.jar
Launcher Type: SUN_STANDARD

Environment Variables:
JAVA_HOME=C:\Program Files\Java\jdk1.8.0_66
PATH=C:\ProgramData\Oracle\Java\javapath;C:\Program Files (x86)\NVIDIA Corporation\PhysX\Common;C:\Windows\system32;C:\Windows;C:\Windows\System32\Wbem;C:\Windows\System32\WindowsPowerShell\v1.0\;C:\Program Files (x86)\QuickTime\QTSystem\
USERNAME=awei
OS=Windows_NT
PROCESSOR_IDENTIFIER=Intel64 Family 6 Model 26 Stepping 5, GenuineIntel



---------------  S Y S T E M  ---------------

OS: Windows 7 , 64 bit Build 7601 (6.1.7601.17514)

CPU:total 8 (4 cores per cpu, 2 threads per core) family 6 model 26 stepping 5, cmov, cx8, fxsr, mmx, sse, sse2, sse3, ssse3, sse4.1, sse4.2, popcnt, ht, tsc, tscinvbit, tscinv

Memory: 4k page, physical 8379512k(181808k free), swap 10987508k(6008k free)

vm_info: Java HotSpot(TM) 64-Bit Server VM (25.66-b18) for windows-amd64 JRE (1.8.0_66-b18), built on Nov  9 2015 10:51:13 by "java_re" with MS VC++ 10.0 (VS2010)

time: Sun Feb 14 15:09:16 2016
elapsed time: 3 seconds (0d 0h 0m 3s)

