#
# There is insufficient memory for the Java Runtime Environment to continue.
# Native memory allocation (malloc) failed to allocate 42256 bytes for Chunk::new
# Possible reasons:
#   The system is out of physical RAM or swap space
#   In 32 bit mode, the process size limit was hit
# Possible solutions:
#   Reduce memory load on the system
#   Increase physical memory or swap space
#   Check if swap backing store is full
#   Use 64 bit Java on a 64 bit OS
#   Decrease Java heap size (-Xmx/-Xms)
#   Decrease number of Java threads
#   Decrease Java thread stack sizes (-Xss)
#   Set larger code cache with -XX:ReservedCodeCacheSize=
# This output file may be truncated or incomplete.
#
#  Out of Memory Error (allocation.cpp:390), pid=540, tid=10076
#
# JRE version: Java(TM) SE Runtime Environment (8.0_66-b18) (build 1.8.0_66-b18)
# Java VM: Java HotSpot(TM) 64-Bit Server VM (25.66-b18 mixed mode windows-amd64 compressed oops)
# Failed to write core dump. Minidumps are not enabled by default on client versions of Windows
#

---------------  T H R E A D  ---------------

Current thread (0x000000005687d800):  JavaThread "C2 CompilerThread2" daemon [_thread_in_native, id=10076, stack(0x0000000058200000,0x0000000058300000)]

Stack: [0x0000000058200000,0x0000000058300000]
[error occurred during error reporting (printing stack bounds), id 0xc0000005]

Native frames: (J=compiled Java code, j=interpreted, Vv=VM code, C=native code)


Current CompileTask:
C2:   2167 1068       4       java.util.HashMap::putVal (300 bytes)


---------------  P R O C E S S  ---------------

Java Threads: ( => current thread )
  0x000000005884b000 JavaThread "pool-1-thread-4" [_thread_blocked, id=9456, stack(0x0000000059430000,0x0000000059530000)]
  0x0000000056ad4800 JavaThread "pool-1-thread-3" [_thread_blocked, id=8944, stack(0x00000000585a0000,0x00000000586a0000)]
  0x0000000056ad3000 JavaThread "pool-1-thread-2" [_thread_blocked, id=4972, stack(0x0000000059280000,0x0000000059380000)]
  0x0000000056ad2000 JavaThread "pool-2-thread-1" [_thread_blocked, id=1192, stack(0x0000000059130000,0x0000000059230000)]
  0x0000000056ad0000 JavaThread "pool-1-thread-1" [_thread_blocked, id=2052, stack(0x0000000057fb0000,0x00000000580b0000)]
  0x000000005688b800 JavaThread "Service Thread" daemon [_thread_blocked, id=2140, stack(0x0000000058480000,0x0000000058580000)]
  0x0000000056884800 JavaThread "C1 CompilerThread3" daemon [_thread_blocked, id=2372, stack(0x0000000058340000,0x0000000058440000)]
=>0x000000005687d800 JavaThread "C2 CompilerThread2" daemon [_thread_in_native, id=10076, stack(0x0000000058200000,0x0000000058300000)]
  0x000000005687d000 JavaThread "C2 CompilerThread1" daemon [_thread_blocked, id=5308, stack(0x0000000057730000,0x0000000057830000)]
  0x000000005680d000 JavaThread "C2 CompilerThread0" daemon [_thread_blocked, id=3232, stack(0x00000000580f0000,0x00000000581f0000)]
  0x000000005680b800 JavaThread "Attach Listener" daemon [_thread_blocked, id=3944, stack(0x0000000057b90000,0x0000000057c90000)]
  0x000000005680a800 JavaThread "Signal Dispatcher" daemon [_thread_blocked, id=8224, stack(0x0000000057e80000,0x0000000057f80000)]
  0x0000000055635000 JavaThread "Finalizer" daemon [_thread_blocked, id=9868, stack(0x0000000057c90000,0x0000000057d90000)]
  0x000000000257f800 JavaThread "Reference Handler" daemon [_thread_blocked, id=1164, stack(0x0000000057a00000,0x0000000057b00000)]
  0x00000000025fe000 JavaThread "main" [_thread_in_Java, id=5828, stack(0x0000000002780000,0x0000000002880000)]

Other Threads:
  0x000000000257c800 VMThread [stack: 0x0000000057850000,0x0000000057950000] [id=5660]
  0x00000000568d0800 WatcherThread [stack: 0x00000000586e0000,0x00000000587e0000] [id=8220]

VM state:not at safepoint (normal execution)

VM Mutex/Monitor currently owned by a thread: None

Heap:
 PSYoungGen      total 38400K, used 30217K [0x00000000eab00000, 0x00000000ed580000, 0x0000000100000000)
  eden space 33280K, 90% used [0x00000000eab00000,0x00000000ec8824a0,0x00000000ecb80000)
  from space 5120K, 0% used [0x00000000ed080000,0x00000000ed080000,0x00000000ed580000)
  to   space 5120K, 0% used [0x00000000ecb80000,0x00000000ecb80000,0x00000000ed080000)
 ParOldGen       total 87552K, used 0K [0x00000000c0000000, 0x00000000c5580000, 0x00000000eab00000)
  object space 87552K, 0% used [0x00000000c0000000,0x00000000c0000000,0x00000000c5580000)
 Metaspace       used 5863K, capacity 6772K, committed 7040K, reserved 1056768K
  class space    used 599K, capacity 620K, committed 640K, reserved 1048576K

Card table byte_map: [0x0000000011c40000,0x0000000011e50000] byte_map_base: 0x0000000011640000

Marking Bits: (ParMarkBitMap*) 0x0000000077f7a5b0
 Begin Bits: [0x0000000012a50000, 0x0000000013a50000)
 End Bits:   [0x0000000013a50000, 0x0000000014a50000)

Polling page: 0x0000000000140000

CodeCache: size=245760Kb used=4035Kb max_used=4038Kb free=241724Kb
 bounds [0x0000000002880000, 0x0000000002c80000, 0x0000000011880000]
 total_blobs=1334 nmethods=1064 adapters=184
 compilation: enabled

Compilation events (10 events):
Event: 2.159 Thread 0x000000005687d000 nmethod 1067 0x0000000002c6a8d0 code [0x0000000002c6aa40, 0x0000000002c6ada8]
Event: 2.159 Thread 0x0000000056884800 nmethod 1065 0x0000000002c74c90 code [0x0000000002c74ec0, 0x0000000002c75a98]
Event: 2.159 Thread 0x0000000056884800 1063       3       com.android.dx.ssa.BasicRegisterMapper::oldToNew (22 bytes)
Event: 2.159 Thread 0x0000000056884800 nmethod 1063 0x0000000002c6a310 code [0x0000000002c6a480, 0x0000000002c6a768]
Event: 2.159 Thread 0x0000000056884800 1059       3       com.android.dx.rop.cst.CstType::getType (4 bytes)
Event: 2.160 Thread 0x0000000056884800 nmethod 1059 0x0000000002c6d750 code [0x0000000002c6d8a0, 0x0000000002c6d9f0]
Event: 2.160 Thread 0x0000000056884800 1062       3       com.android.dx.util.MutabilityControl::isImmutable (13 bytes)
Event: 2.160 Thread 0x0000000056884800 nmethod 1062 0x0000000002c6d3d0 code [0x0000000002c6d520, 0x0000000002c6d6d0]
Event: 2.160 Thread 0x0000000056884800 1054       1       com.android.dx.ssa.PhiInsn::getOpcode (2 bytes)
Event: 2.160 Thread 0x0000000056884800 nmethod 1054 0x0000000002c5d450 code [0x0000000002c5d5a0, 0x0000000002c5d6b0]

GC Heap History (0 events):
No events

Deoptimization events (5 events):
Event: 0.976 Thread 0x0000000056ad3000 Uncommon trap: reason=unstable_if action=reinterpret pc=0x0000000002a6e860 method=java.util.BitSet.nextSetBit(I)I @ 87
Event: 0.981 Thread 0x0000000056ad3000 Uncommon trap: reason=unstable_if action=reinterpret pc=0x0000000002a72130 method=java.util.HashMap.getNode(ILjava/lang/Object;)Ljava/util/HashMap$Node; @ 129
Event: 1.007 Thread 0x0000000056ad3000 Uncommon trap: reason=class_check action=maybe_recompile pc=0x0000000002a732a0 method=com.android.dx.ssa.NormalSsaInsn.accept(Lcom/android/dx/ssa/SsaInsn$Visitor;)V @ 9
Event: 1.821 Thread 0x0000000056ad0000 Uncommon trap: reason=unstable_if action=reinterpret pc=0x0000000002b50144 method=com.android.dx.rop.cst.Constant.compareTo(Lcom/android/dx/rop/cst/Constant;)I @ 12
Event: 1.846 Thread 0x0000000056ad0000 Uncommon trap: reason=unstable_if action=reinterpret pc=0x0000000002b9406c method=com.android.dx.rop.code.LocalItem.hashCode()I @ 25

Internal exceptions (2 events):
Event: 0.164 Thread 0x00000000025fe000 Exception <a 'java/lang/NoSuchMethodError': Method sun.misc.Unsafe.defineClass(Ljava/lang/String;[BII)Ljava/lang/Class; name or signature does not match> (0x00000000eab13080) thrown at [C:\re\workspace\8-2-build-windows-amd64-cygwin\jdk8u66\5298\hotspot\sra½O
Å?
Event: 0.164 Thread 0x00000000025fe000 Exception <a 'java/lang/NoSuchMethodError': Method sun.misc.Unsafe.prefetchRead(Ljava/lang/Object;J)V name or signature does not match> (0x00000000eab13368) thrown at [C:\re\workspace\8-2-build-windows-amd64-cygwin\jdk8u66\5298\hotspot\src\share\vm\prims\j

Events (10 events):
Event: 1.821 Thread 0x0000000056ad0000 Uncommon trap: trap_request=0xffffff65 fr.pc=0x0000000002b50144
Event: 1.821 Thread 0x0000000056ad0000 DEOPT PACKING pc=0x0000000002b50144 sp=0x00000000580ae120
Event: 1.821 Thread 0x0000000056ad0000 DEOPT UNPACKING pc=0x00000000028c582a sp=0x00000000580ae0c0 mode 2
Event: 1.833 loading class java/util/TreeMap$EntrySet
Event: 1.834 loading class java/util/TreeMap$EntrySet done
Event: 1.834 loading class java/util/TreeMap$EntryIterator
Event: 1.834 loading class java/util/TreeMap$EntryIterator done
Event: 1.846 Thread 0x0000000056ad0000 Uncommon trap: trap_request=0xffffff65 fr.pc=0x0000000002b9406c
Event: 1.846 Thread 0x0000000056ad0000 DEOPT PACKING pc=0x0000000002b9406c sp=0x00000000580ae4f0
Event: 1.846 Thread 0x0000000056ad0000 DEOPT UNPACKING pc=0x00000000028c582a sp=0x00000000580ae358 mode 2


Dynamic libraries:
0x000000013f380000 - 0x000000013f3b7000 	C:\Program Files\Java\jdk1.8.0_66\bin\java.exe
0x0000000076d00000 - 0x0000000076ea9000 	C:\Windows\SYSTEM32\ntdll.dll
0x0000000076be0000 - 0x0000000076cff000 	C:\Windows\system32\kernel32.dll
0x000007fefce40000 - 0x000007fefceab000 	C:\Windows\system32\KERNELBASE.dll
0x000007fefd6f0000 - 0x000007fefd7cb000 	C:\Windows\system32\ADVAPI32.dll
0x000007fefdd20000 - 0x000007fefddbf000 	C:\Windows\system32\msvcrt.dll
0x000007fefdb70000 - 0x000007fefdb8f000 	C:\Windows\SYSTEM32\sechost.dll
0x000007fefd560000 - 0x000007fefd68d000 	C:\Windows\system32\RPCRT4.dll
0x0000000076ae0000 - 0x0000000076bda000 	C:\Windows\system32\USER32.dll
0x000007fefd820000 - 0x000007fefd887000 	C:\Windows\system32\GDI32.dll
0x000007feff000000 - 0x000007feff00e000 	C:\Windows\system32\LPK.dll
0x000007fefddc0000 - 0x000007fefde89000 	C:\Windows\system32\USP10.dll
0x000007fefb610000 - 0x000007fefb804000 	C:\Windows\WinSxS\amd64_microsoft.windows.common-controls_6595b64144ccf1df_6.0.7601.17514_none_fa396087175ac9ac\COMCTL32.dll
0x000007fefd890000 - 0x000007fefd901000 	C:\Windows\system32\SHLWAPI.dll
0x000007fefdc10000 - 0x000007fefdc3e000 	C:\Windows\system32\IMM32.DLL
0x000007fefeef0000 - 0x000007fefeff9000 	C:\Windows\system32\MSCTF.dll
0x000000005d550000 - 0x000000005d622000 	C:\Program Files\Java\jdk1.8.0_66\jre\bin\msvcr100.dll
0x0000000077770000 - 0x0000000077ff9000 	C:\Program Files\Java\jdk1.8.0_66\jre\bin\server\jvm.dll
0x000007fef5eb0000 - 0x000007fef5eb9000 	C:\Windows\system32\WSOCK32.dll
0x000007fefd7d0000 - 0x000007fefd81d000 	C:\Windows\system32\WS2_32.dll
0x000007fefd4b0000 - 0x000007fefd4b8000 	C:\Windows\system32\NSI.dll
0x000007fef9c90000 - 0x000007fef9ccb000 	C:\Windows\system32\WINMM.dll
0x000007fefc560000 - 0x000007fefc56c000 	C:\Windows\system32\VERSION.dll
0x0000000076ec0000 - 0x0000000076ec7000 	C:\Windows\system32\PSAPI.DLL
0x000000006baa0000 - 0x000000006baaf000 	C:\Program Files\Java\jdk1.8.0_66\jre\bin\verify.dll
0x000000006b5c0000 - 0x000000006b5e9000 	C:\Program Files\Java\jdk1.8.0_66\jre\bin\java.dll
0x000000006b600000 - 0x000000006b616000 	C:\Program Files\Java\jdk1.8.0_66\jre\bin\zip.dll
0x000007fefe010000 - 0x000007fefed98000 	C:\Windows\system32\SHELL32.dll
0x000007fefd0c0000 - 0x000007fefd2c3000 	C:\Windows\system32\ole32.dll
0x000007fefcc50000 - 0x000007fefcc5f000 	C:\Windows\system32\profapi.dll

VM Arguments:
jvm_args: -Djava.awt.headless=true -Xmx1024M -Dfile.encoding=x-windows-950 -Duser.country=TW -Duser.language=zh -Duser.variant 
java_command: com.android.dx.command.Main --dex --num-threads=4 --output C:\Users\awei\Desktop\AweiNO1\app\build\intermediates\pre-dexed\debug\internal_impl-23.1.1_68defe8ef858fd3be35959cae24fff835be148fd.jar C:\Users\awei\Desktop\AweiNO1\app\build\intermediates\exploded-aar\com.android.support\support-v4\23.1.1\jars\libs\internal_impl-23.1.1.jar
java_class_path (initial): C:\Users\awei\AppData\Local\Android\sdk1\build-tools\23.0.2\lib\dx.jar
Launcher Type: SUN_STANDARD

Environment Variables:
JAVA_HOME=C:\Program Files\Java\jdk1.8.0_66
PATH=C:\ProgramData\Oracle\Java\javapath;C:\Program Files (x86)\NVIDIA Corporation\PhysX\Common;C:\Windows\system32;C:\Windows;C:\Windows\System32\Wbem;C:\Windows\System32\WindowsPowerShell\v1.0\;C:\Program Files (x86)\QuickTime\QTSystem\
USERNAME=awei
OS=Windows_NT
PROCESSOR_IDENTIFIER=Intel64 Family 6 Model 26 Stepping 5, GenuineIntel



---------------  S Y S T E M  ---------------

OS: Windows 7 , 64 bit Build 7601 (6.1.7601.17514)

CPU:total 8 (4 cores per cpu, 2 threads per core) family 6 model 26 stepping 5, cmov, cx8, fxsr, mmx, sse, sse2, sse3, ssse3, sse4.1, sse4.2, popcnt, ht, tsc, tscinvbit, tscinv

Memory: 4k page, physical 8379512k(614692k free), swap 10987508k(5116k free)

vm_info: Java HotSpot(TM) 64-Bit Server VM (25.66-b18) for windows-amd64 JRE (1.8.0_66-b18), built on Nov  9 2015 10:51:13 by "java_re" with MS VC++ 10.0 (VS2010)

time: Thu Feb 18 17:41:58 2016
elapsed time: 2 seconds (0d 0h 0m 2s)

