#
# There is insufficient memory for the Java Runtime Environment to continue.
# Native memory allocation (malloc) failed to allocate 1455888 bytes for Chunk::new
# Possible reasons:
#   The system is out of physical RAM or swap space
#   In 32 bit mode, the process size limit was hit
# Possible solutions:
#   Reduce memory load on the system
#   Increase physical memory or swap space
#   Check if swap backing store is full
#   Use 64 bit Java on a 64 bit OS
#   Decrease Java heap size (-Xmx/-Xms)
#   Decrease number of Java threads
#   Decrease Java thread stack sizes (-Xss)
#   Set larger code cache with -XX:ReservedCodeCacheSize=
# This output file may be truncated or incomplete.
#
#  Out of Memory Error (allocation.cpp:390), pid=8860, tid=9596
#
# JRE version: Java(TM) SE Runtime Environment (8.0_66-b18) (build 1.8.0_66-b18)
# Java VM: Java HotSpot(TM) 64-Bit Server VM (25.66-b18 mixed mode windows-amd64 compressed oops)
# Failed to write core dump. Minidumps are not enabled by default on client versions of Windows
#

---------------  T H R E A D  ---------------

Current thread (0x0000000056769800):  JavaThread "C2 CompilerThread2" daemon [_thread_in_native, id=9596, stack(0x0000000058260000,0x0000000058360000)]

Stack: [0x0000000058260000,0x0000000058360000]
[error occurred during error reporting (printing stack bounds), id 0xc0000005]

Native frames: (J=compiled Java code, j=interpreted, Vv=VM code, C=native code)


Current CompileTask:
C2:   3080 1274       4       com.android.dx.dex.code.OutputFinisher::addConstants (93 bytes)


---------------  P R O C E S S  ---------------

Java Threads: ( => current thread )
  0x0000000056778800 JavaThread "Service Thread" daemon [_thread_blocked, id=9636, stack(0x0000000057e80000,0x0000000057f80000)]
  0x0000000056773800 JavaThread "C1 CompilerThread3" daemon [_thread_blocked, id=9628, stack(0x0000000058430000,0x0000000058530000)]
=>0x0000000056769800 JavaThread "C2 CompilerThread2" daemon [_thread_in_native, id=9596, stack(0x0000000058260000,0x0000000058360000)]
  0x0000000056711800 JavaThread "C2 CompilerThread1" daemon [_thread_in_native, id=9504, stack(0x00000000580d0000,0x00000000581d0000)]
  0x000000005670a800 JavaThread "C2 CompilerThread0" daemon [_thread_blocked, id=9496, stack(0x0000000057fc0000,0x00000000580c0000)]
  0x0000000056701800 JavaThread "Attach Listener" daemon [_thread_blocked, id=9488, stack(0x0000000057d10000,0x0000000057e10000)]
  0x0000000056700800 JavaThread "Signal Dispatcher" daemon [_thread_blocked, id=9484, stack(0x0000000057870000,0x0000000057970000)]
  0x000000005563a800 JavaThread "Finalizer" daemon [_thread_blocked, id=9288, stack(0x0000000057b60000,0x0000000057c60000)]
  0x0000000001dff800 JavaThread "Reference Handler" daemon [_thread_blocked, id=9280, stack(0x00000000579a0000,0x0000000057aa0000)]
  0x00000000005ae000 JavaThread "main" [_thread_in_Java, id=4136, stack(0x00000000025b0000,0x00000000026b0000)]

Other Threads:
  0x0000000001dfc800 VMThread [stack: 0x0000000057710000,0x0000000057810000] [id=8696]
  0x00000000567bd800 WatcherThread [stack: 0x00000000586d0000,0x00000000587d0000] [id=9640]

VM state:not at safepoint (normal execution)

VM Mutex/Monitor currently owned by a thread: None

Heap:
 PSYoungGen      total 38400K, used 8921K [0x00000000eab00000, 0x00000000ef600000, 0x0000000100000000)
  eden space 33280K, 11% used [0x00000000eab00000,0x00000000eaeb7928,0x00000000ecb80000)
  from space 5120K, 99% used [0x00000000ecb80000,0x00000000ed07ecc0,0x00000000ed080000)
  to   space 5120K, 0% used [0x00000000ef100000,0x00000000ef100000,0x00000000ef600000)
 ParOldGen       total 87552K, used 1460K [0x00000000c0000000, 0x00000000c5580000, 0x00000000eab00000)
  object space 87552K, 1% used [0x00000000c0000000,0x00000000c016d058,0x00000000c5580000)
 Metaspace       used 6235K, capacity 7128K, committed 7424K, reserved 1056768K
  class space    used 623K, capacity 656K, committed 768K, reserved 1048576K

Card table byte_map: [0x0000000011a70000,0x0000000011c80000] byte_map_base: 0x0000000011470000

Marking Bits: (ParMarkBitMap*) 0x000000005bc5a5b0
 Begin Bits: [0x0000000012a50000, 0x0000000013a50000)
 End Bits:   [0x0000000013a50000, 0x0000000014a50000)

Polling page: 0x0000000000340000

CodeCache: size=245760Kb used=5566Kb max_used=5566Kb free=240193Kb
 bounds [0x00000000026b0000, 0x0000000002c30000, 0x00000000116b0000]
 total_blobs=1697 nmethods=1425 adapters=184
 compilation: enabled

Compilation events (10 events):
Event: 3.074 Thread 0x0000000056773800 nmethod 1412 0x0000000002c06f10 code [0x0000000002c07080, 0x0000000002c07290]
Event: 3.074 Thread 0x0000000056773800 1427       3       com.android.dx.dex.code.TargetInsn::<init> (29 bytes)
Event: 3.074 Thread 0x0000000056773800 nmethod 1427 0x0000000002c06910 code [0x0000000002c06aa0, 0x0000000002c06db8]
Event: 3.074 Thread 0x0000000056773800 1417       3       java.util.TreeMap::compare (32 bytes)
Event: 3.074 Thread 0x0000000056773800 nmethod 1417 0x0000000002c13cd0 code [0x0000000002c13e60, 0x0000000002c14298]
Event: 3.074 Thread 0x0000000056773800 1421       1       com.android.dx.dex.code.form.Form10t::codeSize (2 bytes)
Event: 3.074 Thread 0x0000000056773800 nmethod 1421 0x0000000002c06650 code [0x0000000002c067a0, 0x0000000002c068b0]
Event: 3.077 Thread 0x0000000056773800 1428       3       com.android.dx.dex.code.LocalSnapshot::withRegisterOffset (20 bytes)
Event: 3.078 Thread 0x0000000056773800 nmethod 1428 0x0000000002c0b050 code [0x0000000002c0b200, 0x0000000002c0b748]
Event: 3.079 Thread 0x0000000056773800 1429       3       com.android.dx.dex.code.form.Form21c::isCompatible (150 bytes)

GC Heap History (2 events):
Event: 2.040 GC heap before
{Heap before GC invocations=1 (full 0):
 PSYoungGen      total 38400K, used 33280K [0x00000000eab00000, 0x00000000ed580000, 0x0000000100000000)
  eden space 33280K, 100% used [0x00000000eab00000,0x00000000ecb80000,0x00000000ecb80000)
  from space 5120K, 0% used [0x00000000ed080000,0x00000000ed080000,0x00000000ed580000)
  to   space 5120K, 0% used [0x00000000ecb80000,0x00000000ecb80000,0x00000000ed080000)
 ParOldGen       total 87552K, used 0K [0x00000000c0000000, 0x00000000c5580000, 0x00000000eab00000)
  object space 87552K, 0% used [0x00000000c0000000,0x00000000c0000000,0x00000000c5580000)
 Metaspace       used 5960K, capacity 6902K, committed 7040K, reserved 1056768K
  class space    used 605K, capacity 622K, committed 640K, reserved 1048576K
Event: 2.373 GC heap after
Heap after GC invocations=1 (full 0):
 PSYoungGen      total 38400K, used 5115K [0x00000000eab00000, 0x00000000ef600000, 0x0000000100000000)
  eden space 33280K, 0% used [0x00000000eab00000,0x00000000eab00000,0x00000000ecb80000)
  from space 5120K, 99% used [0x00000000ecb80000,0x00000000ed07ecc0,0x00000000ed080000)
  to   space 5120K, 0% used [0x00000000ef100000,0x00000000ef100000,0x00000000ef600000)
 ParOldGen       total 87552K, used 1460K [0x00000000c0000000, 0x00000000c5580000, 0x00000000eab00000)
  object space 87552K, 1% used [0x00000000c0000000,0x00000000c016d058,0x00000000c5580000)
 Metaspace       used 5960K, capacity 6902K, committed 7040K, reserved 1056768K
  class space    used 605K, capacity 622K, committed 640K, reserved 1048576K
}

Deoptimization events (10 events):
Event: 2.543 Thread 0x00000000005ae000 Uncommon trap: reason=class_check action=maybe_recompile pc=0x0000000002ad49b0 method=java.util.HashMap.putVal(ILjava/lang/Object;Ljava/lang/Object;ZZ)Ljava/lang/Object; @ 203
Event: 2.543 Thread 0x00000000005ae000 Uncommon trap: reason=class_check action=maybe_recompile pc=0x0000000002ad49b0 method=java.util.HashMap.putVal(ILjava/lang/Object;Ljava/lang/Object;ZZ)Ljava/lang/Object; @ 203
Event: 2.543 Thread 0x00000000005ae000 Uncommon trap: reason=class_check action=maybe_recompile pc=0x0000000002ad49b0 method=java.util.HashMap.putVal(ILjava/lang/Object;Ljava/lang/Object;ZZ)Ljava/lang/Object; @ 203
Event: 2.543 Thread 0x00000000005ae000 Uncommon trap: reason=class_check action=maybe_recompile pc=0x0000000002ad1af0 method=java.util.HashMap.putVal(ILjava/lang/Object;Ljava/lang/Object;ZZ)Ljava/lang/Object; @ 203
Event: 2.594 Thread 0x00000000005ae000 Uncommon trap: reason=bimorphic action=maybe_recompile pc=0x0000000002ba2d04 method=java.util.HashMap.putVal(ILjava/lang/Object;Ljava/lang/Object;ZZ)Ljava/lang/Object; @ 203
Event: 2.594 Thread 0x00000000005ae000 Uncommon trap: reason=bimorphic action=maybe_recompile pc=0x0000000002ba2d04 method=java.util.HashMap.putVal(ILjava/lang/Object;Ljava/lang/Object;ZZ)Ljava/lang/Object; @ 203
Event: 2.594 Thread 0x00000000005ae000 Uncommon trap: reason=bimorphic action=maybe_recompile pc=0x0000000002ba2d04 method=java.util.HashMap.putVal(ILjava/lang/Object;Ljava/lang/Object;ZZ)Ljava/lang/Object; @ 203
Event: 2.594 Thread 0x00000000005ae000 Uncommon trap: reason=bimorphic action=maybe_recompile pc=0x0000000002ba2d04 method=java.util.HashMap.putVal(ILjava/lang/Object;Ljava/lang/Object;ZZ)Ljava/lang/Object; @ 203
Event: 2.594 Thread 0x00000000005ae000 Uncommon trap: reason=bimorphic action=maybe_recompile pc=0x0000000002b9e9a8 method=java.util.HashMap.putVal(ILjava/lang/Object;Ljava/lang/Object;ZZ)Ljava/lang/Object; @ 203
Event: 3.037 Thread 0x00000000005ae000 Uncommon trap: reason=unstable_if action=reinterpret pc=0x0000000002befc70 method=java.util.TreeMap.put(Ljava/lang/Object;Ljava/lang/Object;)Ljava/lang/Object; @ 163

Internal exceptions (3 events):
Event: 0.095 Thread 0x00000000005ae000 Exception <a 'java/lang/NoSuchMethodError': Method sun.misc.Unsafe.defineClass(Ljava/lang/String;[BII)Ljava/lang/Class; name or signature does not match> (0x00000000eab13080) thrown at [C:\re\workspace\8-2-build-windows-amd64-cygwin\jdk8u66\5298\hotspot\sr2]6j«>∏?
Event: 0.095 Thread 0x00000000005ae000 Exception <a 'java/lang/NoSuchMethodError': Method sun.misc.Unsafe.prefetchRead(Ljava/lang/Object;J)V name or signature does not match> (0x00000000eab13368) thrown at [C:\re\workspace\8-2-build-windows-amd64-cygwin\jdk8u66\5298\hotspot\src\share\vm\prims\jèxL˝P9
Event: 2.028 Thread 0x0000000056921000 Implicit null exception at 0x0000000002a91674 to 0x0000000002a92455

Events (10 events):
Event: 3.024 loading class com/android/dx/rop/code/RegisterSpecList$Expander done
Event: 3.029 loading class com/android/dx/dex/code/CatchHandlerList$Entry
Event: 3.029 loading class com/android/dx/dex/code/CatchHandlerList$Entry done
Event: 3.030 loading class com/android/dx/dex/code/CatchTable$Entry
Event: 3.030 loading class com/android/dx/dex/code/CatchTable$Entry done
Event: 3.030 loading class com/android/dx/util/ByteArrayAnnotatedOutput
Event: 3.030 loading class com/android/dx/util/ByteArrayAnnotatedOutput done
Event: 3.037 Thread 0x00000000005ae000 Uncommon trap: trap_request=0xffffff65 fr.pc=0x0000000002befc70
Event: 3.037 Thread 0x00000000005ae000 DEOPT PACKING pc=0x0000000002befc70 sp=0x00000000026af180
Event: 3.037 Thread 0x00000000005ae000 DEOPT UNPACKING pc=0x00000000026f582a sp=0x00000000026af160 mode 2


Dynamic libraries:
0x000000013f4e0000 - 0x000000013f517000 	C:\Program Files\Java\jdk1.8.0_66\bin\java.exe
0x0000000076d00000 - 0x0000000076ea9000 	C:\Windows\SYSTEM32\ntdll.dll
0x0000000076be0000 - 0x0000000076cff000 	C:\Windows\system32\kernel32.dll
0x000007fefce40000 - 0x000007fefceab000 	C:\Windows\system32\KERNELBASE.dll
0x000007fefd6f0000 - 0x000007fefd7cb000 	C:\Windows\system32\ADVAPI32.dll
0x000007fefdd20000 - 0x000007fefddbf000 	C:\Windows\system32\msvcrt.dll
0x000007fefdb70000 - 0x000007fefdb8f000 	C:\Windows\SYSTEM32\sechost.dll
0x000007fefd560000 - 0x000007fefd68d000 	C:\Windows\system32\RPCRT4.dll
0x0000000076ae0000 - 0x0000000076bda000 	C:\Windows\system32\USER32.dll
0x000007fefd820000 - 0x000007fefd887000 	C:\Windows\system32\GDI32.dll
0x000007feff000000 - 0x000007feff00e000 	C:\Windows\system32\LPK.dll
0x000007fefddc0000 - 0x000007fefde89000 	C:\Windows\system32\USP10.dll
0x000007fefb610000 - 0x000007fefb804000 	C:\Windows\WinSxS\amd64_microsoft.windows.common-controls_6595b64144ccf1df_6.0.7601.17514_none_fa396087175ac9ac\COMCTL32.dll
0x000007fefd890000 - 0x000007fefd901000 	C:\Windows\system32\SHLWAPI.dll
0x000007fefdc10000 - 0x000007fefdc3e000 	C:\Windows\system32\IMM32.DLL
0x000007fefeef0000 - 0x000007fefeff9000 	C:\Windows\system32\MSCTF.dll
0x000000005cab0000 - 0x000000005cb82000 	C:\Program Files\Java\jdk1.8.0_66\jre\bin\msvcr100.dll
0x000000005b450000 - 0x000000005bcd9000 	C:\Program Files\Java\jdk1.8.0_66\jre\bin\server\jvm.dll
0x000007fef5eb0000 - 0x000007fef5eb9000 	C:\Windows\system32\WSOCK32.dll
0x000007fefd7d0000 - 0x000007fefd81d000 	C:\Windows\system32\WS2_32.dll
0x000007fefd4b0000 - 0x000007fefd4b8000 	C:\Windows\system32\NSI.dll
0x000007fef9c90000 - 0x000007fef9ccb000 	C:\Windows\system32\WINMM.dll
0x000007fefc560000 - 0x000007fefc56c000 	C:\Windows\system32\VERSION.dll
0x0000000076ec0000 - 0x0000000076ec7000 	C:\Windows\system32\PSAPI.DLL
0x000000006bc90000 - 0x000000006bc9f000 	C:\Program Files\Java\jdk1.8.0_66\jre\bin\verify.dll
0x000000006b5f0000 - 0x000000006b619000 	C:\Program Files\Java\jdk1.8.0_66\jre\bin\java.dll
0x000000006b5d0000 - 0x000000006b5e6000 	C:\Program Files\Java\jdk1.8.0_66\jre\bin\zip.dll
0x000007fefe010000 - 0x000007fefed98000 	C:\Windows\system32\SHELL32.dll
0x000007fefd0c0000 - 0x000007fefd2c3000 	C:\Windows\system32\ole32.dll
0x000007fefcc50000 - 0x000007fefcc5f000 	C:\Windows\system32\profapi.dll

VM Arguments:
jvm_args: -Djava.awt.headless=true -Xmx1024M -Dfile.encoding=x-windows-950 -Duser.country=TW -Duser.language=zh -Duser.variant 
java_command: com.android.dx.command.Main --dex --num-threads=4 --output C:\Users\awei\Desktop\AweiNO1\app\build\intermediates\pre-dexed\debug\bolts-android-1.2.0_475067b511ccaec3630c8c68a28414024647c727.jar C:\Users\awei\.gradle\caches\modules-2\files-2.1\com.parse.bolts\bolts-android\1.2.0\6ee2953ccf51ce72b6d548c30c4633b99eb4f9dd\bolts-android-1.2.0.jar
java_class_path (initial): C:\Users\awei\AppData\Local\Android\sdk1\build-tools\23.0.2\lib\dx.jar
Launcher Type: SUN_STANDARD

Environment Variables:
JAVA_HOME=C:\Program Files\Java\jdk1.8.0_66
PATH=C:\ProgramData\Oracle\Java\javapath;C:\Program Files (x86)\NVIDIA Corporation\PhysX\Common;C:\Windows\system32;C:\Windows;C:\Windows\System32\Wbem;C:\Windows\System32\WindowsPowerShell\v1.0\;C:\Program Files (x86)\QuickTime\QTSystem\
USERNAME=awei
OS=Windows_NT
PROCESSOR_IDENTIFIER=Intel64 Family 6 Model 26 Stepping 5, GenuineIntel



---------------  S Y S T E M  ---------------

OS: Windows 7 , 64 bit Build 7601 (6.1.7601.17514)

CPU:total 8 (4 cores per cpu, 2 threads per core) family 6 model 26 stepping 5, cmov, cx8, fxsr, mmx, sse, sse2, sse3, ssse3, sse4.1, sse4.2, popcnt, ht, tsc, tscinvbit, tscinv

Memory: 4k page, physical 8379512k(96780k free), swap 10987508k(6164k free)

vm_info: Java HotSpot(TM) 64-Bit Server VM (25.66-b18) for windows-amd64 JRE (1.8.0_66-b18), built on Nov  9 2015 10:51:13 by "java_re" with MS VC++ 10.0 (VS2010)

time: Sun Feb 14 15:09:07 2016
elapsed time: 3 seconds (0d 0h 0m 3s)

