#
# There is insufficient memory for the Java Runtime Environment to continue.
# Native memory allocation (malloc) failed to allocate 313056 bytes for Chunk::new
# Possible reasons:
#   The system is out of physical RAM or swap space
#   In 32 bit mode, the process size limit was hit
# Possible solutions:
#   Reduce memory load on the system
#   Increase physical memory or swap space
#   Check if swap backing store is full
#   Use 64 bit Java on a 64 bit OS
#   Decrease Java heap size (-Xmx/-Xms)
#   Decrease number of Java threads
#   Decrease Java thread stack sizes (-Xss)
#   Set larger code cache with -XX:ReservedCodeCacheSize=
# This output file may be truncated or incomplete.
#
#  Out of Memory Error (allocation.cpp:390), pid=3348, tid=7264
#
# JRE version: Java(TM) SE Runtime Environment (8.0_66-b18) (build 1.8.0_66-b18)
# Java VM: Java HotSpot(TM) 64-Bit Server VM (25.66-b18 mixed mode windows-amd64 compressed oops)
# Failed to write core dump. Minidumps are not enabled by default on client versions of Windows
#

---------------  T H R E A D  ---------------

Current thread (0x00000000568c5800):  JavaThread "C2 CompilerThread1" daemon [_thread_in_native, id=7264, stack(0x0000000058310000,0x0000000058410000)]

Stack: [0x0000000058310000,0x0000000058410000]
[error occurred during error reporting (printing stack bounds), id 0xc0000005]

Native frames: (J=compiled Java code, j=interpreted, Vv=VM code, C=native code)


Current CompileTask:
C2:   3081 1255       4       com.android.dx.ssa.SsaMethod::computeReachability (131 bytes)


---------------  P R O C E S S  ---------------

Java Threads: ( => current thread )
  0x0000000056a6c000 JavaThread "pool-1-thread-4" [_thread_blocked, id=8768, stack(0x0000000058f20000,0x0000000059020000)]
  0x0000000056a66000 JavaThread "pool-1-thread-3" [_thread_blocked, id=6460, stack(0x00000000589f0000,0x0000000058af0000)]
  0x0000000056a65000 JavaThread "pool-1-thread-2" [_thread_blocked, id=2248, stack(0x0000000058030000,0x0000000058130000)]
  0x0000000056a64800 JavaThread "pool-2-thread-1" [_thread_blocked, id=1652, stack(0x0000000058cd0000,0x0000000058dd0000)]
  0x0000000056a5d000 JavaThread "pool-1-thread-1" [_thread_in_Java, id=9096, stack(0x0000000058b20000,0x0000000058c20000)]
  0x00000000568db800 JavaThread "Service Thread" daemon [_thread_blocked, id=6184, stack(0x00000000587a0000,0x00000000588a0000)]
  0x00000000568d1000 JavaThread "C1 CompilerThread3" daemon [_thread_blocked, id=6576, stack(0x0000000058590000,0x0000000058690000)]
  0x00000000568ca800 JavaThread "C2 CompilerThread2" daemon [_thread_in_native, id=1932, stack(0x0000000058470000,0x0000000058570000)]
=>0x00000000568c5800 JavaThread "C2 CompilerThread1" daemon [_thread_in_native, id=7264, stack(0x0000000058310000,0x0000000058410000)]
  0x000000005685d000 JavaThread "C2 CompilerThread0" daemon [_thread_in_native, id=7588, stack(0x0000000058150000,0x0000000058250000)]
  0x000000005685b800 JavaThread "Attach Listener" daemon [_thread_blocked, id=2640, stack(0x0000000057f30000,0x0000000058030000)]
  0x000000005685a000 JavaThread "Signal Dispatcher" daemon [_thread_blocked, id=1320, stack(0x0000000057d50000,0x0000000057e50000)]
  0x000000005568a800 JavaThread "Finalizer" daemon [_thread_blocked, id=1796, stack(0x0000000057b30000,0x0000000057c30000)]
  0x000000000265f800 JavaThread "Reference Handler" daemon [_thread_blocked, id=9116, stack(0x00000000577a0000,0x00000000578a0000)]
  0x000000000271e000 JavaThread "main" [_thread_blocked, id=8028, stack(0x0000000002750000,0x0000000002850000)]

Other Threads:
  0x000000000265c800 VMThread [stack: 0x0000000057920000,0x0000000057a20000] [id=7628]
  0x00000000568f6800 WatcherThread [stack: 0x00000000588d0000,0x00000000589d0000] [id=6800]

VM state:not at safepoint (normal execution)

VM Mutex/Monitor currently owned by a thread: None

Heap:
 PSYoungGen      total 38400K, used 33280K [0x00000000eab00000, 0x00000000ed580000, 0x0000000100000000)
  eden space 33280K, 100% used [0x00000000eab00000,0x00000000ecb80000,0x00000000ecb80000)
  from space 5120K, 0% used [0x00000000ed080000,0x00000000ed080000,0x00000000ed580000)
  to   space 5120K, 0% used [0x00000000ecb80000,0x00000000ecb80000,0x00000000ed080000)
 ParOldGen       total 87552K, used 0K [0x00000000c0000000, 0x00000000c5580000, 0x00000000eab00000)
  object space 87552K, 0% used [0x00000000c0000000,0x00000000c0000000,0x00000000c5580000)
 Metaspace       used 6022K, capacity 6902K, committed 7040K, reserved 1056768K
  class space    used 604K, capacity 622K, committed 640K, reserved 1048576K

Card table byte_map: [0x0000000011c10000,0x0000000011e20000] byte_map_base: 0x0000000011610000

Marking Bits: (ParMarkBitMap*) 0x000000005b36a5b0
 Begin Bits: [0x0000000012aa0000, 0x0000000013aa0000)
 End Bits:   [0x0000000013aa0000, 0x0000000014aa0000)

Polling page: 0x0000000000140000

CodeCache: size=245760Kb used=5152Kb max_used=5161Kb free=240607Kb
 bounds [0x0000000002850000, 0x0000000002d70000, 0x0000000011850000]
 total_blobs=1545 nmethods=1275 adapters=184
 compilation: enabled

Compilation events (10 events):
Event: 3.071 Thread 0x00000000568d1000 1277       3       com.android.dx.ssa.back.LivenessAnalyzer::coInterferePhis (128 bytes)
Event: 3.072 Thread 0x00000000568d1000 nmethod 1277 0x0000000002d5ab50 code [0x0000000002d5ade0, 0x0000000002d5c058]
Event: 3.072 Thread 0x00000000568d1000 1278       3       com.android.dx.ssa.SsaMethod::onSourceChanged (65 bytes)
Event: 3.073 Thread 0x00000000568d1000 nmethod 1278 0x0000000002d5ca50 code [0x0000000002d5cc20, 0x0000000002d5d498]
Event: 3.073 Thread 0x00000000568d1000 1279       3       com.android.dx.util.LabeledList::removeLabel (10 bytes)
Event: 3.073 Thread 0x00000000568d1000 nmethod 1279 0x0000000002d54f10 code [0x0000000002d55080, 0x0000000002d552a8]
Event: 3.073 Thread 0x000000005685d000 nmethod 1260 0x0000000002d54b10 code [0x0000000002d54c60, 0x0000000002d54d58]
Event: 3.073 Thread 0x000000005685d000 1252       4       com.android.dx.ssa.LiteralOpUpgrader$1::visitNonMoveInsn (203 bytes)
Event: 3.075 Thread 0x00000000568d1000 1280       3       java.util.TreeMap::rotateLeft (96 bytes)
Event: 3.075 Thread 0x00000000568d1000 nmethod 1280 0x0000000002d600d0 code [0x0000000002d60240, 0x0000000002d60590]

GC Heap History (0 events):
No events

Deoptimization events (10 events):
Event: 0.980 Thread 0x0000000056a66000 Uncommon trap: reason=class_check action=maybe_recompile pc=0x0000000002ab0e5c method=com.android.dx.ssa.NormalSsaInsn.accept(Lcom/android/dx/ssa/SsaInsn$Visitor;)V @ 9
Event: 0.980 Thread 0x0000000056a66000 Uncommon trap: reason=class_check action=maybe_recompile pc=0x0000000002ab0e5c method=com.android.dx.ssa.NormalSsaInsn.accept(Lcom/android/dx/ssa/SsaInsn$Visitor;)V @ 9
Event: 0.980 Thread 0x0000000056a66000 Uncommon trap: reason=class_check action=maybe_recompile pc=0x0000000002ab0e5c method=com.android.dx.ssa.NormalSsaInsn.accept(Lcom/android/dx/ssa/SsaInsn$Visitor;)V @ 9
Event: 0.980 Thread 0x0000000056a66000 Uncommon trap: reason=class_check action=maybe_recompile pc=0x0000000002ab0e5c method=com.android.dx.ssa.NormalSsaInsn.accept(Lcom/android/dx/ssa/SsaInsn$Visitor;)V @ 9
Event: 0.981 Thread 0x0000000056a66000 Uncommon trap: reason=unstable_if action=reinterpret pc=0x0000000002a44c30 method=java.util.HashMap.getNode(ILjava/lang/Object;)Ljava/util/HashMap$Node; @ 129
Event: 1.053 Thread 0x0000000056a5d000 Uncommon trap: reason=null_check action=make_not_entrant pc=0x0000000002afa390 method=com.android.dx.ssa.SsaRenamer.getLocalForNewReg(I)Lcom/android/dx/rop/code/LocalItem; @ 19
Event: 1.069 Thread 0x0000000056a66000 Uncommon trap: reason=unstable_if action=reinterpret pc=0x0000000002a3bde4 method=com.android.dx.rop.code.RegisterSpec.equals(ILcom/android/dx/rop/type/TypeBearer;Lcom/android/dx/rop/code/LocalItem;)Z @ 16
Event: 1.679 Thread 0x0000000056a66000 Uncommon trap: reason=null_check action=make_not_entrant pc=0x0000000002b35c60 method=com.android.dx.ssa.SsaRenamer.getLocalForNewReg(I)Lcom/android/dx/rop/code/LocalItem; @ 19
Event: 2.988 Thread 0x0000000056a65000 Uncommon trap: reason=unstable_if action=reinterpret pc=0x0000000002af0644 method=com.android.dx.rop.cst.Constant.compareTo(Lcom/android/dx/rop/cst/Constant;)I @ 12
Event: 3.049 Thread 0x0000000056a66000 Uncommon trap: reason=unstable_if action=reinterpret pc=0x0000000002b26604 method=com.android.dx.rop.code.RegisterSpec.equals(ILcom/android/dx/rop/type/TypeBearer;Lcom/android/dx/rop/code/LocalItem;)Z @ 42

Internal exceptions (4 events):
Event: 0.061 Thread 0x000000000271e000 Exception <a 'java/lang/NoSuchMethodError': Method sun.misc.Unsafe.defineClass(Ljava/lang/String;[BII)Ljava/lang/Class; name or signature does not match> (0x00000000eab13080) thrown at [C:\re\workspace\8-2-build-windows-amd64-cygwin\jdk8u66\5298\hotspot\sr³¦%ˆ
¯?
Event: 0.061 Thread 0x000000000271e000 Exception <a 'java/lang/NoSuchMethodError': Method sun.misc.Unsafe.prefetchRead(Ljava/lang/Object;J)V name or signature does not match> (0x00000000eab13368) thrown at [C:\re\workspace\8-2-build-windows-amd64-cygwin\jdk8u66\5298\hotspot\src\share\vm\prims\jÀŠ+Õ3×ð?
Event: 1.053 Thread 0x0000000056a5d000 Implicit null exception at 0x0000000002af8b66 to 0x0000000002afa345
Event: 1.679 Thread 0x0000000056a66000 Implicit null exception at 0x0000000002b344a1 to 0x0000000002b35c41

Events (10 events):
Event: 2.988 Thread 0x0000000056a65000 Uncommon trap: trap_request=0xffffff65 fr.pc=0x0000000002af0644
Event: 2.988 Thread 0x0000000056a65000 DEOPT PACKING pc=0x0000000002af0644 sp=0x000000005812e650
Event: 2.988 Thread 0x0000000056a65000 DEOPT UNPACKING pc=0x000000000289582a sp=0x000000005812e5f0 mode 2
Event: 3.049 Thread 0x0000000056a66000 Uncommon trap: trap_request=0xffffff65 fr.pc=0x0000000002b26604
Event: 3.049 Thread 0x0000000056a66000 DEOPT PACKING pc=0x0000000002b26604 sp=0x0000000058aee8b0
Event: 3.049 Thread 0x0000000056a66000 DEOPT UNPACKING pc=0x000000000289582a sp=0x0000000058aee838 mode 2
Event: 3.052 Thread 0x0000000056a66000 DEOPT PACKING pc=0x0000000002bbfdbb sp=0x0000000058aee870
Event: 3.052 Thread 0x0000000056a66000 DEOPT UNPACKING pc=0x000000000289747f sp=0x0000000058aee638 mode 0
Event: 3.065 loading class com/android/dx/cf/code/BytecodeArray$ConstantParserVisitor
Event: 3.065 loading class com/android/dx/cf/code/BytecodeArray$ConstantParserVisitor done


Dynamic libraries:
0x000000013f4c0000 - 0x000000013f4f7000 	C:\Program Files\Java\jdk1.8.0_66\bin\java.exe
0x0000000076de0000 - 0x0000000076f89000 	C:\Windows\SYSTEM32\ntdll.dll
0x0000000076bc0000 - 0x0000000076cdf000 	C:\Windows\system32\kernel32.dll
0x000007fefcff0000 - 0x000007fefd05b000 	C:\Windows\system32\KERNELBASE.dll
0x000007fefebc0000 - 0x000007fefec9b000 	C:\Windows\system32\ADVAPI32.dll
0x000007fefd980000 - 0x000007fefda1f000 	C:\Windows\system32\msvcrt.dll
0x000007fefd100000 - 0x000007fefd11f000 	C:\Windows\SYSTEM32\sechost.dll
0x000007fefeca0000 - 0x000007fefedcd000 	C:\Windows\system32\RPCRT4.dll
0x0000000076ce0000 - 0x0000000076dda000 	C:\Windows\system32\USER32.dll
0x000007fefd130000 - 0x000007fefd197000 	C:\Windows\system32\GDI32.dll
0x000007fefd120000 - 0x000007fefd12e000 	C:\Windows\system32\LPK.dll
0x000007fefe8e0000 - 0x000007fefe9a9000 	C:\Windows\system32\USP10.dll
0x000007fefb6f0000 - 0x000007fefb8e4000 	C:\Windows\WinSxS\amd64_microsoft.windows.common-controls_6595b64144ccf1df_6.0.7601.17514_none_fa396087175ac9ac\COMCTL32.dll
0x000007fefd7a0000 - 0x000007fefd811000 	C:\Windows\system32\SHLWAPI.dll
0x000007fefefb0000 - 0x000007fefefde000 	C:\Windows\system32\IMM32.DLL
0x000007fefefe0000 - 0x000007feff0e9000 	C:\Windows\system32\MSCTF.dll
0x000000005a8c0000 - 0x000000005a992000 	C:\Program Files\Java\jdk1.8.0_66\jre\bin\msvcr100.dll
0x000000005ab60000 - 0x000000005b3e9000 	C:\Program Files\Java\jdk1.8.0_66\jre\bin\server\jvm.dll
0x000007fef2910000 - 0x000007fef2919000 	C:\Windows\system32\WSOCK32.dll
0x000007fefd2f0000 - 0x000007fefd33d000 	C:\Windows\system32\WS2_32.dll
0x000007fefd240000 - 0x000007fefd248000 	C:\Windows\system32\NSI.dll
0x000007fefa130000 - 0x000007fefa16b000 	C:\Windows\system32\WINMM.dll
0x000007fefc640000 - 0x000007fefc64c000 	C:\Windows\system32\VERSION.dll
0x0000000076fa0000 - 0x0000000076fa7000 	C:\Windows\system32\PSAPI.DLL
0x000000006bdb0000 - 0x000000006bdbf000 	C:\Program Files\Java\jdk1.8.0_66\jre\bin\verify.dll
0x0000000067290000 - 0x00000000672b9000 	C:\Program Files\Java\jdk1.8.0_66\jre\bin\java.dll
0x000000006b990000 - 0x000000006b9a6000 	C:\Program Files\Java\jdk1.8.0_66\jre\bin\zip.dll
0x000007fefda20000 - 0x000007fefe7a8000 	C:\Windows\system32\SHELL32.dll
0x000007fefe9b0000 - 0x000007fefebb3000 	C:\Windows\system32\ole32.dll
0x000007fefcd30000 - 0x000007fefcd3f000 	C:\Windows\system32\profapi.dll

VM Arguments:
jvm_args: -Djava.awt.headless=true -Xmx1024M -Dfile.encoding=x-windows-950 -Duser.country=TW -Duser.language=zh -Duser.variant 
java_command: com.android.dx.command.Main --dex --num-threads=4 --output C:\Users\awei\Desktop\AweiNO1\app\build\intermediates\pre-dexed\debug\bolts-android-1.2.0_475067b511ccaec3630c8c68a28414024647c727.jar C:\Users\awei\.gradle\caches\modules-2\files-2.1\com.parse.bolts\bolts-android\1.2.0\6ee2953ccf51ce72b6d548c30c4633b99eb4f9dd\bolts-android-1.2.0.jar
java_class_path (initial): C:\Users\awei\AppData\Local\Android\sdk1\build-tools\23.0.2\lib\dx.jar
Launcher Type: SUN_STANDARD

Environment Variables:
JAVA_HOME=C:\Program Files\Java\jdk1.8.0_66
PATH=C:\ProgramData\Oracle\Java\javapath;C:\Program Files (x86)\NVIDIA Corporation\PhysX\Common;C:\Windows\system32;C:\Windows;C:\Windows\System32\Wbem;C:\Windows\System32\WindowsPowerShell\v1.0\;C:\Program Files (x86)\QuickTime\QTSystem\
USERNAME=awei
OS=Windows_NT
PROCESSOR_IDENTIFIER=Intel64 Family 6 Model 26 Stepping 5, GenuineIntel



---------------  S Y S T E M  ---------------

OS: Windows 7 , 64 bit Build 7601 (6.1.7601.17514)

CPU:total 8 (4 cores per cpu, 2 threads per core) family 6 model 26 stepping 5, cmov, cx8, fxsr, mmx, sse, sse2, sse3, ssse3, sse4.1, sse4.2, popcnt, ht, tsc, tscinvbit, tscinv

Memory: 4k page, physical 8379512k(634580k free), swap 10563684k(5220k free)

vm_info: Java HotSpot(TM) 64-Bit Server VM (25.66-b18) for windows-amd64 JRE (1.8.0_66-b18), built on Nov  9 2015 10:51:13 by "java_re" with MS VC++ 10.0 (VS2010)

time: Thu Feb 11 21:55:40 2016
elapsed time: 3 seconds (0d 0h 0m 3s)

