#
# There is insufficient memory for the Java Runtime Environment to continue.
# Native memory allocation (malloc) failed to allocate 262160 bytes for Chunk::new
# Possible reasons:
#   The system is out of physical RAM or swap space
#   In 32 bit mode, the process size limit was hit
# Possible solutions:
#   Reduce memory load on the system
#   Increase physical memory or swap space
#   Check if swap backing store is full
#   Use 64 bit Java on a 64 bit OS
#   Decrease Java heap size (-Xmx/-Xms)
#   Decrease number of Java threads
#   Decrease Java thread stack sizes (-Xss)
#   Set larger code cache with -XX:ReservedCodeCacheSize=
# This output file may be truncated or incomplete.
#
#  Out of Memory Error (allocation.cpp:390), pid=10232, tid=5644
#
# JRE version: Java(TM) SE Runtime Environment (8.0_66-b18) (build 1.8.0_66-b18)
# Java VM: Java HotSpot(TM) 64-Bit Server VM (25.66-b18 mixed mode windows-amd64 compressed oops)
# Failed to write core dump. Minidumps are not enabled by default on client versions of Windows
#

---------------  T H R E A D  ---------------

Current thread (0x00000000569b9000):  JavaThread "C2 CompilerThread0" daemon [_thread_in_native, id=5644, stack(0x00000000581f0000,0x00000000582f0000)]

Stack: [0x00000000581f0000,0x00000000582f0000]
[error occurred during error reporting (printing stack bounds), id 0xc0000005]

Native frames: (J=compiled Java code, j=interpreted, Vv=VM code, C=native code)


Current CompileTask:
C2:   3557 1967       4       com.android.dx.cf.code.Simulator$SimVisitor::visitConstant (332 bytes)


---------------  P R O C E S S  ---------------

Java Threads: ( => current thread )
  0x0000000058a9b000 JavaThread "pool-1-thread-4" [_thread_blocked, id=6092, stack(0x0000000059790000,0x0000000059890000)]
  0x0000000058b92000 JavaThread "pool-1-thread-3" [_thread_blocked, id=7444, stack(0x0000000059610000,0x0000000059710000)]
  0x00000000589ff000 JavaThread "pool-1-thread-2" [_thread_blocked_trans, id=6996, stack(0x0000000059440000,0x0000000059540000)]
  0x00000000589fe000 JavaThread "pool-2-thread-1" [_thread_blocked, id=9712, stack(0x0000000059120000,0x0000000059220000)]
  0x00000000589fb000 JavaThread "pool-1-thread-1" [_thread_blocked, id=9716, stack(0x0000000059290000,0x0000000059390000)]
  0x0000000056a73800 JavaThread "Service Thread" daemon [_thread_blocked, id=7508, stack(0x0000000058710000,0x0000000058810000)]
  0x00000000569e3800 JavaThread "C1 CompilerThread3" daemon [_thread_blocked, id=9468, stack(0x0000000058550000,0x0000000058650000)]
  0x00000000569cd000 JavaThread "C2 CompilerThread2" daemon [_thread_in_native, id=3224, stack(0x0000000058380000,0x0000000058480000)]
  0x00000000569c8000 JavaThread "C2 CompilerThread1" daemon [_thread_in_native, id=9324, stack(0x0000000057c50000,0x0000000057d50000)]
=>0x00000000569b9000 JavaThread "C2 CompilerThread0" daemon [_thread_in_native, id=5644, stack(0x00000000581f0000,0x00000000582f0000)]
  0x00000000569b8000 JavaThread "Attach Listener" daemon [_thread_blocked, id=9368, stack(0x0000000058020000,0x0000000058120000)]
  0x00000000569ae800 JavaThread "Signal Dispatcher" daemon [_thread_blocked, id=4068, stack(0x0000000057de0000,0x0000000057ee0000)]
  0x00000000558e5000 JavaThread "Finalizer" daemon [_thread_blocked, id=9264, stack(0x00000000578f0000,0x00000000579f0000)]
  0x00000000025ff800 JavaThread "Reference Handler" daemon [_thread_blocked, id=9256, stack(0x0000000057b50000,0x0000000057c50000)]
  0x000000000039e000 JavaThread "main" [_thread_blocked, id=8896, stack(0x00000000026c0000,0x00000000027c0000)]

Other Threads:
  0x00000000025fc800 VMThread [stack: 0x0000000057a40000,0x0000000057b40000] [id=8548]
  0x0000000056ac6000 WatcherThread [stack: 0x0000000058820000,0x0000000058920000] [id=6940]

VM state:not at safepoint (normal execution)

VM Mutex/Monitor currently owned by a thread: None

Heap:
 PSYoungGen      total 71680K, used 64912K [0x00000000eab00000, 0x00000000f3700000, 0x0000000100000000)
  eden space 66560K, 89% used [0x00000000eab00000,0x00000000ee564a18,0x00000000eec00000)
  from space 5120K, 99% used [0x00000000eec00000,0x00000000ef0ff648,0x00000000ef100000)
  to   space 5120K, 0% used [0x00000000f3200000,0x00000000f3200000,0x00000000f3700000)
 ParOldGen       total 87552K, used 11933K [0x00000000c0000000, 0x00000000c5580000, 0x00000000eab00000)
  object space 87552K, 13% used [0x00000000c0000000,0x00000000c0ba76d8,0x00000000c5580000)
 Metaspace       used 6434K, capacity 7192K, committed 7424K, reserved 1056768K
  class space    used 626K, capacity 656K, committed 768K, reserved 1048576K

Card table byte_map: [0x0000000011c00000,0x0000000011e10000] byte_map_base: 0x0000000011600000

Marking Bits: (ParMarkBitMap*) 0x000000005bc5a5b0
 Begin Bits: [0x0000000012d00000, 0x0000000013d00000)
 End Bits:   [0x0000000013d00000, 0x0000000014d00000)

Polling page: 0x0000000000340000

CodeCache: size=245760Kb used=6780Kb max_used=6792Kb free=238979Kb
 bounds [0x0000000002840000, 0x0000000002ef0000, 0x0000000011840000]
 total_blobs=2159 nmethods=1888 adapters=184
 compilation: enabled

Compilation events (10 events):
Event: 3.511 Thread 0x00000000569cd000 nmethod 1956 0x0000000002ec4390 code [0x0000000002ec4500, 0x0000000002ec4a58]
Event: 3.511 Thread 0x00000000569cd000 1974       4       com.android.dx.ssa.back.SsaToRop::convertInsns (53 bytes)
Event: 3.513 Thread 0x00000000569b9000 nmethod 1971 0x0000000002ec5950 code [0x0000000002ec5b20, 0x0000000002ec6170]
Event: 3.513 Thread 0x00000000569b9000 1973       4       com.android.dx.ssa.SsaBasicBlock::getRopLabelSuccessorList (57 bytes)
Event: 3.518 Thread 0x00000000569cd000 nmethod 1974 0x0000000002ee8910 code [0x0000000002ee8a80, 0x0000000002ee8e98]
Event: 3.518 Thread 0x00000000569cd000 1972       4       com.android.dx.ssa.back.SsaToRop::convertBasicBlock (126 bytes)
Event: 3.528 Thread 0x00000000569b9000 nmethod 1973 0x0000000002ee9390 code [0x0000000002ee9520, 0x0000000002ee9d38]
Event: 3.528 Thread 0x00000000569b9000 1961       4       com.android.dx.ssa.back.FirstFitLocalCombiningAllocator::getAlignment (32 bytes)
Event: 3.529 Thread 0x00000000569b9000 nmethod 1961 0x0000000002c184d0 code [0x0000000002c18600, 0x0000000002c18678]
Event: 3.529 Thread 0x00000000569b9000 1967       4       com.android.dx.cf.code.Simulator$SimVisitor::visitConstant (332 bytes)

GC Heap History (6 events):
Event: 0.724 GC heap before
{Heap before GC invocations=1 (full 0):
 PSYoungGen      total 38400K, used 33280K [0x00000000eab00000, 0x00000000ed580000, 0x0000000100000000)
  eden space 33280K, 100% used [0x00000000eab00000,0x00000000ecb80000,0x00000000ecb80000)
  from space 5120K, 0% used [0x00000000ed080000,0x00000000ed080000,0x00000000ed580000)
  to   space 5120K, 0% used [0x00000000ecb80000,0x00000000ecb80000,0x00000000ed080000)
 ParOldGen       total 87552K, used 0K [0x00000000c0000000, 0x00000000c5580000, 0x00000000eab00000)
  object space 87552K, 0% used [0x00000000c0000000,0x00000000c0000000,0x00000000c5580000)
 Metaspace       used 5584K, capacity 6514K, committed 6784K, reserved 1056768K
  class space    used 597K, capacity 618K, committed 640K, reserved 1048576K
Event: 0.765 GC heap after
Heap after GC invocations=1 (full 0):
 PSYoungGen      total 38400K, used 3999K [0x00000000eab00000, 0x00000000ef600000, 0x0000000100000000)
  eden space 33280K, 0% used [0x00000000eab00000,0x00000000eab00000,0x00000000ecb80000)
  from space 5120K, 78% used [0x00000000ecb80000,0x00000000ecf67fe8,0x00000000ed080000)
  to   space 5120K, 0% used [0x00000000ef100000,0x00000000ef100000,0x00000000ef600000)
 ParOldGen       total 87552K, used 8K [0x00000000c0000000, 0x00000000c5580000, 0x00000000eab00000)
  object space 87552K, 0% used [0x00000000c0000000,0x00000000c0002000,0x00000000c5580000)
 Metaspace       used 5584K, capacity 6514K, committed 6784K, reserved 1056768K
  class space    used 597K, capacity 618K, committed 640K, reserved 1048576K
}
Event: 1.345 GC heap before
{Heap before GC invocations=2 (full 0):
 PSYoungGen      total 38400K, used 37279K [0x00000000eab00000, 0x00000000ef600000, 0x0000000100000000)
  eden space 33280K, 100% used [0x00000000eab00000,0x00000000ecb80000,0x00000000ecb80000)
  from space 5120K, 78% used [0x00000000ecb80000,0x00000000ecf67fe8,0x00000000ed080000)
  to   space 5120K, 0% used [0x00000000ef100000,0x00000000ef100000,0x00000000ef600000)
 ParOldGen       total 87552K, used 8K [0x00000000c0000000, 0x00000000c5580000, 0x00000000eab00000)
  object space 87552K, 0% used [0x00000000c0000000,0x00000000c0002000,0x00000000c5580000)
 Metaspace       used 6077K, capacity 6964K, committed 7040K, reserved 1056768K
  class space    used 605K, capacity 620K, committed 640K, reserved 1048576K
Event: 1.923 GC heap after
Heap after GC invocations=2 (full 0):
 PSYoungGen      total 71680K, used 5108K [0x00000000eab00000, 0x00000000ef600000, 0x0000000100000000)
  eden space 66560K, 0% used [0x00000000eab00000,0x00000000eab00000,0x00000000eec00000)
  from space 5120K, 99% used [0x00000000ef100000,0x00000000ef5fd298,0x00000000ef600000)
  to   space 5120K, 0% used [0x00000000eec00000,0x00000000eec00000,0x00000000ef100000)
 ParOldGen       total 87552K, used 2703K [0x00000000c0000000, 0x00000000c5580000, 0x00000000eab00000)
  object space 87552K, 3% used [0x00000000c0000000,0x00000000c02a3f60,0x00000000c5580000)
 Metaspace       used 6077K, capacity 6964K, committed 7040K, reserved 1056768K
  class space    used 605K, capacity 620K, committed 640K, reserved 1048576K
}
Event: 2.465 GC heap before
{Heap before GC invocations=3 (full 0):
 PSYoungGen      total 71680K, used 71668K [0x00000000eab00000, 0x00000000ef600000, 0x0000000100000000)
  eden space 66560K, 100% used [0x00000000eab00000,0x00000000eec00000,0x00000000eec00000)
  from space 5120K, 99% used [0x00000000ef100000,0x00000000ef5fd298,0x00000000ef600000)
  to   space 5120K, 0% used [0x00000000eec00000,0x00000000eec00000,0x00000000ef100000)
 ParOldGen       total 87552K, used 2703K [0x00000000c0000000, 0x00000000c5580000, 0x00000000eab00000)
  object space 87552K, 3% used [0x00000000c0000000,0x00000000c02a3f60,0x00000000c5580000)
 Metaspace       used 6337K, capacity 7128K, committed 7424K, reserved 1056768K
  class space    used 626K, capacity 656K, committed 768K, reserved 1048576K
Event: 2.529 GC heap after
Heap after GC invocations=3 (full 0):
 PSYoungGen      total 71680K, used 5117K [0x00000000eab00000, 0x00000000f3700000, 0x0000000100000000)
  eden space 66560K, 0% used [0x00000000eab00000,0x00000000eab00000,0x00000000eec00000)
  from space 5120K, 99% used [0x00000000eec00000,0x00000000ef0ff648,0x00000000ef100000)
  to   space 5120K, 0% used [0x00000000f3200000,0x00000000f3200000,0x00000000f3700000)
 ParOldGen       total 87552K, used 11933K [0x00000000c0000000, 0x00000000c5580000, 0x00000000eab00000)
  object space 87552K, 13% used [0x00000000c0000000,0x00000000c0ba76d8,0x00000000c5580000)
 Metaspace       used 6337K, capacity 7128K, committed 7424K, reserved 1056768K
  class space    used 626K, capacity 656K, committed 768K, reserved 1048576K
}

Deoptimization events (10 events):
Event: 2.546 Thread 0x00000000589fb000 Uncommon trap: reason=bimorphic action=maybe_recompile pc=0x0000000002dba848 method=com.android.dx.ssa.SCCP.simulatePhi(Lcom/android/dx/ssa/PhiInsn;)V @ 124
Event: 2.546 Thread 0x00000000589fb000 Uncommon trap: reason=bimorphic action=maybe_recompile pc=0x0000000002dba848 method=com.android.dx.ssa.SCCP.simulatePhi(Lcom/android/dx/ssa/PhiInsn;)V @ 124
Event: 2.546 Thread 0x00000000589fb000 Uncommon trap: reason=class_check action=maybe_recompile pc=0x0000000002d02780 method=java.util.HashMap.putVal(ILjava/lang/Object;Ljava/lang/Object;ZZ)Ljava/lang/Object; @ 203
Event: 2.546 Thread 0x00000000589fb000 Uncommon trap: reason=class_check action=maybe_recompile pc=0x0000000002d02780 method=java.util.HashMap.putVal(ILjava/lang/Object;Ljava/lang/Object;ZZ)Ljava/lang/Object; @ 203
Event: 2.546 Thread 0x00000000589fb000 Uncommon trap: reason=class_check action=maybe_recompile pc=0x0000000002d02780 method=java.util.HashMap.putVal(ILjava/lang/Object;Ljava/lang/Object;ZZ)Ljava/lang/Object; @ 203
Event: 2.546 Thread 0x00000000589fb000 Uncommon trap: reason=class_check action=maybe_recompile pc=0x0000000002d02780 method=java.util.HashMap.putVal(ILjava/lang/Object;Ljava/lang/Object;ZZ)Ljava/lang/Object; @ 203
Event: 2.548 Thread 0x00000000589fb000 Uncommon trap: reason=bimorphic action=maybe_recompile pc=0x0000000002dba848 method=com.android.dx.ssa.SCCP.simulatePhi(Lcom/android/dx/ssa/PhiInsn;)V @ 124
Event: 2.548 Thread 0x00000000589fb000 Uncommon trap: reason=bimorphic action=maybe_recompile pc=0x0000000002dba848 method=com.android.dx.ssa.SCCP.simulatePhi(Lcom/android/dx/ssa/PhiInsn;)V @ 124
Event: 2.761 Thread 0x0000000058b92000 Uncommon trap: reason=class_check action=maybe_recompile pc=0x0000000002d383c0 method=com.android.dx.ssa.SCCP.simulateBranch(Lcom/android/dx/ssa/SsaInsn;)V @ 145
Event: 2.767 Thread 0x0000000058b92000 Uncommon trap: reason=class_check action=maybe_recompile pc=0x0000000002d383c0 method=com.android.dx.ssa.SCCP.simulateBranch(Lcom/android/dx/ssa/SsaInsn;)V @ 145

Internal exceptions (6 events):
Event: 0.128 Thread 0x000000000039e000 Exception <a 'java/lang/NoSuchMethodError': Method sun.misc.Unsafe.defineClass(Ljava/lang/String;[BII)Ljava/lang/Class; name or signature does not match> (0x00000000eab13080) thrown at [C:\re\workspace\8-2-build-windows-amd64-cygwin\jdk8u66\5298\hotspot\srùﬂùp¿?
Event: 0.128 Thread 0x000000000039e000 Exception <a 'java/lang/NoSuchMethodError': Method sun.misc.Unsafe.prefetchRead(Ljava/lang/Object;J)V name or signature does not match> (0x00000000eab13368) thrown at [C:\re\workspace\8-2-build-windows-amd64-cygwin\jdk8u66\5298\hotspot\src\share\vm\prims\jPô>èI?
Event: 1.018 Thread 0x00000000589fb000 Implicit null exception at 0x0000000002ad8692 to 0x0000000002ad8782
Event: 2.406 Thread 0x0000000058b92000 Exception <a 'java/lang/ArrayIndexOutOfBoundsException': 18> (0x00000000ee69c4a8) thrown at [C:\re\workspace\8-2-build-windows-amd64-cygwin\jdk8u66\5298\hotspot\src\share\vm\interpreter\interpreterRuntime.cpp, line 366]
Event: 2.406 Thread 0x0000000058b92000 Exception <a 'java/lang/ArrayIndexOutOfBoundsException': 145> (0x00000000ee69e028) thrown at [C:\re\workspace\8-2-build-windows-amd64-cygwin\jdk8u66\5298\hotspot\src\share\vm\interpreter\interpreterRuntime.cpp, line 366]
Event: 2.415 Thread 0x0000000058b92000 Exception <a 'java/lang/ArrayIndexOutOfBoundsException'> (0x00000000ee69f310) thrown at [C:\re\workspace\8-2-build-windows-amd64-cygwin\jdk8u66\5298\hotspot\src\share\vm\runtime\sharedRuntime.cpp, line 605]

Events (10 events):
Event: 2.851 Thread 0x00000000589fb000 DEOPT PACKING pc=0x0000000002c5a484 sp=0x000000005938ee30
Event: 2.851 Thread 0x00000000589fb000 DEOPT UNPACKING pc=0x000000000288747f sp=0x000000005938eb10 mode 0
Event: 3.130 Thread 0x00000000589ff000 DEOPT PACKING pc=0x0000000002cd0eec sp=0x000000005953ea10
Event: 3.130 Thread 0x00000000589ff000 DEOPT UNPACKING pc=0x000000000288747f sp=0x000000005953e7a0 mode 0
Event: 3.132 Thread 0x00000000589ff000 DEOPT PACKING pc=0x0000000002c78d8b sp=0x000000005953eb00
Event: 3.132 Thread 0x00000000589ff000 DEOPT UNPACKING pc=0x000000000288747f sp=0x000000005953e818 mode 0
Event: 3.489 Thread 0x00000000589fb000 DEOPT PACKING pc=0x0000000002c5a484 sp=0x000000005938ed70
Event: 3.489 Thread 0x00000000589fb000 DEOPT UNPACKING pc=0x000000000288747f sp=0x000000005938ea50 mode 0
Event: 3.492 Thread 0x00000000589fb000 DEOPT PACKING pc=0x0000000002c9323a sp=0x000000005938eda0
Event: 3.492 Thread 0x00000000589fb000 DEOPT UNPACKING pc=0x000000000288747f sp=0x000000005938ead8 mode 0


Dynamic libraries:
0x000000013f4e0000 - 0x000000013f517000 	C:\Program Files\Java\jdk1.8.0_66\bin\java.exe
0x0000000076d00000 - 0x0000000076ea9000 	C:\Windows\SYSTEM32\ntdll.dll
0x0000000076be0000 - 0x0000000076cff000 	C:\Windows\system32\kernel32.dll
0x000007fefce40000 - 0x000007fefceab000 	C:\Windows\system32\KERNELBASE.dll
0x000007fefd6f0000 - 0x000007fefd7cb000 	C:\Windows\system32\ADVAPI32.dll
0x000007fefdd20000 - 0x000007fefddbf000 	C:\Windows\system32\msvcrt.dll
0x000007fefdb70000 - 0x000007fefdb8f000 	C:\Windows\SYSTEM32\sechost.dll
0x000007fefd560000 - 0x000007fefd68d000 	C:\Windows\system32\RPCRT4.dll
0x0000000076ae0000 - 0x0000000076bda000 	C:\Windows\system32\USER32.dll
0x000007fefd820000 - 0x000007fefd887000 	C:\Windows\system32\GDI32.dll
0x000007feff000000 - 0x000007feff00e000 	C:\Windows\system32\LPK.dll
0x000007fefddc0000 - 0x000007fefde89000 	C:\Windows\system32\USP10.dll
0x000007fefb610000 - 0x000007fefb804000 	C:\Windows\WinSxS\amd64_microsoft.windows.common-controls_6595b64144ccf1df_6.0.7601.17514_none_fa396087175ac9ac\COMCTL32.dll
0x000007fefd890000 - 0x000007fefd901000 	C:\Windows\system32\SHLWAPI.dll
0x000007fefdc10000 - 0x000007fefdc3e000 	C:\Windows\system32\IMM32.DLL
0x000007fefeef0000 - 0x000007fefeff9000 	C:\Windows\system32\MSCTF.dll
0x000000005cab0000 - 0x000000005cb82000 	C:\Program Files\Java\jdk1.8.0_66\jre\bin\msvcr100.dll
0x000000005b450000 - 0x000000005bcd9000 	C:\Program Files\Java\jdk1.8.0_66\jre\bin\server\jvm.dll
0x000007fef5eb0000 - 0x000007fef5eb9000 	C:\Windows\system32\WSOCK32.dll
0x000007fefd7d0000 - 0x000007fefd81d000 	C:\Windows\system32\WS2_32.dll
0x000007fefd4b0000 - 0x000007fefd4b8000 	C:\Windows\system32\NSI.dll
0x000007fef9c90000 - 0x000007fef9ccb000 	C:\Windows\system32\WINMM.dll
0x000007fefc560000 - 0x000007fefc56c000 	C:\Windows\system32\VERSION.dll
0x0000000076ec0000 - 0x0000000076ec7000 	C:\Windows\system32\PSAPI.DLL
0x000000006bc90000 - 0x000000006bc9f000 	C:\Program Files\Java\jdk1.8.0_66\jre\bin\verify.dll
0x000000006b5f0000 - 0x000000006b619000 	C:\Program Files\Java\jdk1.8.0_66\jre\bin\java.dll
0x000000006b5d0000 - 0x000000006b5e6000 	C:\Program Files\Java\jdk1.8.0_66\jre\bin\zip.dll
0x000007fefe010000 - 0x000007fefed98000 	C:\Windows\system32\SHELL32.dll
0x000007fefd0c0000 - 0x000007fefd2c3000 	C:\Windows\system32\ole32.dll
0x000007fefcc50000 - 0x000007fefcc5f000 	C:\Windows\system32\profapi.dll

VM Arguments:
jvm_args: -Djava.awt.headless=true -Xmx1024M -Dfile.encoding=x-windows-950 -Duser.country=TW -Duser.language=zh -Duser.variant 
java_command: com.android.dx.command.Main --dex --num-threads=4 --output C:\Users\awei\Desktop\AweiNO1\app\build\intermediates\pre-dexed\debug\com.google.android.gms-play-services-ads-8.4.0_8ed46c05cd2825980e0ad2e880bee383e6870a4c.jar C:\Users\awei\Desktop\AweiNO1\app\build\intermediates\exploded-aar\com.google.android.gms\play-services-ads\8.4.0\jars\classes.jar
java_class_path (initial): C:\Users\awei\AppData\Local\Android\sdk1\build-tools\23.0.2\lib\dx.jar
Launcher Type: SUN_STANDARD

Environment Variables:
JAVA_HOME=C:\Program Files\Java\jdk1.8.0_66
PATH=C:\ProgramData\Oracle\Java\javapath;C:\Program Files (x86)\NVIDIA Corporation\PhysX\Common;C:\Windows\system32;C:\Windows;C:\Windows\System32\Wbem;C:\Windows\System32\WindowsPowerShell\v1.0\;C:\Program Files (x86)\QuickTime\QTSystem\
USERNAME=awei
OS=Windows_NT
PROCESSOR_IDENTIFIER=Intel64 Family 6 Model 26 Stepping 5, GenuineIntel



---------------  S Y S T E M  ---------------

OS: Windows 7 , 64 bit Build 7601 (6.1.7601.17514)

CPU:total 8 (4 cores per cpu, 2 threads per core) family 6 model 26 stepping 5, cmov, cx8, fxsr, mmx, sse, sse2, sse3, ssse3, sse4.1, sse4.2, popcnt, ht, tsc, tscinvbit, tscinv

Memory: 4k page, physical 8379512k(124140k free), swap 10987508k(5216k free)

vm_info: Java HotSpot(TM) 64-Bit Server VM (25.66-b18) for windows-amd64 JRE (1.8.0_66-b18), built on Nov  9 2015 10:51:13 by "java_re" with MS VC++ 10.0 (VS2010)

time: Sun Feb 14 15:09:10 2016
elapsed time: 3 seconds (0d 0h 0m 3s)

