#
# There is insufficient memory for the Java Runtime Environment to continue.
# Native memory allocation (malloc) failed to allocate 1368176 bytes for Chunk::new
# Possible reasons:
#   The system is out of physical RAM or swap space
#   In 32 bit mode, the process size limit was hit
# Possible solutions:
#   Reduce memory load on the system
#   Increase physical memory or swap space
#   Check if swap backing store is full
#   Use 64 bit Java on a 64 bit OS
#   Decrease Java heap size (-Xmx/-Xms)
#   Decrease number of Java threads
#   Decrease Java thread stack sizes (-Xss)
#   Set larger code cache with -XX:ReservedCodeCacheSize=
# This output file may be truncated or incomplete.
#
#  Out of Memory Error (allocation.cpp:390), pid=5356, tid=4604
#
# JRE version: Java(TM) SE Runtime Environment (8.0_66-b18) (build 1.8.0_66-b18)
# Java VM: Java HotSpot(TM) 64-Bit Server VM (25.66-b18 mixed mode windows-amd64 compressed oops)
# Failed to write core dump. Minidumps are not enabled by default on client versions of Windows
#

---------------  T H R E A D  ---------------

Current thread (0x0000000056a2d800):  JavaThread "C2 CompilerThread2" daemon [_thread_in_native, id=4604, stack(0x00000000581a0000,0x00000000582a0000)]

Stack: [0x00000000581a0000,0x00000000582a0000]
[error occurred during error reporting (printing stack bounds), id 0xc0000005]

Native frames: (J=compiled Java code, j=interpreted, Vv=VM code, C=native code)


Current CompileTask:
C2:   1351 1082   !   4       com.android.dx.cf.code.BytecodeArray::parseInstruction (2764 bytes)


---------------  P R O C E S S  ---------------

Java Threads: ( => current thread )
  0x0000000056c8a000 JavaThread "pool-1-thread-4" [_thread_in_Java, id=1996, stack(0x00000000590b0000,0x00000000591b0000)]
  0x0000000056c91800 JavaThread "pool-1-thread-3" [_thread_in_Java, id=2104, stack(0x00000000592f0000,0x00000000593f0000)]
  0x0000000056c89800 JavaThread "pool-1-thread-2" [_thread_in_Java, id=6844, stack(0x0000000058680000,0x0000000058780000)]
  0x0000000056c88800 JavaThread "pool-2-thread-1" [_thread_blocked, id=7304, stack(0x0000000058450000,0x0000000058550000)]
  0x0000000056c87000 JavaThread "pool-1-thread-1" [_thread_blocked, id=9740, stack(0x00000000591b0000,0x00000000592b0000)]
  0x0000000056a42000 JavaThread "Service Thread" daemon [_thread_blocked, id=4760, stack(0x0000000058580000,0x0000000058680000)]
  0x0000000056a34000 JavaThread "C1 CompilerThread3" daemon [_thread_in_native, id=4288, stack(0x0000000058350000,0x0000000058450000)]
=>0x0000000056a2d800 JavaThread "C2 CompilerThread2" daemon [_thread_in_native, id=4604, stack(0x00000000581a0000,0x00000000582a0000)]
  0x00000000569ce800 JavaThread "C2 CompilerThread1" daemon [_thread_in_native, id=8848, stack(0x00000000579f0000,0x0000000057af0000)]
  0x00000000569bd000 JavaThread "C2 CompilerThread0" daemon [_thread_in_native, id=3884, stack(0x0000000057fd0000,0x00000000580d0000)]
  0x00000000569bb800 JavaThread "Attach Listener" daemon [_thread_blocked, id=148, stack(0x0000000057e90000,0x0000000057f90000)]
  0x00000000569ba000 JavaThread "Signal Dispatcher" daemon [_thread_blocked, id=7644, stack(0x0000000057c50000,0x0000000057d50000)]
  0x0000000055a0a800 JavaThread "Finalizer" daemon [_thread_blocked, id=6076, stack(0x0000000057d50000,0x0000000057e50000)]
  0x000000000256f800 JavaThread "Reference Handler" daemon [_thread_blocked, id=7656, stack(0x0000000057b40000,0x0000000057c40000)]
  0x000000000261e000 JavaThread "main" [_thread_blocked, id=10128, stack(0x0000000002960000,0x0000000002a60000)]

Other Threads:
  0x000000000256c800 VMThread [stack: 0x00000000578b0000,0x00000000579b0000] [id=7504]
  0x0000000056a3d800 WatcherThread [stack: 0x0000000058780000,0x0000000058880000] [id=8220]

VM state:not at safepoint (normal execution)

VM Mutex/Monitor currently owned by a thread: None

Heap:
 PSYoungGen      total 38400K, used 28886K [0x00000000eab00000, 0x00000000ed580000, 0x0000000100000000)
  eden space 33280K, 86% used [0x00000000eab00000,0x00000000ec735918,0x00000000ecb80000)
  from space 5120K, 0% used [0x00000000ed080000,0x00000000ed080000,0x00000000ed580000)
  to   space 5120K, 0% used [0x00000000ecb80000,0x00000000ecb80000,0x00000000ed080000)
 ParOldGen       total 87552K, used 0K [0x00000000c0000000, 0x00000000c5580000, 0x00000000eab00000)
  object space 87552K, 0% used [0x00000000c0000000,0x00000000c0000000,0x00000000c5580000)
 Metaspace       used 5929K, capacity 6838K, committed 7040K, reserved 1056768K
  class space    used 602K, capacity 622K, committed 640K, reserved 1048576K

Card table byte_map: [0x0000000011e20000,0x0000000012030000] byte_map_base: 0x0000000011820000

Marking Bits: (ParMarkBitMap*) 0x0000000077f7a5b0
 Begin Bits: [0x0000000012e20000, 0x0000000013e20000)
 End Bits:   [0x0000000013e20000, 0x0000000014e20000)

Polling page: 0x00000000001d0000

CodeCache: size=245760Kb used=4184Kb max_used=4188Kb free=241575Kb
 bounds [0x0000000002a60000, 0x0000000002e80000, 0x0000000011a60000]
 total_blobs=1355 nmethods=1085 adapters=184
 compilation: enabled

Compilation events (10 events):
Event: 1.348 Thread 0x0000000056a34000 1096       3       com.android.dx.rop.code.LocalItem::compareTo (9 bytes)
Event: 1.349 Thread 0x0000000056a34000 nmethod 1096 0x0000000002e71b90 code [0x0000000002e71d40, 0x0000000002e72418]
Event: 1.349 Thread 0x0000000056a34000 1086       2       com.android.dx.rop.cst.CstKnownNull::equals (5 bytes)
Event: 1.349 Thread 0x0000000056a34000 nmethod 1086 0x0000000002e71810 code [0x0000000002e71960, 0x0000000002e71af0]
Event: 1.349 Thread 0x0000000056a34000 1051       3       java.util.BitSet::nextClearBit (116 bytes)
Event: 1.350 Thread 0x0000000056a34000 nmethod 1051 0x0000000002e75190 code [0x0000000002e753a0, 0x0000000002e75e78]
Event: 1.350 Thread 0x0000000056a34000 1052       3       com.android.dx.ssa.back.FirstFitLocalCombiningAllocator::getAlignment (32 bytes)
Event: 1.350 Thread 0x0000000056a34000 nmethod 1052 0x0000000002e76410 code [0x0000000002e76580, 0x0000000002e76850]
Event: 1.350 Thread 0x0000000056a34000 1053       3       com.android.dx.ssa.back.FirstFitLocalCombiningAllocator$Alignment$3::nextClearBit (6 bytes)
Event: 1.350 Thread 0x0000000056a34000 nmethod 1053 0x0000000002e76910 code [0x0000000002e76a80, 0x0000000002e76c28]

GC Heap History (0 events):
No events

Deoptimization events (7 events):
Event: 0.803 Thread 0x0000000056c8a000 Uncommon trap: reason=unstable_if action=reinterpret pc=0x0000000002c6cf6c method=java.util.HashMap.getNode(ILjava/lang/Object;)Ljava/util/HashMap$Node; @ 62
Event: 0.948 Thread 0x0000000056c87000 Uncommon trap: reason=null_check action=make_not_entrant pc=0x0000000002d39a18 method=com.android.dx.ssa.SsaRenamer.getLocalForNewReg(I)Lcom/android/dx/rop/code/LocalItem; @ 19
Event: 1.172 Thread 0x000000000261e000 Uncommon trap: reason=unstable_if action=reinterpret pc=0x0000000002c829fc method=java.lang.String.<init>([CII)V @ 18
Event: 1.180 Thread 0x0000000056c91800 Uncommon trap: reason=unstable_if action=reinterpret pc=0x0000000002d45480 method=com.android.dx.rop.code.RegisterSpec.equals(ILcom/android/dx/rop/type/TypeBearer;Lcom/android/dx/rop/code/LocalItem;)Z @ 16
Event: 1.180 Thread 0x0000000056c91800 Uncommon trap: reason=unstable_if action=reinterpret pc=0x0000000002c981e0 method=java.util.HashMap.getNode(ILjava/lang/Object;)Ljava/util/HashMap$Node; @ 62
Event: 1.192 Thread 0x0000000056c89800 Uncommon trap: reason=unstable_if action=reinterpret pc=0x0000000002c6afe0 method=java.util.BitSet.nextSetBit(I)I @ 87
Event: 1.253 Thread 0x0000000056c89800 Uncommon trap: reason=unstable_if action=reinterpret pc=0x0000000002cbd2a4 method=java.util.BitSet.ensureCapacity(I)V @ 6

Internal exceptions (3 events):
Event: 0.041 Thread 0x000000000261e000 Exception <a 'java/lang/NoSuchMethodError': Method sun.misc.Unsafe.defineClass(Ljava/lang/String;[BII)Ljava/lang/Class; name or signature does not match> (0x00000000eab13080) thrown at [C:\re\workspace\8-2-build-windows-amd64-cygwin\jdk8u66\5298\hotspot\srØπj•hË§?
Event: 0.041 Thread 0x000000000261e000 Exception <a 'java/lang/NoSuchMethodError': Method sun.misc.Unsafe.prefetchRead(Ljava/lang/Object;J)V name or signature does not match> (0x00000000eab13368) thrown at [C:\re\workspace\8-2-build-windows-amd64-cygwin\jdk8u66\5298\hotspot\src\share\vm\prims\jIûçVÓ?
Event: 0.948 Thread 0x0000000056c87000 Implicit null exception at 0x0000000002d383de to 0x0000000002d399cd

Events (10 events):
Event: 1.180 Thread 0x0000000056c91800 DEOPT UNPACKING pc=0x0000000002aa582a sp=0x00000000593eea38 mode 2
Event: 1.180 Thread 0x0000000056c91800 Uncommon trap: trap_request=0xffffff65 fr.pc=0x0000000002c981e0
Event: 1.180 Thread 0x0000000056c91800 DEOPT PACKING pc=0x0000000002c981e0 sp=0x00000000593eeb50
Event: 1.180 Thread 0x0000000056c91800 DEOPT UNPACKING pc=0x0000000002aa582a sp=0x00000000593eea70 mode 2
Event: 1.192 Thread 0x0000000056c89800 Uncommon trap: trap_request=0xffffff65 fr.pc=0x0000000002c6afe0
Event: 1.192 Thread 0x0000000056c89800 DEOPT PACKING pc=0x0000000002c6afe0 sp=0x000000005877ef70
Event: 1.192 Thread 0x0000000056c89800 DEOPT UNPACKING pc=0x0000000002aa582a sp=0x000000005877ef08 mode 2
Event: 1.253 Thread 0x0000000056c89800 Uncommon trap: trap_request=0xffffff65 fr.pc=0x0000000002cbd2a4
Event: 1.253 Thread 0x0000000056c89800 DEOPT PACKING pc=0x0000000002cbd2a4 sp=0x000000005877eef0
Event: 1.253 Thread 0x0000000056c89800 DEOPT UNPACKING pc=0x0000000002aa582a sp=0x000000005877edd8 mode 2


Dynamic libraries:
0x000000013f8c0000 - 0x000000013f8f7000 	C:\Program Files\Java\jdk1.8.0_66\bin\java.exe
0x0000000076d00000 - 0x0000000076ea9000 	C:\Windows\SYSTEM32\ntdll.dll
0x0000000076be0000 - 0x0000000076cff000 	C:\Windows\system32\kernel32.dll
0x000007fefce40000 - 0x000007fefceab000 	C:\Windows\system32\KERNELBASE.dll
0x000007fefd6f0000 - 0x000007fefd7cb000 	C:\Windows\system32\ADVAPI32.dll
0x000007fefdd20000 - 0x000007fefddbf000 	C:\Windows\system32\msvcrt.dll
0x000007fefdb70000 - 0x000007fefdb8f000 	C:\Windows\SYSTEM32\sechost.dll
0x000007fefd560000 - 0x000007fefd68d000 	C:\Windows\system32\RPCRT4.dll
0x0000000076ae0000 - 0x0000000076bda000 	C:\Windows\system32\USER32.dll
0x000007fefd820000 - 0x000007fefd887000 	C:\Windows\system32\GDI32.dll
0x000007feff000000 - 0x000007feff00e000 	C:\Windows\system32\LPK.dll
0x000007fefddc0000 - 0x000007fefde89000 	C:\Windows\system32\USP10.dll
0x000007fefb610000 - 0x000007fefb804000 	C:\Windows\WinSxS\amd64_microsoft.windows.common-controls_6595b64144ccf1df_6.0.7601.17514_none_fa396087175ac9ac\COMCTL32.dll
0x000007fefd890000 - 0x000007fefd901000 	C:\Windows\system32\SHLWAPI.dll
0x000007fefdc10000 - 0x000007fefdc3e000 	C:\Windows\system32\IMM32.DLL
0x000007fefeef0000 - 0x000007fefeff9000 	C:\Windows\system32\MSCTF.dll
0x00000000639f0000 - 0x0000000063ac2000 	C:\Program Files\Java\jdk1.8.0_66\jre\bin\msvcr100.dll
0x0000000077770000 - 0x0000000077ff9000 	C:\Program Files\Java\jdk1.8.0_66\jre\bin\server\jvm.dll
0x000007fef5eb0000 - 0x000007fef5eb9000 	C:\Windows\system32\WSOCK32.dll
0x000007fefd7d0000 - 0x000007fefd81d000 	C:\Windows\system32\WS2_32.dll
0x000007fefd4b0000 - 0x000007fefd4b8000 	C:\Windows\system32\NSI.dll
0x000007fef9c90000 - 0x000007fef9ccb000 	C:\Windows\system32\WINMM.dll
0x000007fefc560000 - 0x000007fefc56c000 	C:\Windows\system32\VERSION.dll
0x0000000076ec0000 - 0x0000000076ec7000 	C:\Windows\system32\PSAPI.DLL
0x000000006baa0000 - 0x000000006baaf000 	C:\Program Files\Java\jdk1.8.0_66\jre\bin\verify.dll
0x000000006b5c0000 - 0x000000006b5e9000 	C:\Program Files\Java\jdk1.8.0_66\jre\bin\java.dll
0x000000006b600000 - 0x000000006b616000 	C:\Program Files\Java\jdk1.8.0_66\jre\bin\zip.dll
0x000007fefe010000 - 0x000007fefed98000 	C:\Windows\system32\SHELL32.dll
0x000007fefd0c0000 - 0x000007fefd2c3000 	C:\Windows\system32\ole32.dll
0x000007fefcc50000 - 0x000007fefcc5f000 	C:\Windows\system32\profapi.dll

VM Arguments:
jvm_args: -Djava.awt.headless=true -Xmx1024M -Dfile.encoding=x-windows-950 -Duser.country=TW -Duser.language=zh -Duser.variant 
java_command: com.android.dx.command.Main --dex --num-threads=4 --output C:\Users\awei\Desktop\AweiNO1\app\build\intermediates\pre-dexed\debug\com.google.android.gms-play-services-plus-8.4.0_e411a50093e986ce8a14a97d716ce21634efba60.jar C:\Users\awei\Desktop\AweiNO1\app\build\intermediates\exploded-aar\com.google.android.gms\play-services-plus\8.4.0\jars\classes.jar
java_class_path (initial): C:\Users\awei\AppData\Local\Android\sdk1\build-tools\23.0.2\lib\dx.jar
Launcher Type: SUN_STANDARD

Environment Variables:
JAVA_HOME=C:\Program Files\Java\jdk1.8.0_66
PATH=C:\ProgramData\Oracle\Java\javapath;C:\Program Files (x86)\NVIDIA Corporation\PhysX\Common;C:\Windows\system32;C:\Windows;C:\Windows\System32\Wbem;C:\Windows\System32\WindowsPowerShell\v1.0\;C:\Program Files (x86)\QuickTime\QTSystem\
USERNAME=awei
OS=Windows_NT
PROCESSOR_IDENTIFIER=Intel64 Family 6 Model 26 Stepping 5, GenuineIntel



---------------  S Y S T E M  ---------------

OS: Windows 7 , 64 bit Build 7601 (6.1.7601.17514)

CPU:total 8 (4 cores per cpu, 2 threads per core) family 6 model 26 stepping 5, cmov, cx8, fxsr, mmx, sse, sse2, sse3, ssse3, sse4.1, sse4.2, popcnt, ht, tsc, tscinvbit, tscinv

Memory: 4k page, physical 8379512k(462868k free), swap 10987508k(249604k free)

vm_info: Java HotSpot(TM) 64-Bit Server VM (25.66-b18) for windows-amd64 JRE (1.8.0_66-b18), built on Nov  9 2015 10:51:13 by "java_re" with MS VC++ 10.0 (VS2010)

time: Thu Feb 18 17:41:06 2016
elapsed time: 1 seconds (0d 0h 0m 1s)

