#
# There is insufficient memory for the Java Runtime Environment to continue.
# Native memory allocation (malloc) failed to allocate 1459856 bytes for Chunk::new
# Possible reasons:
#   The system is out of physical RAM or swap space
#   In 32 bit mode, the process size limit was hit
# Possible solutions:
#   Reduce memory load on the system
#   Increase physical memory or swap space
#   Check if swap backing store is full
#   Use 64 bit Java on a 64 bit OS
#   Decrease Java heap size (-Xmx/-Xms)
#   Decrease number of Java threads
#   Decrease Java thread stack sizes (-Xss)
#   Set larger code cache with -XX:ReservedCodeCacheSize=
# This output file may be truncated or incomplete.
#
#  Out of Memory Error (allocation.cpp:390), pid=8556, tid=10152
#
# JRE version: Java(TM) SE Runtime Environment (8.0_66-b18) (build 1.8.0_66-b18)
# Java VM: Java HotSpot(TM) 64-Bit Server VM (25.66-b18 mixed mode windows-amd64 compressed oops)
# Failed to write core dump. Minidumps are not enabled by default on client versions of Windows
#

---------------  T H R E A D  ---------------

Current thread (0x00000000567c2000):  JavaThread "C2 CompilerThread2" daemon [_thread_in_native, id=10152, stack(0x0000000058390000,0x0000000058490000)]

Stack: [0x0000000058390000,0x0000000058490000]
[error occurred during error reporting (printing stack bounds), id 0xc0000005]

Native frames: (J=compiled Java code, j=interpreted, Vv=VM code, C=native code)


Current CompileTask:
C2:   3994 1220   !   4       com.android.dx.cf.code.BytecodeArray::parseInstruction (2764 bytes)


---------------  P R O C E S S  ---------------

Java Threads: ( => current thread )
  0x00000000588c2800 JavaThread "pool-1-thread-4" [_thread_in_Java, id=9664, stack(0x0000000058610000,0x0000000058710000)]
  0x00000000588c4800 JavaThread "pool-1-thread-3" [_thread_blocked, id=9520, stack(0x0000000059540000,0x0000000059640000)]
  0x00000000588c1800 JavaThread "pool-1-thread-2" [_thread_in_Java, id=2060, stack(0x00000000593c0000,0x00000000594c0000)]
  0x00000000588c0000 JavaThread "pool-2-thread-1" [_thread_blocked, id=7560, stack(0x00000000591f0000,0x00000000592f0000)]
  0x00000000588df800 JavaThread "pool-1-thread-1" [_thread_blocked, id=6264, stack(0x0000000059070000,0x0000000059170000)]
  0x000000005683e800 JavaThread "Service Thread" daemon [_thread_blocked, id=9220, stack(0x0000000058500000,0x0000000058600000)]
  0x0000000056813000 JavaThread "C1 CompilerThread3" daemon [_thread_blocked, id=8384, stack(0x00000000577e0000,0x00000000578e0000)]
=>0x00000000567c2000 JavaThread "C2 CompilerThread2" daemon [_thread_in_native, id=10152, stack(0x0000000058390000,0x0000000058490000)]
  0x00000000567b1000 JavaThread "C2 CompilerThread1" daemon [_thread_blocked, id=8520, stack(0x0000000058180000,0x0000000058280000)]
  0x00000000567a9000 JavaThread "C2 CompilerThread0" daemon [_thread_in_native, id=10048, stack(0x0000000058030000,0x0000000058130000)]
  0x00000000567a8000 JavaThread "Attach Listener" daemon [_thread_blocked, id=9936, stack(0x0000000057e10000,0x0000000057f10000)]
  0x000000005679e000 JavaThread "Signal Dispatcher" daemon [_thread_blocked, id=10004, stack(0x0000000057ca0000,0x0000000057da0000)]
  0x00000000557ea800 JavaThread "Finalizer" daemon [_thread_blocked, id=9752, stack(0x0000000057ad0000,0x0000000057bd0000)]
  0x000000000257f800 JavaThread "Reference Handler" daemon [_thread_blocked, id=7380, stack(0x00000000578e0000,0x00000000579e0000)]
  0x00000000025ae000 JavaThread "main" [_thread_blocked, id=10168, stack(0x0000000002790000,0x0000000002890000)]

Other Threads:
  0x000000000257c000 VMThread [stack: 0x00000000576d0000,0x00000000577d0000] [id=9720]
  0x000000005682e000 WatcherThread [stack: 0x0000000058760000,0x0000000058860000] [id=9800]

VM state:not at safepoint (normal execution)

VM Mutex/Monitor currently owned by a thread: None

Heap:
 PSYoungGen      total 71680K, used 6742K [0x00000000eab00000, 0x00000000ef600000, 0x0000000100000000)
  eden space 66560K, 2% used [0x00000000eab00000,0x00000000eac978b0,0x00000000eec00000)
  from space 5120K, 99% used [0x00000000ef100000,0x00000000ef5fe0d8,0x00000000ef600000)
  to   space 5120K, 0% used [0x00000000eec00000,0x00000000eec00000,0x00000000ef100000)
 ParOldGen       total 87552K, used 5176K [0x00000000c0000000, 0x00000000c5580000, 0x00000000eab00000)
  object space 87552K, 5% used [0x00000000c0000000,0x00000000c050e198,0x00000000c5580000)
 Metaspace       used 6036K, capacity 6902K, committed 7040K, reserved 1056768K
  class space    used 601K, capacity 622K, committed 640K, reserved 1048576K

Card table byte_map: [0x0000000011c50000,0x0000000011e60000] byte_map_base: 0x0000000011650000

Marking Bits: (ParMarkBitMap*) 0x000000005bc5a5b0
 Begin Bits: [0x0000000012c00000, 0x0000000013c00000)
 End Bits:   [0x0000000013c00000, 0x0000000014c00000)

Polling page: 0x0000000000240000

CodeCache: size=245760Kb used=4404Kb max_used=4404Kb free=241355Kb
 bounds [0x0000000002890000, 0x0000000002cf0000, 0x0000000011890000]
 total_blobs=1508 nmethods=1238 adapters=184
 compilation: enabled

Compilation events (10 events):
Event: 3.345 Thread 0x0000000056813000 nmethod 1250 0x0000000002cdbd10 code [0x0000000002cdbea0, 0x0000000002cdc298]
Event: 3.345 Thread 0x0000000056813000 1264       3       com.android.dx.cf.iface.StdAttributeList::byteLength (35 bytes)
Event: 3.346 Thread 0x0000000056813000 nmethod 1264 0x0000000002cdc450 code [0x0000000002cdc600, 0x0000000002cdcc58]
Event: 3.346 Thread 0x0000000056813000 1265       3       com.android.dx.cf.code.BaseMachine::popArgs (127 bytes)
Event: 3.347 Thread 0x0000000056813000 nmethod 1265 0x0000000002cdce90 code [0x0000000002cdd1a0, 0x0000000002cdea88]
Event: 3.347 Thread 0x0000000056813000 1270       3       com.android.dx.ssa.SsaConverter::edgeSplitPredecessors (44 bytes)
Event: 3.348 Thread 0x0000000056813000 nmethod 1270 0x0000000002cdf6d0 code [0x0000000002cdf8c0, 0x0000000002ce0248]
Event: 3.348 Thread 0x0000000056813000 1271       3       com.android.dx.rop.code.RegisterSpecSet::equals (106 bytes)
Event: 3.349 Thread 0x0000000056813000 nmethod 1271 0x0000000002ce07d0 code [0x0000000002ce09a0, 0x0000000002ce11a8]
Event: 3.349 Thread 0x0000000056813000 1272       3       com.android.dx.ssa.SCCP::<init> (142 bytes)

GC Heap History (4 events):
Event: 1.318 GC heap before
{Heap before GC invocations=1 (full 0):
 PSYoungGen      total 38400K, used 33280K [0x00000000eab00000, 0x00000000ed580000, 0x0000000100000000)
  eden space 33280K, 100% used [0x00000000eab00000,0x00000000ecb80000,0x00000000ecb80000)
  from space 5120K, 0% used [0x00000000ed080000,0x00000000ed080000,0x00000000ed580000)
  to   space 5120K, 0% used [0x00000000ecb80000,0x00000000ecb80000,0x00000000ed080000)
 ParOldGen       total 87552K, used 0K [0x00000000c0000000, 0x00000000c5580000, 0x00000000eab00000)
  object space 87552K, 0% used [0x00000000c0000000,0x00000000c0000000,0x00000000c5580000)
 Metaspace       used 5875K, capacity 6774K, committed 7040K, reserved 1056768K
  class space    used 601K, capacity 622K, committed 640K, reserved 1048576K
Event: 2.579 GC heap after
Heap after GC invocations=1 (full 0):
 PSYoungGen      total 38400K, used 5115K [0x00000000eab00000, 0x00000000ef600000, 0x0000000100000000)
  eden space 33280K, 0% used [0x00000000eab00000,0x00000000eab00000,0x00000000ecb80000)
  from space 5120K, 99% used [0x00000000ecb80000,0x00000000ed07ecb0,0x00000000ed080000)
  to   space 5120K, 0% used [0x00000000ef100000,0x00000000ef100000,0x00000000ef600000)
 ParOldGen       total 87552K, used 809K [0x00000000c0000000, 0x00000000c5580000, 0x00000000eab00000)
  object space 87552K, 0% used [0x00000000c0000000,0x00000000c00ca6b0,0x00000000c5580000)
 Metaspace       used 5875K, capacity 6774K, committed 7040K, reserved 1056768K
  class space    used 601K, capacity 622K, committed 640K, reserved 1048576K
}
Event: 3.380 GC heap before
{Heap before GC invocations=2 (full 0):
 PSYoungGen      total 38400K, used 38395K [0x00000000eab00000, 0x00000000ef600000, 0x0000000100000000)
  eden space 33280K, 100% used [0x00000000eab00000,0x00000000ecb80000,0x00000000ecb80000)
  from space 5120K, 99% used [0x00000000ecb80000,0x00000000ed07ecb0,0x00000000ed080000)
  to   space 5120K, 0% used [0x00000000ef100000,0x00000000ef100000,0x00000000ef600000)
 ParOldGen       total 87552K, used 809K [0x00000000c0000000, 0x00000000c5580000, 0x00000000eab00000)
  object space 87552K, 0% used [0x00000000c0000000,0x00000000c00ca6b0,0x00000000c5580000)
 Metaspace       used 6031K, capacity 6902K, committed 7040K, reserved 1056768K
  class space    used 601K, capacity 622K, committed 640K, reserved 1048576K
Event: 3.879 GC heap after
Heap after GC invocations=2 (full 0):
 PSYoungGen      total 71680K, used 5112K [0x00000000eab00000, 0x00000000ef600000, 0x0000000100000000)
  eden space 66560K, 0% used [0x00000000eab00000,0x00000000eab00000,0x00000000eec00000)
  from space 5120K, 99% used [0x00000000ef100000,0x00000000ef5fe0d8,0x00000000ef600000)
  to   space 5120K, 0% used [0x00000000eec00000,0x00000000eec00000,0x00000000ef100000)
 ParOldGen       total 87552K, used 5176K [0x00000000c0000000, 0x00000000c5580000, 0x00000000eab00000)
  object space 87552K, 5% used [0x00000000c0000000,0x00000000c050e198,0x00000000c5580000)
 Metaspace       used 6031K, capacity 6902K, committed 7040K, reserved 1056768K
  class space    used 601K, capacity 622K, committed 640K, reserved 1048576K
}

Deoptimization events (10 events):
Event: 1.102 Thread 0x00000000025ae000 Uncommon trap: reason=class_check action=maybe_recompile pc=0x0000000002a9d120 method=com.android.dx.ssa.NormalSsaInsn.accept(Lcom/android/dx/ssa/SsaInsn$Visitor;)V @ 9
Event: 1.102 Thread 0x00000000025ae000 Uncommon trap: reason=class_check action=maybe_recompile pc=0x0000000002a9d120 method=com.android.dx.ssa.NormalSsaInsn.accept(Lcom/android/dx/ssa/SsaInsn$Visitor;)V @ 9
Event: 1.111 Thread 0x00000000588c4800 Uncommon trap: reason=class_check action=maybe_recompile pc=0x0000000002a9d120 method=com.android.dx.ssa.NormalSsaInsn.accept(Lcom/android/dx/ssa/SsaInsn$Visitor;)V @ 9
Event: 1.111 Thread 0x00000000588c4800 Uncommon trap: reason=class_check action=maybe_recompile pc=0x0000000002a9d120 method=com.android.dx.ssa.NormalSsaInsn.accept(Lcom/android/dx/ssa/SsaInsn$Visitor;)V @ 9
Event: 1.135 Thread 0x00000000025ae000 Uncommon trap: reason=unstable_if action=reinterpret pc=0x0000000002aa0020 method=java.util.HashMap.getNode(ILjava/lang/Object;)Ljava/util/HashMap$Node; @ 129
Event: 1.241 Thread 0x00000000588c1800 Uncommon trap: reason=class_check action=maybe_recompile pc=0x0000000002b2f0d0 method=com.android.dx.rop.type.Type.equals(Ljava/lang/Object;)Z @ 8
Event: 1.241 Thread 0x00000000588c1800 Uncommon trap: reason=class_check action=maybe_recompile pc=0x0000000002b2f0d0 method=com.android.dx.rop.type.Type.equals(Ljava/lang/Object;)Z @ 8
Event: 1.243 Thread 0x00000000588c1800 Uncommon trap: reason=class_check action=maybe_recompile pc=0x0000000002b2f0d0 method=com.android.dx.rop.type.Type.equals(Ljava/lang/Object;)Z @ 8
Event: 1.243 Thread 0x00000000588c1800 Uncommon trap: reason=class_check action=maybe_recompile pc=0x0000000002b2f0d0 method=com.android.dx.rop.type.Type.equals(Ljava/lang/Object;)Z @ 8
Event: 2.886 Thread 0x00000000588c4800 Uncommon trap: reason=null_check action=make_not_entrant pc=0x0000000002b80590 method=com.android.dx.rop.type.Type.equals(Ljava/lang/Object;)Z @ 8

Internal exceptions (3 events):
Event: 0.067 Thread 0x00000000025ae000 Exception <a 'java/lang/NoSuchMethodError': Method sun.misc.Unsafe.defineClass(Ljava/lang/String;[BII)Ljava/lang/Class; name or signature does not match> (0x00000000eab13080) thrown at [C:\re\workspace\8-2-build-windows-amd64-cygwin\jdk8u66\5298\hotspot\sr«∏Dq"±?
Event: 0.067 Thread 0x00000000025ae000 Exception <a 'java/lang/NoSuchMethodError': Method sun.misc.Unsafe.prefetchRead(Ljava/lang/Object;J)V name or signature does not match> (0x00000000eab13368) thrown at [C:\re\workspace\8-2-build-windows-amd64-cygwin\jdk8u66\5298\hotspot\src\share\vm\prims\jq4
Œ|@
Event: 2.886 Thread 0x00000000588c4800 Implicit null exception at 0x0000000002b80492 to 0x0000000002b80582

Events (10 events):
Event: 1.243 Thread 0x00000000588c1800 DEOPT UNPACKING pc=0x00000000028d582a sp=0x00000000594be3d8 mode 2
Event: 1.284 loading class com/android/dx/cf/attrib/AttExceptions
Event: 1.284 loading class com/android/dx/cf/attrib/AttExceptions done
Event: 1.317 Executing VM operation: ParallelGCFailedAllocation
Event: 2.579 Executing VM operation: ParallelGCFailedAllocation done
Event: 2.886 Thread 0x00000000588c4800 Uncommon trap: trap_request=0xfffffff4 fr.pc=0x0000000002b80590
Event: 2.886 Thread 0x00000000588c4800 DEOPT PACKING pc=0x0000000002b80590 sp=0x000000005963ed70
Event: 2.886 Thread 0x00000000588c4800 DEOPT UNPACKING pc=0x00000000028d582a sp=0x000000005963ed08 mode 2
Event: 3.350 Executing VM operation: ParallelGCFailedAllocation
Event: 3.879 Executing VM operation: ParallelGCFailedAllocation done


Dynamic libraries:
0x000000013f4e0000 - 0x000000013f517000 	C:\Program Files\Java\jdk1.8.0_66\bin\java.exe
0x0000000076d00000 - 0x0000000076ea9000 	C:\Windows\SYSTEM32\ntdll.dll
0x0000000076be0000 - 0x0000000076cff000 	C:\Windows\system32\kernel32.dll
0x000007fefce40000 - 0x000007fefceab000 	C:\Windows\system32\KERNELBASE.dll
0x000007fefd6f0000 - 0x000007fefd7cb000 	C:\Windows\system32\ADVAPI32.dll
0x000007fefdd20000 - 0x000007fefddbf000 	C:\Windows\system32\msvcrt.dll
0x000007fefdb70000 - 0x000007fefdb8f000 	C:\Windows\SYSTEM32\sechost.dll
0x000007fefd560000 - 0x000007fefd68d000 	C:\Windows\system32\RPCRT4.dll
0x0000000076ae0000 - 0x0000000076bda000 	C:\Windows\system32\USER32.dll
0x000007fefd820000 - 0x000007fefd887000 	C:\Windows\system32\GDI32.dll
0x000007feff000000 - 0x000007feff00e000 	C:\Windows\system32\LPK.dll
0x000007fefddc0000 - 0x000007fefde89000 	C:\Windows\system32\USP10.dll
0x000007fefb610000 - 0x000007fefb804000 	C:\Windows\WinSxS\amd64_microsoft.windows.common-controls_6595b64144ccf1df_6.0.7601.17514_none_fa396087175ac9ac\COMCTL32.dll
0x000007fefd890000 - 0x000007fefd901000 	C:\Windows\system32\SHLWAPI.dll
0x000007fefdc10000 - 0x000007fefdc3e000 	C:\Windows\system32\IMM32.DLL
0x000007fefeef0000 - 0x000007fefeff9000 	C:\Windows\system32\MSCTF.dll
0x000000005cab0000 - 0x000000005cb82000 	C:\Program Files\Java\jdk1.8.0_66\jre\bin\msvcr100.dll
0x000000005b450000 - 0x000000005bcd9000 	C:\Program Files\Java\jdk1.8.0_66\jre\bin\server\jvm.dll
0x000007fef5eb0000 - 0x000007fef5eb9000 	C:\Windows\system32\WSOCK32.dll
0x000007fefd7d0000 - 0x000007fefd81d000 	C:\Windows\system32\WS2_32.dll
0x000007fefd4b0000 - 0x000007fefd4b8000 	C:\Windows\system32\NSI.dll
0x000007fef9c90000 - 0x000007fef9ccb000 	C:\Windows\system32\WINMM.dll
0x000007fefc560000 - 0x000007fefc56c000 	C:\Windows\system32\VERSION.dll
0x0000000076ec0000 - 0x0000000076ec7000 	C:\Windows\system32\PSAPI.DLL
0x000000006bc90000 - 0x000000006bc9f000 	C:\Program Files\Java\jdk1.8.0_66\jre\bin\verify.dll
0x000000006b5f0000 - 0x000000006b619000 	C:\Program Files\Java\jdk1.8.0_66\jre\bin\java.dll
0x000000006b5d0000 - 0x000000006b5e6000 	C:\Program Files\Java\jdk1.8.0_66\jre\bin\zip.dll
0x000007fefe010000 - 0x000007fefed98000 	C:\Windows\system32\SHELL32.dll
0x000007fefd0c0000 - 0x000007fefd2c3000 	C:\Windows\system32\ole32.dll
0x000007fefcc50000 - 0x000007fefcc5f000 	C:\Windows\system32\profapi.dll

VM Arguments:
jvm_args: -Djava.awt.headless=true -Xmx1024M -Dfile.encoding=x-windows-950 -Duser.country=TW -Duser.language=zh -Duser.variant 
java_command: com.android.dx.command.Main --dex --num-threads=4 --output C:\Users\awei\Desktop\AweiNO1\app\build\intermediates\pre-dexed\debug\com.google.android.gms-play-services-drive-8.4.0_e6e3b8e604b6a7dfe8b694eec3a3780c07eccb39.jar C:\Users\awei\Desktop\AweiNO1\app\build\intermediates\exploded-aar\com.google.android.gms\play-services-drive\8.4.0\jars\classes.jar
java_class_path (initial): C:\Users\awei\AppData\Local\Android\sdk1\build-tools\23.0.2\lib\dx.jar
Launcher Type: SUN_STANDARD

Environment Variables:
JAVA_HOME=C:\Program Files\Java\jdk1.8.0_66
PATH=C:\ProgramData\Oracle\Java\javapath;C:\Program Files (x86)\NVIDIA Corporation\PhysX\Common;C:\Windows\system32;C:\Windows;C:\Windows\System32\Wbem;C:\Windows\System32\WindowsPowerShell\v1.0\;C:\Program Files (x86)\QuickTime\QTSystem\
USERNAME=awei
OS=Windows_NT
PROCESSOR_IDENTIFIER=Intel64 Family 6 Model 26 Stepping 5, GenuineIntel



---------------  S Y S T E M  ---------------

OS: Windows 7 , 64 bit Build 7601 (6.1.7601.17514)

CPU:total 8 (4 cores per cpu, 2 threads per core) family 6 model 26 stepping 5, cmov, cx8, fxsr, mmx, sse, sse2, sse3, ssse3, sse4.1, sse4.2, popcnt, ht, tsc, tscinvbit, tscinv

Memory: 4k page, physical 8379512k(181820k free), swap 10987508k(6008k free)

vm_info: Java HotSpot(TM) 64-Bit Server VM (25.66-b18) for windows-amd64 JRE (1.8.0_66-b18), built on Nov  9 2015 10:51:13 by "java_re" with MS VC++ 10.0 (VS2010)

time: Sun Feb 14 15:09:16 2016
elapsed time: 3 seconds (0d 0h 0m 3s)

