#

---------------  T H R E A D  ---------------

Current thread (0x000000005691d000):  JavaThread "C2 CompilerThread0" daemon [_thread_in_native, id=9484, stack(0x00000000580d0000,0x00000000581d0000)]

Stack: [0x00000000580d0000,0x00000000581d0000]
[error occurred during error reporting (printing stack bounds), id 0xc0000005]

Native frames: (J=compiled Java code, j=interpreted, Vv=VM code, C=native code)


Current CompileTask:
C2:   4305  545       4       com.android.dx.ssa.SsaBasicBlock::forEachInsn (37 bytes)


---------------  P R O C E S S  ---------------

Java Threads: ( => current thread )
  0x0000000056c0d000 JavaThread "pool-1-thread-4" [_thread_in_Java, id=9932, stack(0x00000000598b0000,0x00000000599b0000)]
  0x0000000056c0a800 JavaThread "pool-1-thread-3" [_thread_blocked, id=9740, stack(0x00000000596d0000,0x00000000597d0000)]
  0x0000000056c41000 JavaThread "pool-1-thread-2" [_thread_blocked, id=9724, stack(0x0000000059520000,0x0000000059620000)]
  0x0000000056c40000 JavaThread "pool-2-thread-1" [_thread_blocked, id=9912, stack(0x0000000059260000,0x0000000059360000)]
  0x0000000056c3f800 JavaThread "pool-1-thread-1" [_thread_in_Java, id=2296, stack(0x0000000059130000,0x0000000059230000)]
  0x00000000569e1800 JavaThread "Service Thread" daemon [_thread_blocked, id=9636, stack(0x0000000058660000,0x0000000058760000)]
  0x000000005693a800 JavaThread "C1 CompilerThread3" daemon [_thread_in_native, id=9596, stack(0x00000000584f0000,0x00000000585f0000)]
  0x000000005692f000 JavaThread "C2 CompilerThread2" daemon [_thread_in_native, id=9504, stack(0x0000000058370000,0x0000000058470000)]
  0x000000005692e000 JavaThread "C2 CompilerThread1" daemon [_thread_in_native, id=9496, stack(0x0000000058270000,0x0000000058370000)]
=>0x000000005691d000 JavaThread "C2 CompilerThread0" daemon [_thread_in_native, id=9484, stack(0x00000000580d0000,0x00000000581d0000)]
  0x000000005691b800 JavaThread "Attach Listener" daemon [_thread_blocked, id=9280, stack(0x0000000057890000,0x0000000057990000)]
  0x000000005691a000 JavaThread "Signal Dispatcher" daemon [_thread_blocked, id=7736, stack(0x0000000057f10000,0x0000000058010000)]
  0x0000000055855000 JavaThread "Finalizer" daemon [_thread_blocked, id=5028, stack(0x0000000057db0000,0x0000000057eb0000)]
  0x000000000258f800 JavaThread "Reference Handler" daemon [_thread_blocked, id=10012, stack(0x0000000057ba0000,0x0000000057ca0000)]
  0x000000000036e000 JavaThread "main" [_thread_in_Java, id=9448, stack(0x0000000002890000,0x0000000002990000)]

Other Threads:
  0x000000000258c800 VMThread [stack: 0x00000000579d0000,0x0000000057ad0000] [id=7240]
  0x00000000569f4000 WatcherThread [stack: 0x0000000058800000,0x0000000058900000] [id=3280]

VM state:not at safepoint (normal execution)

VM Mutex/Monitor currently owned by a thread: None

Heap:
 PSYoungGen      total 38400K, used 23300K [0x00000000eab00000, 0x00000000ed580000, 0x0000000100000000)
  eden space 33280K, 70% used [0x00000000eab00000,0x00000000ec1c1050,0x00000000ecb80000)
  from space 5120K, 0% used [0x00000000ed080000,0x00000000ed080000,0x00000000ed580000)
  to   space 5120K, 0% used [0x00000000ecb80000,0x00000000ecb80000,0x00000000ed080000)
 ParOldGen       total 87552K, used 0K [0x00000000c0000000, 0x00000000c5580000, 0x00000000eab00000)
  object space 87552K, 0% used [0x00000000c0000000,0x00000000c0000000,0x00000000c5580000)
 Metaspace       used 5678K, capacity 6642K, committed 6784K, reserved 1056768K
  class space    used 601K, capacity 618K, committed 640K, reserved 1048576K

Card table byte_map: [0x0000000011d50000,0x0000000011f60000] byte_map_base: 0x0000000011750000

Marking Bits: (ParMarkBitMap*) 0x000000005bc5a5b0
 Begin Bits: [0x0000000012c70000, 0x0000000013c70000)
 End Bits:   [0x0000000013c70000, 0x0000000014c70000)

Polling page: 0x0000000000140000

CodeCache: size=245760Kb used=2048Kb max_used=2048Kb free=243711Kb
 bounds [0x0000000002990000, 0x0000000002c00000, 0x0000000011990000]
 total_blobs=754 nmethods=484 adapters=184
 compilation: enabled

Compilation events (10 events):
Event: 4.302 Thread 0x000000005693a800 nmethod 354 0x0000000002b90c50 code [0x0000000002b90da0, 0x0000000002b90e90]
Event: 4.302 Thread 0x000000005693a800  515       3       java.lang.Long::bitCount (61 bytes)
Event: 4.302 Thread 0x000000005693a800 nmethod 515 0x0000000002b90f10 code [0x0000000002b91060, 0x0000000002b91210]
Event: 4.302 Thread 0x000000005693a800  369       1       com.android.dx.ssa.SsaBasicBlock::getDomChildren (5 bytes)
Event: 4.303 Thread 0x000000005693a800 nmethod 369 0x0000000002b91290 code [0x0000000002b913e0, 0x0000000002b914f0]
Event: 4.303 Thread 0x000000005693a800  381       1       com.android.dx.cf.code.ExecutionStack::size (5 bytes)
Event: 4.303 Thread 0x000000005693a800 nmethod 381 0x0000000002b91550 code [0x0000000002b916a0, 0x0000000002b917b0]
Event: 4.303 Thread 0x000000005693a800  558       1       com.android.dx.util.FixedSizeList::getOrNull0 (7 bytes)
Event: 4.303 Thread 0x000000005693a800 nmethod 558 0x0000000002b91810 code [0x0000000002b91960, 0x0000000002b91a90]
Event: 4.303 Thread 0x000000005693a800  556       3       com.android.dx.rop.code.BasicBlockList::labelToBlock (46 bytes)

GC Heap History (0 events):
No events

Deoptimization events (1 events):
Event: 4.284 Thread 0x0000000056c3f800 Uncommon trap: reason=unstable_if action=reinterpret pc=0x0000000002b764a0 method=java.util.BitSet.nextSetBit(I)I @ 87

Internal exceptions (2 events):
Event: 0.322 Thread 0x000000000036e000 Exception <a 'java/lang/NoSuchMethodError': Method sun.misc.Unsafe.defineClass(Ljava/lang/String;[BII)Ljava/lang/Class; name or signature does not match> (0x00000000eab13080) thrown at [C:\re\workspace\8-2-build-windows-amd64-cygwin\jdk8u66\5298\hotspot\sr,Grан?
Event: 0.322 Thread 0x000000000036e000 Exception <a 'java/lang/NoSuchMethodError': Method sun.misc.Unsafe.prefetchRead(Ljava/lang/Object;J)V name or signature does not match> (0x00000000eab13368) thrown at [C:\re\workspace\8-2-build-windows-amd64-cygwin\jdk8u66\5298\hotspot\src\share\vm\prims\j

Events (10 events):
Event: 3.762 loading class com/android/dx/dex/file/ParameterAnnotationStruct done
Event: 3.763 loading class com/android/dx/dex/file/UniformListItem
Event: 3.763 loading class com/android/dx/dex/file/UniformListItem done
Event: 3.763 loading class com/android/dx/dex/file/AnnotationSetRefItem
Event: 3.763 loading class com/android/dx/dex/file/AnnotationSetRefItem done
Event: 4.177 loading class com/android/dx/cf/code/SwitchList
Event: 4.177 loading class com/android/dx/cf/code/SwitchList done
Event: 4.284 Thread 0x0000000056c3f800 Uncommon trap: trap_request=0xffffff65 fr.pc=0x0000000002b764a0
Event: 4.284 Thread 0x0000000056c3f800 DEOPT PACKING pc=0x0000000002b764a0 sp=0x000000005922ec50
Event: 4.284 Thread 0x0000000056c3f800 DEOPT UNPACKING pc=0x00000000029d582a sp=0x000000005922ebe8 mode 2


Dynamic libraries:
0x000000013f4e0000 - 0x000000013f517000 	C:\Program Files\Java\jdk1.8.0_66\bin\java.exe
0x0000000076d00000 - 0x0000000076ea9000 	C:\Windows\SYSTEM32\ntdll.dll
0x0000000076be0000 - 0x0000000076cff000 	C:\Windows\system32\kernel32.dll
0x000007fefce40000 - 0x000007fefceab000 	C:\Windows\system32\KERNELBASE.dll
0x000007fefd6f0000 - 0x000007fefd7cb000 	C:\Windows\system32\ADVAPI32.dll
0x000007fefdd20000 - 0x000007fefddbf000 	C:\Windows\system32\msvcrt.dll
0x000007fefdb70000 - 0x000007fefdb8f000 	C:\Windows\SYSTEM32\sechost.dll
0x000007fefd560000 - 0x000007fefd68d000 	C:\Windows\system32\RPCRT4.dll
0x0000000076ae0000 - 0x0000000076bda000 	C:\Windows\system32\USER32.dll
0x000007fefd820000 - 0x000007fefd887000 	C:\Windows\system32\GDI32.dll
0x000007feff000000 - 0x000007feff00e000 	C:\Windows\system32\LPK.dll
0x000007fefddc0000 - 0x000007fefde89000 	C:\Windows\system32\USP10.dll
0x000007fefb610000 - 0x000007fefb804000 	C:\Windows\WinSxS\amd64_microsoft.windows.common-controls_6595b64144ccf1df_6.0.7601.17514_none_fa396087175ac9ac\COMCTL32.dll
0x000007fefd890000 - 0x000007fefd901000 	C:\Windows\system32\SHLWAPI.dll
0x000007fefdc10000 - 0x000007fefdc3e000 	C:\Windows\system32\IMM32.DLL
0x000007fefeef0000 - 0x000007fefeff9000 	C:\Windows\system32\MSCTF.dll
0x000000005cab0000 - 0x000000005cb82000 	C:\Program Files\Java\jdk1.8.0_66\jre\bin\msvcr100.dll
0x000000005b450000 - 0x000000005bcd9000 	C:\Program Files\Java\jdk1.8.0_66\jre\bin\server\jvm.dll
0x000007fef5eb0000 - 0x000007fef5eb9000 	C:\Windows\system32\WSOCK32.dll
0x000007fefd7d0000 - 0x000007fefd81d000 	C:\Windows\system32\WS2_32.dll
0x000007fefd4b0000 - 0x000007fefd4b8000 	C:\Windows\system32\NSI.dll
0x000007fef9c90000 - 0x000007fef9ccb000 	C:\Windows\system32\WINMM.dll
0x000007fefc560000 - 0x000007fefc56c000 	C:\Windows\system32\VERSION.dll
0x0000000076ec0000 - 0x0000000076ec7000 	C:\Windows\system32\PSAPI.DLL
0x000000006bc90000 - 0x000000006bc9f000 	C:\Program Files\Java\jdk1.8.0_66\jre\bin\verify.dll
0x000000006b5f0000 - 0x000000006b619000 	C:\Program Files\Java\jdk1.8.0_66\jre\bin\java.dll
0x000000006b5d0000 - 0x000000006b5e6000 	C:\Program Files\Java\jdk1.8.0_66\jre\bin\zip.dll
0x000007fefe010000 - 0x000007fefed98000 	C:\Windows\system32\SHELL32.dll
0x000007fefd0c0000 - 0x000007fefd2c3000 	C:\Windows\system32\ole32.dll
0x000007fefcc50000 - 0x000007fefcc5f000 	C:\Windows\system32\profapi.dll

VM Arguments:
jvm_args: -Djava.awt.headless=true -Xmx1024M -Dfile.encoding=x-windows-950 -Duser.country=TW -Duser.language=zh -Duser.variant 
java_command: com.android.dx.command.Main --dex --num-threads=4 --output C:\Users\awei\Desktop\AweiNO1\app\build\intermediates\pre-dexed\debug\com.google.android.gms-play-services-basement-8.4.0_7614c82aade840861fd858d40411d152b972c0d6.jar C:\Users\awei\Desktop\AweiNO1\app\build\intermediates\exploded-aar\com.google.android.gms\play-services-basement\8.4.0\jars\classes.jar
java_class_path (initial): C:\Users\awei\AppData\Local\Android\sdk1\build-tools\23.0.2\lib\dx.jar
Launcher Type: SUN_STANDARD

Environment Variables:
JAVA_HOME=C:\Program Files\Java\jdk1.8.0_66
PATH=C:\ProgramData\Oracle\Java\javapath;C:\Program Files (x86)\NVIDIA Corporation\PhysX\Common;C:\Windows\system32;C:\Windows;C:\Windows\System32\Wbem;C:\Windows\System32\WindowsPowerShell\v1.0\;C:\Program Files (x86)\QuickTime\QTSystem\
USERNAME=awei
OS=Windows_NT
PROCESSOR_IDENTIFIER=Intel64 Family 6 Model 26 Stepping 5, GenuineIntel



---------------  S Y S T E M  ---------------

OS: Windows 7 , 64 bit Build 7601 (6.1.7601.17514)

CPU:total 8 (4 cores per cpu, 2 threads per core) family 6 model 26 stepping 5, cmov, cx8, fxsr, mmx, sse, sse2, sse3, ssse3, sse4.1, sse4.2, popcnt, ht, tsc, tscinvbit, tscinv

Memory: 4k page, physical 8379512k(267128k free), swap 10987508k(5544k free)

vm_info: Java HotSpot(TM) 64-Bit Server VM (25.66-b18) for windows-amd64 JRE (1.8.0_66-b18), built on Nov  9 2015 10:51:13 by "java_re" with MS VC++ 10.0 (VS2010)

time: Sun Feb 14 15:09:12 2016
elapsed time: 4 seconds (0d 0h 0m 4s)

