#
# There is insufficient memory for the Java Runtime Environment to continue.
# Native memory allocation (malloc) failed to allocate 585056 bytes for Chunk::new
# Possible reasons:
#   The system is out of physical RAM or swap space
#   In 32 bit mode, the process size limit was hit
# Possible solutions:
#   Reduce memory load on the system
#   Increase physical memory or swap space
#   Check if swap backing store is full
#   Use 64 bit Java on a 64 bit OS
#   Decrease Java heap size (-Xmx/-Xms)
#   Decrease number of Java threads
#   Decrease Java thread stack sizes (-Xss)
#   Set larger code cache with -XX:ReservedCodeCacheSize=
# This output file may be truncated or incomplete.
#
#  Out of Memory Error (allocation.cpp:390), pid=6788, tid=1884
#
# JRE version: Java(TM) SE Runtime Environment (8.0_66-b18) (build 1.8.0_66-b18)
# Java VM: Java HotSpot(TM) 64-Bit Server VM (25.66-b18 mixed mode windows-amd64 compressed oops)
# Failed to write core dump. Minidumps are not enabled by default on client versions of Windows
#

---------------  T H R E A D  ---------------

Current thread (0x00000000565d9000):  JavaThread "C2 CompilerThread0" daemon [_thread_in_native, id=1884, stack(0x00000000578a0000,0x00000000579a0000)]

Stack: [0x00000000578a0000,0x00000000579a0000]
[error occurred during error reporting (printing stack bounds), id 0xc0000005]

Native frames: (J=compiled Java code, j=interpreted, Vv=VM code, C=native code)


Current CompileTask:
C2:   1798 1557       4       com.android.dx.ssa.LocalVariableExtractor::processBlock (383 bytes)


---------------  P R O C E S S  ---------------

Java Threads: ( => current thread )
  0x000000005869e800 JavaThread "pool-1-thread-4" [_thread_blocked, id=4312, stack(0x0000000059260000,0x0000000059360000)]
  0x000000005869f800 JavaThread "pool-1-thread-3" [_thread_blocked, id=4896, stack(0x0000000058fd0000,0x00000000590d0000)]
  0x000000005869d800 JavaThread "pool-1-thread-2" [_thread_blocked, id=7012, stack(0x0000000058290000,0x0000000058390000)]
  0x00000000585b1000 JavaThread "pool-2-thread-1" [_thread_blocked, id=4980, stack(0x0000000058ec0000,0x0000000058fc0000)]
  0x00000000585af000 JavaThread "pool-1-thread-1" [_thread_blocked, id=8292, stack(0x0000000058dc0000,0x0000000058ec0000)]
  0x0000000056675800 JavaThread "Service Thread" daemon [_thread_blocked, id=6176, stack(0x0000000057fd0000,0x00000000580d0000)]
  0x00000000565ec800 JavaThread "C1 CompilerThread3" daemon [_thread_blocked, id=9004, stack(0x0000000058110000,0x0000000058210000)]
  0x00000000565e1800 JavaThread "C2 CompilerThread2" daemon [_thread_in_native, id=7652, stack(0x0000000057cd0000,0x0000000057dd0000)]
  0x00000000565e0800 JavaThread "C2 CompilerThread1" daemon [_thread_in_native, id=4384, stack(0x0000000057e70000,0x0000000057f70000)]
=>0x00000000565d9000 JavaThread "C2 CompilerThread0" daemon [_thread_in_native, id=1884, stack(0x00000000578a0000,0x00000000579a0000)]
  0x00000000565cf800 JavaThread "Attach Listener" daemon [_thread_blocked, id=8340, stack(0x0000000057bd0000,0x0000000057cd0000)]
  0x00000000565ce800 JavaThread "Signal Dispatcher" daemon [_thread_blocked, id=7416, stack(0x0000000057a50000,0x0000000057b50000)]
  0x000000005561c800 JavaThread "Finalizer" daemon [_thread_blocked, id=6224, stack(0x00000000574f0000,0x00000000575f0000)]
  0x00000000024cf800 JavaThread "Reference Handler" daemon [_thread_blocked, id=4268, stack(0x0000000057760000,0x0000000057860000)]
  0x00000000023ce000 JavaThread "main" [_thread_in_Java, id=3768, stack(0x00000000027d0000,0x00000000028d0000)]

Other Threads:
  0x00000000024cc800 VMThread [stack: 0x0000000057610000,0x0000000057710000] [id=7244]
  0x00000000566c1800 WatcherThread [stack: 0x00000000583d0000,0x00000000584d0000] [id=5224]

VM state:not at safepoint (normal execution)

VM Mutex/Monitor currently owned by a thread: None

Heap:
 PSYoungGen      total 71680K, used 8906K [0x00000000eab00000, 0x00000000f0380000, 0x0000000100000000)
  eden space 66560K, 5% used [0x00000000eab00000,0x00000000eaeb6958,0x00000000eec00000)
  from space 5120K, 99% used [0x00000000eec00000,0x00000000ef0fbf98,0x00000000ef100000)
  to   space 5120K, 0% used [0x00000000efe80000,0x00000000efe80000,0x00000000f0380000)
 ParOldGen       total 57344K, used 10771K [0x00000000c0000000, 0x00000000c3800000, 0x00000000eab00000)
  object space 57344K, 18% used [0x00000000c0000000,0x00000000c0a84c00,0x00000000c3800000)
 Metaspace       used 6222K, capacity 7092K, committed 7296K, reserved 1058816K
  class space    used 605K, capacity 620K, committed 640K, reserved 1048576K

Card table byte_map: [0x0000000011c90000,0x0000000011ea0000] byte_map_base: 0x0000000011690000

Marking Bits: (ParMarkBitMap*) 0x0000000077f7a5b0
 Begin Bits: [0x0000000012a30000, 0x0000000013a30000)
 End Bits:   [0x0000000013a30000, 0x0000000014a30000)

Polling page: 0x0000000001c70000

CodeCache: size=245760Kb used=5939Kb max_used=5967Kb free=239820Kb
 bounds [0x00000000028d0000, 0x0000000002eb0000, 0x00000000118d0000]
 total_blobs=1816 nmethods=1546 adapters=184
 compilation: enabled

Compilation events (10 events):
Event: 1.786 Thread 0x00000000565ec800 nmethod 1586 0x0000000002e965d0 code [0x0000000002e96740, 0x0000000002e96b30]
Event: 1.786 Thread 0x00000000565ec800 1587       2       java.lang.System$2::invokeFinalize (5 bytes)
Event: 1.786 Thread 0x00000000565ec800 nmethod 1587 0x0000000002e96250 code [0x0000000002e963c0, 0x0000000002e96548]
Event: 1.786 Thread 0x00000000565ec800 1588       2       java.lang.ref.Reference::clear (6 bytes)
Event: 1.786 Thread 0x00000000565ec800 nmethod 1588 0x0000000002e95f10 code [0x0000000002e96060, 0x0000000002e961d0]
Event: 1.786 Thread 0x00000000565ec800 1575   !   2       java.util.zip.ZipFile$ZipFileInflaterInputStream::close (67 bytes)
Event: 1.786 Thread 0x00000000565ec800 nmethod 1575 0x0000000002e95690 code [0x0000000002e95820, 0x0000000002e95c38]
Event: 1.793 Thread 0x00000000565e1800 nmethod 1258 0x0000000002e8c410 code [0x0000000002e8c580, 0x0000000002e8cbb8]
Event: 1.793 Thread 0x00000000565e1800 1486       4       com.android.dx.ssa.SCCP::simulatePhi (169 bytes)
Event: 1.797 Thread 0x00000000565ec800 1590       2       com.android.dx.ssa.back.SsaToRop$PhiVisitor::visitPhiInsn (67 bytes)

GC Heap History (8 events):
Event: 0.734 GC heap before
{Heap before GC invocations=1 (full 0):
 PSYoungGen      total 38400K, used 18658K [0x00000000eab00000, 0x00000000ed580000, 0x0000000100000000)
  eden space 33280K, 56% used [0x00000000eab00000,0x00000000ebd38b88,0x00000000ecb80000)
  from space 5120K, 0% used [0x00000000ed080000,0x00000000ed080000,0x00000000ed580000)
  to   space 5120K, 0% used [0x00000000ecb80000,0x00000000ecb80000,0x00000000ed080000)
 ParOldGen       total 87552K, used 0K [0x00000000c0000000, 0x00000000c5580000, 0x00000000eab00000)
  object space 87552K, 0% used [0x00000000c0000000,0x00000000c0000000,0x00000000c5580000)
 Metaspace       used 5553K, capacity 6450K, committed 6528K, reserved 1060864K
  class space    used 601K, capacity 618K, committed 640K, reserved 1048576K
Event: 0.765 GC heap after
Heap after GC invocations=1 (full 0):
 PSYoungGen      total 38400K, used 3761K [0x00000000eab00000, 0x00000000ef600000, 0x0000000100000000)
  eden space 33280K, 0% used [0x00000000eab00000,0x00000000eab00000,0x00000000ecb80000)
  from space 5120K, 73% used [0x00000000ecb80000,0x00000000ecf2c7b8,0x00000000ed080000)
  to   space 5120K, 0% used [0x00000000ef100000,0x00000000ef100000,0x00000000ef600000)
 ParOldGen       total 87552K, used 8K [0x00000000c0000000, 0x00000000c5580000, 0x00000000eab00000)
  object space 87552K, 0% used [0x00000000c0000000,0x00000000c0002000,0x00000000c5580000)
 Metaspace       used 5553K, capacity 6450K, committed 6528K, reserved 1060864K
  class space    used 601K, capacity 618K, committed 640K, reserved 1048576K
}
Event: 0.765 GC heap before
{Heap before GC invocations=2 (full 1):
 PSYoungGen      total 38400K, used 3761K [0x00000000eab00000, 0x00000000ef600000, 0x0000000100000000)
  eden space 33280K, 0% used [0x00000000eab00000,0x00000000eab00000,0x00000000ecb80000)
  from space 5120K, 73% used [0x00000000ecb80000,0x00000000ecf2c7b8,0x00000000ed080000)
  to   space 5120K, 0% used [0x00000000ef100000,0x00000000ef100000,0x00000000ef600000)
 ParOldGen       total 87552K, used 8K [0x00000000c0000000, 0x00000000c5580000, 0x00000000eab00000)
  object space 87552K, 0% used [0x00000000c0000000,0x00000000c0002000,0x00000000c5580000)
 Metaspace       used 5553K, capacity 6450K, committed 6528K, reserved 1060864K
  class space    used 601K, capacity 618K, committed 640K, reserved 1048576K
Event: 0.817 GC heap after
Heap after GC invocations=2 (full 1):
 PSYoungGen      total 38400K, used 0K [0x00000000eab00000, 0x00000000ef600000, 0x0000000100000000)
  eden space 33280K, 0% used [0x00000000eab00000,0x00000000eab00000,0x00000000ecb80000)
  from space 5120K, 0% used [0x00000000ecb80000,0x00000000ecb80000,0x00000000ed080000)
  to   space 5120K, 0% used [0x00000000ef100000,0x00000000ef100000,0x00000000ef600000)
 ParOldGen       total 57344K, used 3561K [0x00000000c0000000, 0x00000000c3800000, 0x00000000eab00000)
  object space 57344K, 6% used [0x00000000c0000000,0x00000000c037a570,0x00000000c3800000)
 Metaspace       used 5553K, capacity 6450K, committed 6528K, reserved 1058816K
  class space    used 601K, capacity 618K, committed 640K, reserved 1048576K
}
Event: 1.220 GC heap before
{Heap before GC invocations=3 (full 1):
 PSYoungGen      total 38400K, used 33280K [0x00000000eab00000, 0x00000000ef600000, 0x0000000100000000)
  eden space 33280K, 100% used [0x00000000eab00000,0x00000000ecb80000,0x00000000ecb80000)
  from space 5120K, 0% used [0x00000000ecb80000,0x00000000ecb80000,0x00000000ed080000)
  to   space 5120K, 0% used [0x00000000ef100000,0x00000000ef100000,0x00000000ef600000)
 ParOldGen       total 57344K, used 3561K [0x00000000c0000000, 0x00000000c3800000, 0x00000000eab00000)
  object space 57344K, 6% used [0x00000000c0000000,0x00000000c037a570,0x00000000c3800000)
 Metaspace       used 6041K, capacity 6900K, committed 7040K, reserved 1058816K
  class space    used 605K, capacity 620K, committed 640K, reserved 1048576K
Event: 1.244 GC heap after
Heap after GC invocations=3 (full 1):
 PSYoungGen      total 52736K, used 5094K [0x00000000eab00000, 0x00000000ef600000, 0x0000000100000000)
  eden space 47616K, 0% used [0x00000000eab00000,0x00000000eab00000,0x00000000ed980000)
  from space 5120K, 99% used [0x00000000ef100000,0x00000000ef5f9b78,0x00000000ef600000)
  to   space 5120K, 0% used [0x00000000eec00000,0x00000000eec00000,0x00000000ef100000)
 ParOldGen       total 57344K, used 3883K [0x00000000c0000000, 0x00000000c3800000, 0x00000000eab00000)
  object space 57344K, 6% used [0x00000000c0000000,0x00000000c03cac50,0x00000000c3800000)
 Metaspace       used 6041K, capacity 6900K, committed 7040K, reserved 1058816K
  class space    used 605K, capacity 620K, committed 640K, reserved 1048576K
}
Event: 1.592 GC heap before
{Heap before GC invocations=4 (full 1):
 PSYoungGen      total 52736K, used 52710K [0x00000000eab00000, 0x00000000ef600000, 0x0000000100000000)
  eden space 47616K, 100% used [0x00000000eab00000,0x00000000ed980000,0x00000000ed980000)
  from space 5120K, 99% used [0x00000000ef100000,0x00000000ef5f9b78,0x00000000ef600000)
  to   space 5120K, 0% used [0x00000000eec00000,0x00000000eec00000,0x00000000ef100000)
 ParOldGen       total 57344K, used 3883K [0x00000000c0000000, 0x00000000c3800000, 0x00000000eab00000)
  object space 57344K, 6% used [0x00000000c0000000,0x00000000c03cac50,0x00000000c3800000)
 Metaspace       used 6220K, capacity 7092K, committed 7296K, reserved 1058816K
  class space    used 605K, capacity 620K, committed 640K, reserved 1048576K
Event: 1.756 GC heap after
Heap after GC invocations=4 (full 1):
 PSYoungGen      total 71680K, used 5103K [0x00000000eab00000, 0x00000000f0380000, 0x0000000100000000)
  eden space 66560K, 0% used [0x00000000eab00000,0x00000000eab00000,0x00000000eec00000)
  from space 5120K, 99% used [0x00000000eec00000,0x00000000ef0fbf98,0x00000000ef100000)
  to   space 5120K, 0% used [0x00000000efe80000,0x00000000efe80000,0x00000000f0380000)
 ParOldGen       total 57344K, used 10771K [0x00000000c0000000, 0x00000000c3800000, 0x00000000eab00000)
  object space 57344K, 18% used [0x00000000c0000000,0x00000000c0a84c00,0x00000000c3800000)
 Metaspace       used 6220K, capacity 7092K, committed 7296K, reserved 1058816K
  class space    used 605K, capacity 620K, committed 640K, reserved 1048576K
}

Deoptimization events (10 events):
Event: 0.940 Thread 0x000000005869f800 Uncommon trap: reason=class_check action=maybe_recompile pc=0x0000000002ba2518 method=com.android.dx.ssa.NormalSsaInsn.accept(Lcom/android/dx/ssa/SsaInsn$Visitor;)V @ 9
Event: 0.995 Thread 0x00000000023ce000 Uncommon trap: reason=null_check action=make_not_entrant pc=0x0000000002b607d0 method=com.android.dx.rop.type.Type.equals(Ljava/lang/Object;)Z @ 8
Event: 1.060 Thread 0x000000005869e800 Uncommon trap: reason=unstable_if action=reinterpret pc=0x0000000002c39fac method=com.android.dx.util.IntList.binarysearch(I)I @ 105
Event: 1.098 Thread 0x000000005869e800 Uncommon trap: reason=unstable_if action=reinterpret pc=0x0000000002bae45c method=com.android.dx.rop.code.RegisterSpecSet.put(Lcom/android/dx/rop/code/RegisterSpec;)V @ 77
Event: 1.098 Thread 0x000000005869e800 Uncommon trap: reason=unstable_if action=reinterpret pc=0x0000000002bb0dd4 method=com.android.dx.rop.code.RegisterSpecSet.put(Lcom/android/dx/rop/code/RegisterSpec;)V @ 77
Event: 1.104 Thread 0x00000000023ce000 Uncommon trap: reason=null_check action=make_not_entrant pc=0x0000000002c219a0 method=com.android.dx.ssa.SsaRenamer.getLocalForNewReg(I)Lcom/android/dx/rop/code/LocalItem; @ 19
Event: 1.106 Thread 0x00000000023ce000 Uncommon trap: reason=unstable_if action=reinterpret pc=0x0000000002b28304 method=com.android.dx.rop.cst.Constant.compareTo(Lcom/android/dx/rop/cst/Constant;)I @ 12
Event: 1.106 Thread 0x000000005869e800 Uncommon trap: reason=class_check action=maybe_recompile pc=0x0000000002ca6d14 method=java.util.HashMap.putVal(ILjava/lang/Object;Ljava/lang/Object;ZZ)Ljava/lang/Object; @ 203
Event: 1.289 Thread 0x00000000585af000 Uncommon trap: reason=unstable_if action=reinterpret pc=0x0000000002bfbbc4 method=com.android.dx.ssa.SsaRenamer$BlockRenamer.addMapping(ILcom/android/dx/rop/code/RegisterSpec;)V @ 120
Event: 1.563 Thread 0x000000005869e800 Uncommon trap: reason=unstable_if action=reinterpret pc=0x0000000002d06068 method=com.android.dx.rop.code.RegisterSpecSet.<init>(I)V @ 2

Internal exceptions (4 events):
Event: 0.055 Thread 0x00000000023ce000 Exception <a 'java/lang/NoSuchMethodError': Method sun.misc.Unsafe.defineClass(Ljava/lang/String;[BII)Ljava/lang/Class; name or signature does not match> (0x00000000eab13080) thrown at [C:\re\workspace\8-2-build-windows-amd64-cygwin\jdk8u66\5298\hotspot\srÇToñR¬?
Event: 0.055 Thread 0x00000000023ce000 Exception <a 'java/lang/NoSuchMethodError': Method sun.misc.Unsafe.prefetchRead(Ljava/lang/Object;J)V name or signature does not match> (0x00000000eab13368) thrown at [C:\re\workspace\8-2-build-windows-amd64-cygwin\jdk8u66\5298\hotspot\src\share\vm\prims\j5è÷t:Øï?
Event: 0.995 Thread 0x00000000023ce000 Implicit null exception at 0x0000000002b606d2 to 0x0000000002b607c2
Event: 1.104 Thread 0x00000000023ce000 Implicit null exception at 0x0000000002c1fa18 to 0x0000000002c21981

Events (10 events):
Event: 1.289 Thread 0x00000000585af000 Uncommon trap: trap_request=0xffffff65 fr.pc=0x0000000002bfbbc4
Event: 1.289 Thread 0x00000000585af000 DEOPT PACKING pc=0x0000000002bfbbc4 sp=0x0000000058ebe710
Event: 1.289 Thread 0x00000000585af000 DEOPT UNPACKING pc=0x000000000291582a sp=0x0000000058ebe6a0 mode 2
Event: 1.563 Thread 0x000000005869e800 Uncommon trap: trap_request=0xffffff65 fr.pc=0x0000000002d06068
Event: 1.563 Thread 0x000000005869e800 DEOPT PACKING pc=0x0000000002d06068 sp=0x000000005935ede0
Event: 1.563 Thread 0x000000005869e800 DEOPT UNPACKING pc=0x000000000291582a sp=0x000000005935ed10 mode 2
Event: 1.590 Executing VM operation: ParallelGCFailedAllocation
Event: 1.756 Executing VM operation: ParallelGCFailedAllocation done
Event: 1.770 Thread 0x000000005869d800 DEOPT PACKING pc=0x0000000002e7225b sp=0x000000005838e6d0
Event: 1.770 Thread 0x000000005869d800 DEOPT UNPACKING pc=0x000000000291747f sp=0x000000005838e428 mode 0


Dynamic libraries:
0x000000013f380000 - 0x000000013f3b7000 	C:\Program Files\Java\jdk1.8.0_66\bin\java.exe
0x0000000076d00000 - 0x0000000076ea9000 	C:\Windows\SYSTEM32\ntdll.dll
0x0000000076be0000 - 0x0000000076cff000 	C:\Windows\system32\kernel32.dll
0x000007fefce40000 - 0x000007fefceab000 	C:\Windows\system32\KERNELBASE.dll
0x000007fefd6f0000 - 0x000007fefd7cb000 	C:\Windows\system32\ADVAPI32.dll
0x000007fefdd20000 - 0x000007fefddbf000 	C:\Windows\system32\msvcrt.dll
0x000007fefdb70000 - 0x000007fefdb8f000 	C:\Windows\SYSTEM32\sechost.dll
0x000007fefd560000 - 0x000007fefd68d000 	C:\Windows\system32\RPCRT4.dll
0x0000000076ae0000 - 0x0000000076bda000 	C:\Windows\system32\USER32.dll
0x000007fefd820000 - 0x000007fefd887000 	C:\Windows\system32\GDI32.dll
0x000007feff000000 - 0x000007feff00e000 	C:\Windows\system32\LPK.dll
0x000007fefddc0000 - 0x000007fefde89000 	C:\Windows\system32\USP10.dll
0x000007fefb610000 - 0x000007fefb804000 	C:\Windows\WinSxS\amd64_microsoft.windows.common-controls_6595b64144ccf1df_6.0.7601.17514_none_fa396087175ac9ac\COMCTL32.dll
0x000007fefd890000 - 0x000007fefd901000 	C:\Windows\system32\SHLWAPI.dll
0x000007fefdc10000 - 0x000007fefdc3e000 	C:\Windows\system32\IMM32.DLL
0x000007fefeef0000 - 0x000007fefeff9000 	C:\Windows\system32\MSCTF.dll
0x000000005d550000 - 0x000000005d622000 	C:\Program Files\Java\jdk1.8.0_66\jre\bin\msvcr100.dll
0x0000000077770000 - 0x0000000077ff9000 	C:\Program Files\Java\jdk1.8.0_66\jre\bin\server\jvm.dll
0x000007fef5eb0000 - 0x000007fef5eb9000 	C:\Windows\system32\WSOCK32.dll
0x000007fefd7d0000 - 0x000007fefd81d000 	C:\Windows\system32\WS2_32.dll
0x000007fefd4b0000 - 0x000007fefd4b8000 	C:\Windows\system32\NSI.dll
0x000007fef9c90000 - 0x000007fef9ccb000 	C:\Windows\system32\WINMM.dll
0x000007fefc560000 - 0x000007fefc56c000 	C:\Windows\system32\VERSION.dll
0x0000000076ec0000 - 0x0000000076ec7000 	C:\Windows\system32\PSAPI.DLL
0x000000006baa0000 - 0x000000006baaf000 	C:\Program Files\Java\jdk1.8.0_66\jre\bin\verify.dll
0x000000006b5c0000 - 0x000000006b5e9000 	C:\Program Files\Java\jdk1.8.0_66\jre\bin\java.dll
0x000000006b600000 - 0x000000006b616000 	C:\Program Files\Java\jdk1.8.0_66\jre\bin\zip.dll
0x000007fefe010000 - 0x000007fefed98000 	C:\Windows\system32\SHELL32.dll
0x000007fefd0c0000 - 0x000007fefd2c3000 	C:\Windows\system32\ole32.dll
0x000007fefcc50000 - 0x000007fefcc5f000 	C:\Windows\system32\profapi.dll

VM Arguments:
jvm_args: -Djava.awt.headless=true -Xmx1024M -Dfile.encoding=x-windows-950 -Duser.country=TW -Duser.language=zh -Duser.variant 
java_command: com.android.dx.command.Main --dex --num-threads=4 --output C:\Users\awei\Desktop\AweiNO1\app\build\intermediates\pre-dexed\debug\com.facebook.android-facebook-android-sdk-4.6.0_59b38e6da47118efc636acb6e5f56687ba8add24.jar C:\Users\awei\Desktop\AweiNO1\app\build\intermediates\exploded-aar\com.facebook.android\facebook-android-sdk\4.6.0\jars\classes.jar
java_class_path (initial): C:\Users\awei\AppData\Local\Android\sdk1\build-tools\23.0.2\lib\dx.jar
Launcher Type: SUN_STANDARD

Environment Variables:
JAVA_HOME=C:\Program Files\Java\jdk1.8.0_66
PATH=C:\ProgramData\Oracle\Java\javapath;C:\Program Files (x86)\NVIDIA Corporation\PhysX\Common;C:\Windows\system32;C:\Windows;C:\Windows\System32\Wbem;C:\Windows\System32\WindowsPowerShell\v1.0\;C:\Program Files (x86)\QuickTime\QTSystem\
USERNAME=awei
OS=Windows_NT
PROCESSOR_IDENTIFIER=Intel64 Family 6 Model 26 Stepping 5, GenuineIntel



---------------  S Y S T E M  ---------------

OS: Windows 7 , 64 bit Build 7601 (6.1.7601.17514)

CPU:total 8 (4 cores per cpu, 2 threads per core) family 6 model 26 stepping 5, cmov, cx8, fxsr, mmx, sse, sse2, sse3, ssse3, sse4.1, sse4.2, popcnt, ht, tsc, tscinvbit, tscinv

Memory: 4k page, physical 8379512k(687368k free), swap 10987508k(5552k free)

vm_info: Java HotSpot(TM) 64-Bit Server VM (25.66-b18) for windows-amd64 JRE (1.8.0_66-b18), built on Nov  9 2015 10:51:13 by "java_re" with MS VC++ 10.0 (VS2010)

time: Thu Feb 18 17:41:54 2016
elapsed time: 1 seconds (0d 0h 0m 1s)

