#
# There is insufficient memory for the Java Runtime Environment to continue.
# Native memory allocation (malloc) failed to allocate 843696 bytes for Chunk::new
# Possible reasons:
#   The system is out of physical RAM or swap space
#   In 32 bit mode, the process size limit was hit
# Possible solutions:
#   Reduce memory load on the system
#   Increase physical memory or swap space
#   Check if swap backing store is full
#   Use 64 bit Java on a 64 bit OS
#   Decrease Java heap size (-Xmx/-Xms)
#   Decrease number of Java threads
#   Decrease Java thread stack sizes (-Xss)
#   Set larger code cache with -XX:ReservedCodeCacheSize=
# This output file may be truncated or incomplete.
#
#  Out of Memory Error (allocation.cpp:390), pid=5888, tid=5588
#
# JRE version: Java(TM) SE Runtime Environment (8.0_66-b18) (build 1.8.0_66-b18)
# Java VM: Java HotSpot(TM) 64-Bit Server VM (25.66-b18 mixed mode windows-amd64 compressed oops)
# Failed to write core dump. Minidumps are not enabled by default on client versions of Windows
#

---------------  T H R E A D  ---------------

Current thread (0x000000005692b800):  JavaThread "C2 CompilerThread0" daemon [_thread_in_native, id=5588, stack(0x0000000057f30000,0x0000000058030000)]

Stack: [0x0000000057f30000,0x0000000058030000]
[error occurred during error reporting (printing stack bounds), id 0xc0000005]

Native frames: (J=compiled Java code, j=interpreted, Vv=VM code, C=native code)


Current CompileTask:
C2:  10432 1714   !   4       com.android.dx.cf.code.BytecodeArray::parseInstruction (2764 bytes)


---------------  P R O C E S S  ---------------

Java Threads: ( => current thread )
  0x0000000058987800 JavaThread "pool-1-thread-4" [_thread_blocked, id=888, stack(0x00000000596e0000,0x00000000597e0000)]
  0x000000005897c800 JavaThread "pool-1-thread-3" [_thread_blocked, id=7908, stack(0x00000000594e0000,0x00000000595e0000)]
  0x0000000058970800 JavaThread "pool-1-thread-2" [_thread_blocked, id=4688, stack(0x0000000059280000,0x0000000059380000)]
  0x0000000056c15800 JavaThread "pool-2-thread-1" [_thread_blocked, id=6448, stack(0x0000000058060000,0x0000000058160000)]
  0x0000000056c15000 JavaThread "pool-1-thread-1" [_thread_blocked, id=7040, stack(0x0000000058710000,0x0000000058810000)]
  0x00000000569ad800 JavaThread "Service Thread" daemon [_thread_blocked, id=7084, stack(0x0000000058600000,0x0000000058700000)]
  0x00000000569a8000 JavaThread "C1 CompilerThread3" daemon [_thread_blocked, id=1904, stack(0x0000000058400000,0x0000000058500000)]
  0x00000000569a1800 JavaThread "C2 CompilerThread2" daemon [_thread_blocked, id=8704, stack(0x00000000582c0000,0x00000000583c0000)]
  0x0000000056941800 JavaThread "C2 CompilerThread1" daemon [_thread_blocked, id=8832, stack(0x0000000058180000,0x0000000058280000)]
=>0x000000005692b800 JavaThread "C2 CompilerThread0" daemon [_thread_in_native, id=5588, stack(0x0000000057f30000,0x0000000058030000)]
  0x000000005692a800 JavaThread "Attach Listener" daemon [_thread_blocked, id=8472, stack(0x0000000057ce0000,0x0000000057de0000)]
  0x0000000056936800 JavaThread "Signal Dispatcher" daemon [_thread_blocked, id=7668, stack(0x0000000057850000,0x0000000057950000)]
  0x000000005586a800 JavaThread "Finalizer" daemon [_thread_blocked, id=9028, stack(0x0000000057de0000,0x0000000057ee0000)]
  0x000000000252f800 JavaThread "Reference Handler" daemon [_thread_blocked, id=8344, stack(0x0000000057b90000,0x0000000057c90000)]
  0x00000000025fe000 JavaThread "main" [_thread_blocked, id=1196, stack(0x0000000002700000,0x0000000002800000)]

Other Threads:
  0x000000000252c800 VMThread [stack: 0x00000000579a0000,0x0000000057aa0000] [id=5920]
  0x0000000056a30000 WatcherThread [stack: 0x0000000058860000,0x0000000058960000] [id=2116]

VM state:not at safepoint (normal execution)

VM Mutex/Monitor currently owned by a thread: None

Heap:
 PSYoungGen      total 71680K, used 24162K [0x00000000eab00000, 0x00000000ef600000, 0x0000000100000000)
  eden space 66560K, 28% used [0x00000000eab00000,0x00000000ebd995b0,0x00000000eec00000)
  from space 5120K, 99% used [0x00000000ef100000,0x00000000ef5ff638,0x00000000ef600000)
  to   space 5120K, 0% used [0x00000000eec00000,0x00000000eec00000,0x00000000ef100000)
 ParOldGen       total 87552K, used 6150K [0x00000000c0000000, 0x00000000c5580000, 0x00000000eab00000)
  object space 87552K, 7% used [0x00000000c0000000,0x00000000c0601ab0,0x00000000c5580000)
 Metaspace       used 6185K, capacity 7092K, committed 7296K, reserved 1056768K
  class space    used 602K, capacity 620K, committed 640K, reserved 1048576K

Card table byte_map: [0x0000000011bc0000,0x0000000011dd0000] byte_map_base: 0x00000000115c0000

Marking Bits: (ParMarkBitMap*) 0x000000005b36a5b0
 Begin Bits: [0x0000000012c80000, 0x0000000013c80000)
 End Bits:   [0x0000000013c80000, 0x0000000014c80000)

Polling page: 0x0000000000240000

CodeCache: size=245760Kb used=6550Kb max_used=6560Kb free=239209Kb
 bounds [0x0000000002800000, 0x0000000002e70000, 0x0000000011800000]
 total_blobs=1916 nmethods=1646 adapters=184
 compilation: enabled

Compilation events (10 events):
Event: 10.258 Thread 0x00000000569a8000 nmethod 1722 0x0000000002e57250 code [0x0000000002e573e0, 0x0000000002e577c8]
Event: 10.324 Thread 0x00000000569a1800 nmethod 1715 0x0000000002e69690 code [0x0000000002e69920, 0x0000000002e6b510]
Event: 10.418 Thread 0x00000000569a8000 1727       3       com.android.dx.rop.annotation.Annotations::addAll (59 bytes)
Event: 10.418 Thread 0x00000000569a8000 nmethod 1727 0x0000000002e68490 code [0x0000000002e686a0, 0x0000000002e691b8]
Event: 10.420 Thread 0x00000000569a8000 1728       3       sun.util.calendar.Gregorian$Date::getNormalizedYear (5 bytes)
Event: 10.420 Thread 0x00000000569a8000 nmethod 1728 0x0000000002e56e90 code [0x0000000002e56fe0, 0x0000000002e571d0]
Event: 10.420 Thread 0x00000000569a8000 1729       3       sun.util.calendar.BaseCalendar::isLeapYear (5 bytes)
Event: 10.420 Thread 0x00000000569a8000 nmethod 1729 0x0000000002e67f10 code [0x0000000002e68080, 0x0000000002e68370]
Event: 10.420 Thread 0x00000000569a8000 1730       3       sun.util.calendar.CalendarUtils::isGregorianLeapYear (27 bytes)
Event: 10.420 Thread 0x00000000569a8000 nmethod 1730 0x0000000002e67a50 code [0x0000000002e67bc0, 0x0000000002e67e30]

GC Heap History (4 events):
Event: 2.728 GC heap before
{Heap before GC invocations=1 (full 0):
 PSYoungGen      total 38400K, used 33280K [0x00000000eab00000, 0x00000000ed580000, 0x0000000100000000)
  eden space 33280K, 100% used [0x00000000eab00000,0x00000000ecb80000,0x00000000ecb80000)
  from space 5120K, 0% used [0x00000000ed080000,0x00000000ed080000,0x00000000ed580000)
  to   space 5120K, 0% used [0x00000000ecb80000,0x00000000ecb80000,0x00000000ed080000)
 ParOldGen       total 87552K, used 0K [0x00000000c0000000, 0x00000000c5580000, 0x00000000eab00000)
  object space 87552K, 0% used [0x00000000c0000000,0x00000000c0000000,0x00000000c5580000)
 Metaspace       used 5779K, capacity 6708K, committed 6784K, reserved 1056768K
  class space    used 598K, capacity 620K, committed 640K, reserved 1048576K
Event: 5.384 GC heap after
Heap after GC invocations=1 (full 0):
 PSYoungGen      total 38400K, used 5096K [0x00000000eab00000, 0x00000000ef600000, 0x0000000100000000)
  eden space 33280K, 0% used [0x00000000eab00000,0x00000000eab00000,0x00000000ecb80000)
  from space 5120K, 99% used [0x00000000ecb80000,0x00000000ed07a0d8,0x00000000ed080000)
  to   space 5120K, 0% used [0x00000000ef100000,0x00000000ef100000,0x00000000ef600000)
 ParOldGen       total 87552K, used 1845K [0x00000000c0000000, 0x00000000c5580000, 0x00000000eab00000)
  object space 87552K, 2% used [0x00000000c0000000,0x00000000c01cd7b0,0x00000000c5580000)
 Metaspace       used 5779K, capacity 6708K, committed 6784K, reserved 1056768K
  class space    used 598K, capacity 620K, committed 640K, reserved 1048576K
}
Event: 5.843 GC heap before
{Heap before GC invocations=2 (full 0):
 PSYoungGen      total 38400K, used 38376K [0x00000000eab00000, 0x00000000ef600000, 0x0000000100000000)
  eden space 33280K, 100% used [0x00000000eab00000,0x00000000ecb80000,0x00000000ecb80000)
  from space 5120K, 99% used [0x00000000ecb80000,0x00000000ed07a0d8,0x00000000ed080000)
  to   space 5120K, 0% used [0x00000000ef100000,0x00000000ef100000,0x00000000ef600000)
 ParOldGen       total 87552K, used 1845K [0x00000000c0000000, 0x00000000c5580000, 0x00000000eab00000)
  object space 87552K, 2% used [0x00000000c0000000,0x00000000c01cd7b0,0x00000000c5580000)
 Metaspace       used 6004K, capacity 6900K, committed 7040K, reserved 1056768K
  class space    used 601K, capacity 620K, committed 640K, reserved 1048576K
Event: 6.813 GC heap after
Heap after GC invocations=2 (full 0):
 PSYoungGen      total 71680K, used 5117K [0x00000000eab00000, 0x00000000ef600000, 0x0000000100000000)
  eden space 66560K, 0% used [0x00000000eab00000,0x00000000eab00000,0x00000000eec00000)
  from space 5120K, 99% used [0x00000000ef100000,0x00000000ef5ff638,0x00000000ef600000)
  to   space 5120K, 0% used [0x00000000eec00000,0x00000000eec00000,0x00000000ef100000)
 ParOldGen       total 87552K, used 6150K [0x00000000c0000000, 0x00000000c5580000, 0x00000000eab00000)
  object space 87552K, 7% used [0x00000000c0000000,0x00000000c0601ab0,0x00000000c5580000)
 Metaspace       used 6004K, capacity 6900K, committed 7040K, reserved 1056768K
  class space    used 601K, capacity 620K, committed 640K, reserved 1048576K
}

Deoptimization events (10 events):
Event: 5.743 Thread 0x00000000025fe000 Uncommon trap: reason=unstable_if action=reinterpret pc=0x0000000002ae9e8c method=com.android.dx.ssa.SsaMethod.updateOneDefinition(Lcom/android/dx/ssa/SsaInsn;Lcom/android/dx/rop/code/RegisterSpec;)V @ 4
Event: 5.748 Thread 0x00000000025fe000 Uncommon trap: reason=unstable_if action=reinterpret pc=0x0000000002af9cbc method=com.android.dx.util.LabeledList.set(ILcom/android/dx/util/LabeledItem;)V @ 16
Event: 5.748 Thread 0x00000000025fe000 Uncommon trap: reason=unstable_if action=reinterpret pc=0x0000000002aec4cc method=com.android.dx.util.LabeledList.set(ILcom/android/dx/util/LabeledItem;)V @ 16
Event: 5.839 Thread 0x0000000056c15000 Uncommon trap: reason=class_check action=maybe_recompile pc=0x0000000002a5927c method=java.util.HashMap.putVal(ILjava/lang/Object;Ljava/lang/Object;ZZ)Ljava/lang/Object; @ 203
Event: 5.839 Thread 0x0000000056c15000 Uncommon trap: reason=bimorphic action=maybe_recompile pc=0x00000000029e6354 method=java.util.HashMap.getNode(ILjava/lang/Object;)Ljava/util/HashMap$Node; @ 126
Event: 5.839 Thread 0x0000000056c15000 Uncommon trap: reason=bimorphic action=maybe_recompile pc=0x00000000029e6354 method=java.util.HashMap.getNode(ILjava/lang/Object;)Ljava/util/HashMap$Node; @ 126
Event: 7.302 Thread 0x000000005897c800 Uncommon trap: reason=uninitialized action=reinterpret pc=0x0000000002bfbbc0 method=com.android.dx.cf.code.BytecodeArray.parseInstruction(ILcom/android/dx/cf/code/BytecodeArray$Visitor;)I @ 1031
Event: 7.305 Thread 0x000000005897c800 Uncommon trap: reason=bimorphic action=maybe_recompile pc=0x00000000029e6354 method=java.util.HashMap.getNode(ILjava/lang/Object;)Ljava/util/HashMap$Node; @ 126
Event: 7.506 Thread 0x0000000058987800 Uncommon trap: reason=unstable_if action=reinterpret pc=0x0000000002bf4f1c method=com.android.dx.ssa.LiteralOpUpgrader$1.visitNonMoveInsn(Lcom/android/dx/ssa/NormalSsaInsn;)V @ 55
Event: 8.725 Thread 0x0000000058970800 Uncommon trap: reason=unstable_if action=reinterpret pc=0x0000000002d0b334 method=com.android.dx.ssa.SCCP.simulateBranch(Lcom/android/dx/ssa/SsaInsn;)V @ 548

Internal exceptions (2 events):
Event: 0.510 Thread 0x00000000025fe000 Exception <a 'java/lang/NoSuchMethodError': Method sun.misc.Unsafe.defineClass(Ljava/lang/String;[BII)Ljava/lang/Class; name or signature does not match> (0x00000000eab13080) thrown at [C:\re\workspace\8-2-build-windows-amd64-cygwin\jdk8u66\5298\hotspot\sr0ä¯é´Oà?
Event: 0.510 Thread 0x00000000025fe000 Exception <a 'java/lang/NoSuchMethodError': Method sun.misc.Unsafe.prefetchRead(Ljava/lang/Object;J)V name or signature does not match> (0x00000000eab13368) thrown at [C:\re\workspace\8-2-build-windows-amd64-cygwin\jdk8u66\5298\hotspot\src\share\vm\prims\j

Events (10 events):
Event: 8.676 Thread 0x0000000056c15000 DEOPT UNPACKING pc=0x000000000284747f sp=0x000000005880e4b0 mode 0
Event: 8.725 Thread 0x0000000058970800 Uncommon trap: trap_request=0xffffff65 fr.pc=0x0000000002d0b334
Event: 8.725 Thread 0x0000000058970800 DEOPT PACKING pc=0x0000000002d0b334 sp=0x000000005937ebd0
Event: 8.725 Thread 0x0000000058970800 DEOPT UNPACKING pc=0x000000000284582a sp=0x000000005937ebc8 mode 2
Event: 8.728 Thread 0x0000000058970800 DEOPT PACKING pc=0x0000000002b46e78 sp=0x000000005937ed10
Event: 8.728 Thread 0x0000000058970800 DEOPT UNPACKING pc=0x000000000284747f sp=0x000000005937eb38 mode 0
Event: 8.981 Thread 0x000000005897c800 DEOPT PACKING pc=0x0000000002b15d38 sp=0x00000000595de610
Event: 8.981 Thread 0x000000005897c800 DEOPT UNPACKING pc=0x000000000284747f sp=0x00000000595de3d8 mode 0
Event: 10.192 loading class com/android/dx/cf/code/BytecodeArray$ConstantParserVisitor
Event: 10.192 loading class com/android/dx/cf/code/BytecodeArray$ConstantParserVisitor done


Dynamic libraries:
0x000000013f4c0000 - 0x000000013f4f7000 	C:\Program Files\Java\jdk1.8.0_66\bin\java.exe
0x0000000076de0000 - 0x0000000076f89000 	C:\Windows\SYSTEM32\ntdll.dll
0x0000000076bc0000 - 0x0000000076cdf000 	C:\Windows\system32\kernel32.dll
0x000007fefcff0000 - 0x000007fefd05b000 	C:\Windows\system32\KERNELBASE.dll
0x000007fefebc0000 - 0x000007fefec9b000 	C:\Windows\system32\ADVAPI32.dll
0x000007fefd980000 - 0x000007fefda1f000 	C:\Windows\system32\msvcrt.dll
0x000007fefd100000 - 0x000007fefd11f000 	C:\Windows\SYSTEM32\sechost.dll
0x000007fefeca0000 - 0x000007fefedcd000 	C:\Windows\system32\RPCRT4.dll
0x0000000076ce0000 - 0x0000000076dda000 	C:\Windows\system32\USER32.dll
0x000007fefd130000 - 0x000007fefd197000 	C:\Windows\system32\GDI32.dll
0x000007fefd120000 - 0x000007fefd12e000 	C:\Windows\system32\LPK.dll
0x000007fefe8e0000 - 0x000007fefe9a9000 	C:\Windows\system32\USP10.dll
0x000007fefb6f0000 - 0x000007fefb8e4000 	C:\Windows\WinSxS\amd64_microsoft.windows.common-controls_6595b64144ccf1df_6.0.7601.17514_none_fa396087175ac9ac\COMCTL32.dll
0x000007fefd7a0000 - 0x000007fefd811000 	C:\Windows\system32\SHLWAPI.dll
0x000007fefefb0000 - 0x000007fefefde000 	C:\Windows\system32\IMM32.DLL
0x000007fefefe0000 - 0x000007feff0e9000 	C:\Windows\system32\MSCTF.dll
0x000000005a8c0000 - 0x000000005a992000 	C:\Program Files\Java\jdk1.8.0_66\jre\bin\msvcr100.dll
0x000000005ab60000 - 0x000000005b3e9000 	C:\Program Files\Java\jdk1.8.0_66\jre\bin\server\jvm.dll
0x000007fef2910000 - 0x000007fef2919000 	C:\Windows\system32\WSOCK32.dll
0x000007fefd2f0000 - 0x000007fefd33d000 	C:\Windows\system32\WS2_32.dll
0x000007fefd240000 - 0x000007fefd248000 	C:\Windows\system32\NSI.dll
0x000007fefa130000 - 0x000007fefa16b000 	C:\Windows\system32\WINMM.dll
0x000007fefc640000 - 0x000007fefc64c000 	C:\Windows\system32\VERSION.dll
0x0000000076fa0000 - 0x0000000076fa7000 	C:\Windows\system32\PSAPI.DLL
0x000000006bdb0000 - 0x000000006bdbf000 	C:\Program Files\Java\jdk1.8.0_66\jre\bin\verify.dll
0x0000000067290000 - 0x00000000672b9000 	C:\Program Files\Java\jdk1.8.0_66\jre\bin\java.dll
0x000000006b990000 - 0x000000006b9a6000 	C:\Program Files\Java\jdk1.8.0_66\jre\bin\zip.dll
0x000007fefda20000 - 0x000007fefe7a8000 	C:\Windows\system32\SHELL32.dll
0x000007fefe9b0000 - 0x000007fefebb3000 	C:\Windows\system32\ole32.dll
0x000007fefcd30000 - 0x000007fefcd3f000 	C:\Windows\system32\profapi.dll

VM Arguments:
jvm_args: -Djava.awt.headless=true -Xmx1024M -Dfile.encoding=x-windows-950 -Duser.country=TW -Duser.language=zh -Duser.variant 
java_command: com.android.dx.command.Main --dex --num-threads=4 --output C:\Users\awei\Desktop\AweiNO1\app\build\intermediates\pre-dexed\debug\com.google.android.gms-play-services-fitness-8.4.0_869b34c283e074ca9a9511c3496029c2857ea281.jar C:\Users\awei\Desktop\AweiNO1\app\build\intermediates\exploded-aar\com.google.android.gms\play-services-fitness\8.4.0\jars\classes.jar
java_class_path (initial): C:\Users\awei\AppData\Local\Android\sdk1\build-tools\23.0.2\lib\dx.jar
Launcher Type: SUN_STANDARD

Environment Variables:
JAVA_HOME=C:\Program Files\Java\jdk1.8.0_66
PATH=C:\ProgramData\Oracle\Java\javapath;C:\Program Files (x86)\NVIDIA Corporation\PhysX\Common;C:\Windows\system32;C:\Windows;C:\Windows\System32\Wbem;C:\Windows\System32\WindowsPowerShell\v1.0\;C:\Program Files (x86)\QuickTime\QTSystem\
USERNAME=awei
OS=Windows_NT
PROCESSOR_IDENTIFIER=Intel64 Family 6 Model 26 Stepping 5, GenuineIntel



---------------  S Y S T E M  ---------------

OS: Windows 7 , 64 bit Build 7601 (6.1.7601.17514)

CPU:total 8 (4 cores per cpu, 2 threads per core) family 6 model 26 stepping 5, cmov, cx8, fxsr, mmx, sse, sse2, sse3, ssse3, sse4.1, sse4.2, popcnt, ht, tsc, tscinvbit, tscinv

Memory: 4k page, physical 8379512k(622260k free), swap 10563684k(5060k free)

vm_info: Java HotSpot(TM) 64-Bit Server VM (25.66-b18) for windows-amd64 JRE (1.8.0_66-b18), built on Nov  9 2015 10:51:13 by "java_re" with MS VC++ 10.0 (VS2010)

time: Thu Feb 11 21:58:24 2016
elapsed time: 10 seconds (0d 0h 0m 10s)

