#
# There is insufficient memory for the Java Runtime Environment to continue.
# Native memory allocation (malloc) failed to allocate 1049936 bytes for Chunk::new
# Possible reasons:
#   The system is out of physical RAM or swap space
#   In 32 bit mode, the process size limit was hit
# Possible solutions:
#   Reduce memory load on the system
#   Increase physical memory or swap space
#   Check if swap backing store is full
#   Use 64 bit Java on a 64 bit OS
#   Decrease Java heap size (-Xmx/-Xms)
#   Decrease number of Java threads
#   Decrease Java thread stack sizes (-Xss)
#   Set larger code cache with -XX:ReservedCodeCacheSize=
# This output file may be truncated or incomplete.
#
#  Out of Memory Error (allocation.cpp:390), pid=9748, tid=5940
#
# JRE version: Java(TM) SE Runtime Environment (8.0_66-b18) (build 1.8.0_66-b18)
# Java VM: Java HotSpot(TM) 64-Bit Server VM (25.66-b18 mixed mode windows-amd64 compressed oops)
# Failed to write core dump. Minidumps are not enabled by default on client versions of Windows
#

---------------  T H R E A D  ---------------

Current thread (0x0000000056907800):  JavaThread "C2 CompilerThread1" daemon [_thread_in_native, id=5940, stack(0x00000000579e0000,0x0000000057ae0000)]

Stack: [0x00000000579e0000,0x0000000057ae0000]
[error occurred during error reporting (printing stack bounds), id 0xc0000005]

Native frames: (J=compiled Java code, j=interpreted, Vv=VM code, C=native code)


Current CompileTask:
C2:   8872 1473   !   4       com.android.dx.cf.code.RopperMachine::run (1550 bytes)


---------------  P R O C E S S  ---------------

Java Threads: ( => current thread )
  0x0000000058833800 JavaThread "pool-1-thread-4" [_thread_blocked, id=4416, stack(0x0000000059300000,0x0000000059400000)]
  0x0000000058832800 JavaThread "pool-1-thread-3" [_thread_blocked, id=9368, stack(0x0000000059450000,0x0000000059550000)]
  0x0000000058831000 JavaThread "pool-1-thread-2" [_thread_blocked, id=988, stack(0x0000000059190000,0x0000000059290000)]
  0x0000000058830000 JavaThread "pool-2-thread-1" [_thread_blocked, id=1880, stack(0x0000000059000000,0x0000000059100000)]
  0x0000000056bfe800 JavaThread "pool-1-thread-1" [_thread_in_Java, id=9076, stack(0x0000000058ef0000,0x0000000058ff0000)]
  0x00000000569ab800 JavaThread "Service Thread" daemon [_thread_blocked, id=1852, stack(0x00000000585e0000,0x00000000586e0000)]
  0x000000005693b800 JavaThread "C1 CompilerThread3" daemon [_thread_blocked, id=9800, stack(0x00000000583f0000,0x00000000584f0000)]
  0x000000005690c800 JavaThread "C2 CompilerThread2" daemon [_thread_in_native, id=9864, stack(0x0000000058140000,0x0000000058240000)]
=>0x0000000056907800 JavaThread "C2 CompilerThread1" daemon [_thread_in_native, id=5940, stack(0x00000000579e0000,0x0000000057ae0000)]
  0x00000000568f1800 JavaThread "C2 CompilerThread0" daemon [_thread_in_native, id=9492, stack(0x0000000057fe0000,0x00000000580e0000)]
  0x00000000568f0800 JavaThread "Attach Listener" daemon [_thread_blocked, id=9760, stack(0x0000000057ee0000,0x0000000057fe0000)]
  0x00000000568fe800 JavaThread "Signal Dispatcher" daemon [_thread_blocked, id=8556, stack(0x0000000057c10000,0x0000000057d10000)]
  0x0000000055827800 JavaThread "Finalizer" daemon [_thread_blocked, id=6312, stack(0x0000000057d60000,0x0000000057e60000)]
  0x0000000055826800 JavaThread "Reference Handler" daemon [_thread_blocked, id=2676, stack(0x0000000057b00000,0x0000000057c00000)]
  0x000000000268e000 JavaThread "main" [_thread_blocked, id=6264, stack(0x00000000028f0000,0x00000000029f0000)]

Other Threads:
  0x0000000056893000 VMThread [stack: 0x00000000578c0000,0x00000000579c0000] [id=9612]
  0x00000000569e2000 WatcherThread [stack: 0x0000000058250000,0x0000000058350000] [id=10096]

VM state:not at safepoint (normal execution)

VM Mutex/Monitor currently owned by a thread: None

Heap:
 PSYoungGen      total 38400K, used 20878K [0x00000000eab00000, 0x00000000ef600000, 0x0000000100000000)
  eden space 33280K, 47% used [0x00000000eab00000,0x00000000eba6af30,0x00000000ecb80000)
  from space 5120K, 99% used [0x00000000ecb80000,0x00000000ed078900,0x00000000ed080000)
  to   space 5120K, 0% used [0x00000000ef100000,0x00000000ef100000,0x00000000ef600000)
 ParOldGen       total 87552K, used 1209K [0x00000000c0000000, 0x00000000c5580000, 0x00000000eab00000)
  object space 87552K, 1% used [0x00000000c0000000,0x00000000c012e7c0,0x00000000c5580000)
 Metaspace       used 6095K, capacity 6964K, committed 7040K, reserved 1056768K
  class space    used 599K, capacity 620K, committed 640K, reserved 1048576K

Card table byte_map: [0x0000000011db0000,0x0000000011fc0000] byte_map_base: 0x00000000117b0000

Marking Bits: (ParMarkBitMap*) 0x0000000077f7a5b0
 Begin Bits: [0x0000000012c40000, 0x0000000013c40000)
 End Bits:   [0x0000000013c40000, 0x0000000014c40000)

Polling page: 0x0000000000440000

CodeCache: size=245760Kb used=6398Kb max_used=6410Kb free=239361Kb
 bounds [0x00000000029f0000, 0x0000000003040000, 0x00000000119f0000]
 total_blobs=1765 nmethods=1495 adapters=184
 compilation: enabled

Compilation events (10 events):
Event: 8.665 Thread 0x000000005690c800 1491       4       com.android.dx.ssa.SsaBasicBlock::<init> (109 bytes)
Event: 8.677 Thread 0x000000005690c800 nmethod 1491 0x000000000302e990 code [0x000000000302eb20, 0x000000000302f198]
Event: 8.677 Thread 0x000000005690c800 1468       4       com.android.dx.cf.code.ExecutionStack::peek (42 bytes)
Event: 8.678 Thread 0x000000005690c800 nmethod 1468 0x0000000003027e10 code [0x0000000003027f60, 0x0000000003028018]
Event: 8.681 Thread 0x00000000568f1800 nmethod 1467 0x0000000003032810 code [0x0000000003032cc0, 0x0000000003033cd0]
Event: 8.767 Thread 0x000000005690c800 1497       4       com.android.dx.ssa.NormalSsaInsn::accept (25 bytes)
Event: 8.795 Thread 0x000000005690c800 nmethod 1497 0x0000000003037810 code [0x0000000003037a60, 0x0000000003038960]
Event: 8.796 Thread 0x00000000568f1800 1498       4       com.android.dx.ssa.SsaBasicBlock::newFromRop (183 bytes)
Event: 8.802 Thread 0x000000005690c800 1499       4       com.android.dx.ssa.DeadCodeRemover::pruneDeadInstructions (246 bytes)
Event: 8.817 Thread 0x000000005690c800 nmethod 1499 0x0000000003035550 code [0x00000000030356e0, 0x0000000003035cf8]

GC Heap History (2 events):
Event: 3.554 GC heap before
{Heap before GC invocations=1 (full 0):
 PSYoungGen      total 38400K, used 33280K [0x00000000eab00000, 0x00000000ed580000, 0x0000000100000000)
  eden space 33280K, 100% used [0x00000000eab00000,0x00000000ecb80000,0x00000000ecb80000)
  from space 5120K, 0% used [0x00000000ed080000,0x00000000ed080000,0x00000000ed580000)
  to   space 5120K, 0% used [0x00000000ecb80000,0x00000000ecb80000,0x00000000ed080000)
 ParOldGen       total 87552K, used 0K [0x00000000c0000000, 0x00000000c5580000, 0x00000000eab00000)
  object space 87552K, 0% used [0x00000000c0000000,0x00000000c0000000,0x00000000c5580000)
 Metaspace       used 5957K, capacity 6900K, committed 7040K, reserved 1056768K
  class space    used 598K, capacity 620K, committed 640K, reserved 1048576K
Event: 4.552 GC heap after
Heap after GC invocations=1 (full 0):
 PSYoungGen      total 38400K, used 5090K [0x00000000eab00000, 0x00000000ef600000, 0x0000000100000000)
  eden space 33280K, 0% used [0x00000000eab00000,0x00000000eab00000,0x00000000ecb80000)
  from space 5120K, 99% used [0x00000000ecb80000,0x00000000ed078900,0x00000000ed080000)
  to   space 5120K, 0% used [0x00000000ef100000,0x00000000ef100000,0x00000000ef600000)
 ParOldGen       total 87552K, used 1209K [0x00000000c0000000, 0x00000000c5580000, 0x00000000eab00000)
  object space 87552K, 1% used [0x00000000c0000000,0x00000000c012e7c0,0x00000000c5580000)
 Metaspace       used 5957K, capacity 6900K, committed 7040K, reserved 1056768K
  class space    used 598K, capacity 620K, committed 640K, reserved 1048576K
}

Deoptimization events (10 events):
Event: 8.635 Thread 0x0000000058832800 Uncommon trap: reason=unstable_if action=reinterpret pc=0x0000000002fcaca0 method=com.android.dx.ssa.SsaRenamer$BlockRenamer.process()V @ 59
Event: 8.636 Thread 0x0000000056bfe800 Uncommon trap: reason=unstable_if action=reinterpret pc=0x0000000002d274c0 method=com.android.dx.ssa.NormalSsaInsn.getLocalAssignment()Lcom/android/dx/rop/code/RegisterSpec; @ 12
Event: 8.636 Thread 0x0000000056bfe800 Uncommon trap: reason=unstable_if action=reinterpret pc=0x0000000002ce1e98 method=com.android.dx.ssa.NormalSsaInsn.getLocalAssignment()Lcom/android/dx/rop/code/RegisterSpec; @ 12
Event: 8.636 Thread 0x0000000056bfe800 Uncommon trap: reason=unstable_if action=reinterpret pc=0x0000000002ce1120 method=com.android.dx.ssa.NormalSsaInsn.getLocalAssignment()Lcom/android/dx/rop/code/RegisterSpec; @ 12
Event: 8.636 Thread 0x0000000056bfe800 Uncommon trap: reason=unstable_if action=reinterpret pc=0x0000000002f24b4c method=com.android.dx.ssa.SsaMethod.isRegALocal(Lcom/android/dx/rop/code/RegisterSpec;)Z @ 80
Event: 8.636 Thread 0x0000000056bfe800 Uncommon trap: reason=unstable_if action=reinterpret pc=0x0000000002daa4fc method=com.android.dx.ssa.NormalSsaInsn.getLocalAssignment()Lcom/android/dx/rop/code/RegisterSpec; @ 12
Event: 8.636 Thread 0x0000000056bfe800 Uncommon trap: reason=unstable_if action=reinterpret pc=0x0000000002f2103c method=com.android.dx.ssa.NormalSsaInsn.getLocalAssignment()Lcom/android/dx/rop/code/RegisterSpec; @ 12
Event: 8.637 Thread 0x0000000056bfe800 Uncommon trap: reason=unstable_if action=reinterpret pc=0x0000000002f32060 method=com.android.dx.rop.code.Insn.getLocalAssignment()Lcom/android/dx/rop/code/RegisterSpec; @ 9
Event: 8.649 Thread 0x0000000058832800 Uncommon trap: reason=unstable_if action=reinterpret pc=0x0000000002f2e5fc method=com.android.dx.ssa.SsaMethod.isRegALocal(Lcom/android/dx/rop/code/RegisterSpec;)Z @ 80
Event: 8.650 Thread 0x0000000058832800 Uncommon trap: reason=unstable_if action=reinterpret pc=0x0000000002bf3b6c method=java.util.HashMap.getNode(ILjava/lang/Object;)Ljava/util/HashMap$Node; @ 62

Internal exceptions (2 events):
Event: 0.048 Thread 0x000000000268e000 Exception <a 'java/lang/NoSuchMethodError': Method sun.misc.Unsafe.defineClass(Ljava/lang/String;[BII)Ljava/lang/Class; name or signature does not match> (0x00000000eab13080) thrown at [C:\re\workspace\8-2-build-windows-amd64-cygwin\jdk8u66\5298\hotspot\sr"`Ð(÷«¨?
Event: 0.048 Thread 0x000000000268e000 Exception <a 'java/lang/NoSuchMethodError': Method sun.misc.Unsafe.prefetchRead(Ljava/lang/Object;J)V name or signature does not match> (0x00000000eab13368) thrown at [C:\re\workspace\8-2-build-windows-amd64-cygwin\jdk8u66\5298\hotspot\src\share\vm\prims\j

Events (10 events):
Event: 8.636 Thread 0x0000000056bfe800 DEOPT UNPACKING pc=0x0000000002a3582a sp=0x0000000058fee5b0 mode 2
Event: 8.637 Thread 0x0000000056bfe800 Uncommon trap: trap_request=0xffffff65 fr.pc=0x0000000002f32060
Event: 8.637 Thread 0x0000000056bfe800 DEOPT PACKING pc=0x0000000002f32060 sp=0x0000000058fee880
Event: 8.637 Thread 0x0000000056bfe800 DEOPT UNPACKING pc=0x0000000002a3582a sp=0x0000000058fee808 mode 2
Event: 8.649 Thread 0x0000000058832800 Uncommon trap: trap_request=0xffffff65 fr.pc=0x0000000002f2e5fc
Event: 8.649 Thread 0x0000000058832800 DEOPT PACKING pc=0x0000000002f2e5fc sp=0x000000005954ea70
Event: 8.649 Thread 0x0000000058832800 DEOPT UNPACKING pc=0x0000000002a3582a sp=0x000000005954e998 mode 2
Event: 8.650 Thread 0x0000000058832800 Uncommon trap: trap_request=0xffffff65 fr.pc=0x0000000002bf3b6c
Event: 8.650 Thread 0x0000000058832800 DEOPT PACKING pc=0x0000000002bf3b6c sp=0x000000005954eb50
Event: 8.650 Thread 0x0000000058832800 DEOPT UNPACKING pc=0x0000000002a3582a sp=0x000000005954ea60 mode 2


Dynamic libraries:
0x000000013fed0000 - 0x000000013ff07000 	C:\Program Files\Java\jdk1.8.0_66\bin\java.exe
0x0000000076d00000 - 0x0000000076ea9000 	C:\Windows\SYSTEM32\ntdll.dll
0x0000000076be0000 - 0x0000000076cff000 	C:\Windows\system32\kernel32.dll
0x000007fefce40000 - 0x000007fefceab000 	C:\Windows\system32\KERNELBASE.dll
0x000007fefd6f0000 - 0x000007fefd7cb000 	C:\Windows\system32\ADVAPI32.dll
0x000007fefdd20000 - 0x000007fefddbf000 	C:\Windows\system32\msvcrt.dll
0x000007fefdb70000 - 0x000007fefdb8f000 	C:\Windows\SYSTEM32\sechost.dll
0x000007fefd560000 - 0x000007fefd68d000 	C:\Windows\system32\RPCRT4.dll
0x0000000076ae0000 - 0x0000000076bda000 	C:\Windows\system32\USER32.dll
0x000007fefd820000 - 0x000007fefd887000 	C:\Windows\system32\GDI32.dll
0x000007feff000000 - 0x000007feff00e000 	C:\Windows\system32\LPK.dll
0x000007fefddc0000 - 0x000007fefde89000 	C:\Windows\system32\USP10.dll
0x000007fefb610000 - 0x000007fefb804000 	C:\Windows\WinSxS\amd64_microsoft.windows.common-controls_6595b64144ccf1df_6.0.7601.17514_none_fa396087175ac9ac\COMCTL32.dll
0x000007fefd890000 - 0x000007fefd901000 	C:\Windows\system32\SHLWAPI.dll
0x000007fefdc10000 - 0x000007fefdc3e000 	C:\Windows\system32\IMM32.DLL
0x000007fefeef0000 - 0x000007fefeff9000 	C:\Windows\system32\MSCTF.dll
0x000000005b050000 - 0x000000005b122000 	C:\Program Files\Java\jdk1.8.0_66\jre\bin\msvcr100.dll
0x0000000077770000 - 0x0000000077ff9000 	C:\Program Files\Java\jdk1.8.0_66\jre\bin\server\jvm.dll
0x000007fef5eb0000 - 0x000007fef5eb9000 	C:\Windows\system32\WSOCK32.dll
0x000007fefd7d0000 - 0x000007fefd81d000 	C:\Windows\system32\WS2_32.dll
0x000007fefd4b0000 - 0x000007fefd4b8000 	C:\Windows\system32\NSI.dll
0x000007fef9c90000 - 0x000007fef9ccb000 	C:\Windows\system32\WINMM.dll
0x000007fefc560000 - 0x000007fefc56c000 	C:\Windows\system32\VERSION.dll
0x0000000076ec0000 - 0x0000000076ec7000 	C:\Windows\system32\PSAPI.DLL
0x000000006baa0000 - 0x000000006baaf000 	C:\Program Files\Java\jdk1.8.0_66\jre\bin\verify.dll
0x000000006b5c0000 - 0x000000006b5e9000 	C:\Program Files\Java\jdk1.8.0_66\jre\bin\java.dll
0x000000006b600000 - 0x000000006b616000 	C:\Program Files\Java\jdk1.8.0_66\jre\bin\zip.dll
0x000007fefe010000 - 0x000007fefed98000 	C:\Windows\system32\SHELL32.dll
0x000007fefd0c0000 - 0x000007fefd2c3000 	C:\Windows\system32\ole32.dll
0x000007fefcc50000 - 0x000007fefcc5f000 	C:\Windows\system32\profapi.dll

VM Arguments:
jvm_args: -Djava.awt.headless=true -Xmx1024M -Dfile.encoding=x-windows-950 -Duser.country=TW -Duser.language=zh -Duser.variant 
java_command: com.android.dx.command.Main --dex --num-threads=4 --output C:\Users\awei\Desktop\AweiNO1\app\build\intermediates\pre-dexed\debug\com.google.android.gms-play-services-nearby-8.4.0_748cfffc5b6183bcf838acff9204fb827eeaaca5.jar C:\Users\awei\Desktop\AweiNO1\app\build\intermediates\exploded-aar\com.google.android.gms\play-services-nearby\8.4.0\jars\classes.jar
java_class_path (initial): C:\Users\awei\AppData\Local\Android\sdk1\build-tools\23.0.2\lib\dx.jar
Launcher Type: SUN_STANDARD

Environment Variables:
JAVA_HOME=C:\Program Files\Java\jdk1.8.0_66
PATH=C:\ProgramData\Oracle\Java\javapath;C:\Program Files (x86)\NVIDIA Corporation\PhysX\Common;C:\Windows\system32;C:\Windows;C:\Windows\System32\Wbem;C:\Windows\System32\WindowsPowerShell\v1.0\;C:\Program Files (x86)\QuickTime\QTSystem\
USERNAME=awei
OS=Windows_NT
PROCESSOR_IDENTIFIER=Intel64 Family 6 Model 26 Stepping 5, GenuineIntel



---------------  S Y S T E M  ---------------

OS: Windows 7 , 64 bit Build 7601 (6.1.7601.17514)

CPU:total 8 (4 cores per cpu, 2 threads per core) family 6 model 26 stepping 5, cmov, cx8, fxsr, mmx, sse, sse2, sse3, ssse3, sse4.1, sse4.2, popcnt, ht, tsc, tscinvbit, tscinv

Memory: 4k page, physical 8379512k(513908k free), swap 10987508k(5572k free)

vm_info: Java HotSpot(TM) 64-Bit Server VM (25.66-b18) for windows-amd64 JRE (1.8.0_66-b18), built on Nov  9 2015 10:51:13 by "java_re" with MS VC++ 10.0 (VS2010)

time: Sun Feb 14 15:15:47 2016
elapsed time: 8 seconds (0d 0h 0m 8s)

