#
# There is insufficient memory for the Java Runtime Environment to continue.
# Native memory allocation (malloc) failed to allocate 272656 bytes for Chunk::new
# Possible reasons:
#   The system is out of physical RAM or swap space
#   In 32 bit mode, the process size limit was hit
# Possible solutions:
#   Reduce memory load on the system
#   Increase physical memory or swap space
#   Check if swap backing store is full
#   Use 64 bit Java on a 64 bit OS
#   Decrease Java heap size (-Xmx/-Xms)
#   Decrease number of Java threads
#   Decrease Java thread stack sizes (-Xss)
#   Set larger code cache with -XX:ReservedCodeCacheSize=
# This output file may be truncated or incomplete.
#
#  Out of Memory Error (allocation.cpp:390), pid=8720, tid=8268
#
# JRE version: Java(TM) SE Runtime Environment (8.0_66-b18) (build 1.8.0_66-b18)
# Java VM: Java HotSpot(TM) 64-Bit Server VM (25.66-b18 mixed mode windows-amd64 compressed oops)
# Failed to write core dump. Minidumps are not enabled by default on client versions of Windows
#

---------------  T H R E A D  ---------------

Current thread (0x00000000573ed000):  JavaThread "C2 CompilerThread0" daemon [_thread_in_native, id=8268, stack(0x0000000058d30000,0x0000000058e30000)]

Stack: [0x0000000058d30000,0x0000000058e30000]
[error occurred during error reporting (printing stack bounds), id 0xc0000005]

Native frames: (J=compiled Java code, j=interpreted, Vv=VM code, C=native code)


Current CompileTask:
C2:    920  737       4       com.android.dx.ssa.back.LivenessAnalyzer::handleTailRecursion (94 bytes)


---------------  P R O C E S S  ---------------

Java Threads: ( => current thread )
  0x0000000059344800 JavaThread "pool-1-thread-4" [_thread_in_Java, id=6024, stack(0x0000000059f80000,0x000000005a080000)]
  0x0000000059343800 JavaThread "pool-1-thread-3" [_thread_in_Java, id=8920, stack(0x0000000059e10000,0x0000000059f10000)]
  0x0000000059343000 JavaThread "pool-1-thread-2" [_thread_in_Java, id=4996, stack(0x0000000059cc0000,0x0000000059dc0000)]
  0x00000000576cc000 JavaThread "pool-2-thread-1" [_thread_blocked, id=6796, stack(0x0000000012940000,0x0000000012a40000)]
  0x00000000576cb800 JavaThread "pool-1-thread-1" [_thread_in_vm, id=2324, stack(0x0000000059b10000,0x0000000059c10000)]
  0x0000000057494000 JavaThread "Service Thread" daemon [_thread_blocked, id=2296, stack(0x0000000058470000,0x0000000058570000)]
  0x000000005740e000 JavaThread "C1 CompilerThread3" daemon [_thread_in_native, id=8164, stack(0x0000000059000000,0x0000000059100000)]
  0x000000005740b000 JavaThread "C2 CompilerThread2" daemon [_thread_in_native, id=9860, stack(0x00000000586b0000,0x00000000587b0000)]
  0x00000000573fe800 JavaThread "C2 CompilerThread1" daemon [_thread_in_native, id=7728, stack(0x0000000058e50000,0x0000000058f50000)]
=>0x00000000573ed000 JavaThread "C2 CompilerThread0" daemon [_thread_in_native, id=8268, stack(0x0000000058d30000,0x0000000058e30000)]
  0x00000000573eb800 JavaThread "Attach Listener" daemon [_thread_blocked, id=8528, stack(0x0000000058b10000,0x0000000058c10000)]
  0x00000000573ea800 JavaThread "Signal Dispatcher" daemon [_thread_blocked, id=2940, stack(0x0000000058970000,0x0000000058a70000)]
  0x00000000550ba800 JavaThread "Finalizer" daemon [_thread_blocked, id=8640, stack(0x00000000587e0000,0x00000000588e0000)]
  0x000000000264f000 JavaThread "Reference Handler" daemon [_thread_blocked, id=9944, stack(0x0000000058590000,0x0000000058690000)]
  0x00000000026be000 JavaThread "main" [_thread_in_Java, id=4984, stack(0x0000000002920000,0x0000000002a20000)]

Other Threads:
  0x000000000264c000 VMThread [stack: 0x0000000058360000,0x0000000058460000] [id=8968]
  0x00000000574b2800 WatcherThread [stack: 0x00000000591d0000,0x00000000592d0000] [id=292]

VM state:not at safepoint (normal execution)

VM Mutex/Monitor currently owned by a thread: None

Heap:
 PSYoungGen      total 38400K, used 20894K [0x00000000eab00000, 0x00000000ed580000, 0x0000000100000000)
  eden space 33280K, 62% used [0x00000000eab00000,0x00000000ebf678c8,0x00000000ecb80000)
  from space 5120K, 0% used [0x00000000ed080000,0x00000000ed080000,0x00000000ed580000)
  to   space 5120K, 0% used [0x00000000ecb80000,0x00000000ecb80000,0x00000000ed080000)
 ParOldGen       total 87552K, used 0K [0x00000000c0000000, 0x00000000c5580000, 0x00000000eab00000)
  object space 87552K, 0% used [0x00000000c0000000,0x00000000c0000000,0x00000000c5580000)
 Metaspace       used 5794K, capacity 6706K, committed 6784K, reserved 1056768K
  class space    used 594K, capacity 618K, committed 640K, reserved 1048576K

Card table byte_map: [0x0000000011de0000,0x0000000011ff0000] byte_map_base: 0x00000000117e0000

Marking Bits: (ParMarkBitMap*) 0x0000000055ada5b0
 Begin Bits: [0x0000000012cd0000, 0x0000000013cd0000)
 End Bits:   [0x0000000013cd0000, 0x0000000014cd0000)

Polling page: 0x0000000000150000

CodeCache: size=245760Kb used=3222Kb max_used=3222Kb free=242537Kb
 bounds [0x0000000002a20000, 0x0000000002d50000, 0x0000000011a20000]
 total_blobs=1073 nmethods=803 adapters=184
 compilation: enabled

Compilation events (10 events):
Event: 0.914 Thread 0x000000005740e000 nmethod 807 0x0000000002d3a150 code [0x0000000002d3a3c0, 0x0000000002d3b448]
Event: 0.914 Thread 0x000000005740e000  758       3       java.util.AbstractList::clear (10 bytes)
Event: 0.914 Thread 0x000000005740e000 nmethod 758 0x0000000002d3bd10 code [0x0000000002d3be80, 0x0000000002d3c158]
Event: 0.914 Thread 0x000000005740e000  761       3       com.android.dx.ssa.SsaBasicBlock::scheduleMovesFromPhis (108 bytes)
Event: 0.915 Thread 0x000000005740e000 nmethod 761 0x0000000002d3c210 code [0x0000000002d3c460, 0x0000000002d3d018]
Event: 0.915 Thread 0x000000005740e000  834       3       com.android.dx.ssa.back.SsaToRop::convertInsns (53 bytes)
Event: 0.916 Thread 0x000000005740e000 nmethod 834 0x0000000002d3d6d0 code [0x0000000002d3d940, 0x0000000002d3e8e8]
Event: 0.916 Thread 0x000000005740e000  833       3       com.android.dx.ssa.SsaBasicBlock::getRopLabelSuccessorList (57 bytes)
Event: 0.917 Thread 0x000000005740e000 nmethod 833 0x0000000002d3f5d0 code [0x0000000002d3f7c0, 0x0000000002d40288]
Event: 0.917 Thread 0x000000005740e000  836       3       com.android.dx.rop.code.LocalVariableExtractor::processBlock (327 bytes)

GC Heap History (0 events):
No events

Deoptimization events (1 events):
Event: 0.619 Thread 0x00000000576cb800 Uncommon trap: reason=null_assert action=make_not_entrant pc=0x0000000002c28a08 method=com.android.dx.rop.code.RegisterSpec$ForComparison.equals(Ljava/lang/Object;)Z @ 27

Internal exceptions (2 events):
Event: 0.040 Thread 0x00000000026be000 Exception <a 'java/lang/NoSuchMethodError': Method sun.misc.Unsafe.defineClass(Ljava/lang/String;[BII)Ljava/lang/Class; name or signature does not match> (0x00000000eab13080) thrown at [C:\re\workspace\8-2-build-windows-amd64-cygwin\jdk8u66\5298\hotspot\srÍ$Xnƒ¤?
Event: 0.040 Thread 0x00000000026be000 Exception <a 'java/lang/NoSuchMethodError': Method sun.misc.Unsafe.prefetchRead(Ljava/lang/Object;J)V name or signature does not match> (0x00000000eab13368) thrown at [C:\re\workspace\8-2-build-windows-amd64-cygwin\jdk8u66\5298\hotspot\src\share\vm\prims\j`

Events (10 events):
Event: 0.649 loading class java/util/ArrayList$1
Event: 0.649 loading class java/util/ArrayList$1 done
Event: 0.684 loading class com/android/dx/dex/file/MethodAnnotationStruct
Event: 0.684 loading class com/android/dx/dex/file/MethodAnnotationStruct done
Event: 0.746 Executing VM operation: ForceSafepoint
Event: 0.866 Executing VM operation: ForceSafepoint done
Event: 0.876 loading class com/android/dx/cf/code/SwitchList
Event: 0.876 loading class com/android/dx/cf/code/SwitchList done
Event: 0.880 loading class java/util/DualPivotQuicksort
Event: 0.880 loading class java/util/DualPivotQuicksort done


Dynamic libraries:
0x000000013fb90000 - 0x000000013fbc7000 	C:\Program Files\Java\jdk1.8.0_66\bin\java.exe
0x0000000077320000 - 0x00000000774c9000 	C:\Windows\SYSTEM32\ntdll.dll
0x0000000077200000 - 0x000000007731f000 	C:\Windows\system32\kernel32.dll
0x000007fefd5d0000 - 0x000007fefd63b000 	C:\Windows\system32\KERNELBASE.dll
0x000007fefd720000 - 0x000007fefd7fb000 	C:\Windows\system32\ADVAPI32.dll
0x000007feff390000 - 0x000007feff42f000 	C:\Windows\system32\msvcrt.dll
0x000007feff000000 - 0x000007feff01f000 	C:\Windows\SYSTEM32\sechost.dll
0x000007fefd800000 - 0x000007fefd92d000 	C:\Windows\system32\RPCRT4.dll
0x0000000077100000 - 0x00000000771fa000 	C:\Windows\system32\USER32.dll
0x000007fefd6b0000 - 0x000007fefd717000 	C:\Windows\system32\GDI32.dll
0x000007feff0f0000 - 0x000007feff0fe000 	C:\Windows\system32\LPK.dll
0x000007feff020000 - 0x000007feff0e9000 	C:\Windows\system32\USP10.dll
0x000007fefbc40000 - 0x000007fefbe34000 	C:\Windows\WinSxS\amd64_microsoft.windows.common-controls_6595b64144ccf1df_6.0.7601.17514_none_fa396087175ac9ac\COMCTL32.dll
0x000007feff430000 - 0x000007feff4a1000 	C:\Windows\system32\SHLWAPI.dll
0x000007fefdbf0000 - 0x000007fefdc1e000 	C:\Windows\system32\IMM32.DLL
0x000007feff100000 - 0x000007feff209000 	C:\Windows\system32\MSCTF.dll
0x0000000057140000 - 0x0000000057212000 	C:\Program Files\Java\jdk1.8.0_66\jre\bin\msvcr100.dll
0x00000000552d0000 - 0x0000000055b59000 	C:\Program Files\Java\jdk1.8.0_66\jre\bin\server\jvm.dll
0x000007fef2050000 - 0x000007fef2059000 	C:\Windows\system32\WSOCK32.dll
0x000007fefd660000 - 0x000007fefd6ad000 	C:\Windows\system32\WS2_32.dll
0x000007fefea50000 - 0x000007fefea58000 	C:\Windows\system32\NSI.dll
0x000007fefa050000 - 0x000007fefa08b000 	C:\Windows\system32\WINMM.dll
0x000007fefcc40000 - 0x000007fefcc4c000 	C:\Windows\system32\VERSION.dll
0x00000000774f0000 - 0x00000000774f7000 	C:\Windows\system32\PSAPI.DLL
0x0000000072050000 - 0x000000007205f000 	C:\Program Files\Java\jdk1.8.0_66\jre\bin\verify.dll
0x000000006b560000 - 0x000000006b589000 	C:\Program Files\Java\jdk1.8.0_66\jre\bin\java.dll
0x000000006c5e0000 - 0x000000006c5f6000 	C:\Program Files\Java\jdk1.8.0_66\jre\bin\zip.dll
0x000007fefdc20000 - 0x000007fefe9a8000 	C:\Windows\system32\SHELL32.dll
0x000007fefea60000 - 0x000007fefec63000 	C:\Windows\system32\ole32.dll
0x000007fefd270000 - 0x000007fefd27f000 	C:\Windows\system32\profapi.dll

VM Arguments:
jvm_args: -Djava.awt.headless=true -Xmx1024M -Dfile.encoding=x-windows-950 -Duser.country=TW -Duser.language=zh -Duser.variant 
java_command: com.android.dx.command.Main --dex --num-threads=4 --output C:\Users\awei\Desktop\AweiNO1\app\build\intermediates\pre-dexed\debug\com.google.android.gms-play-services-measurement-8.4.0_9af1ba4f8e026c45b1b376994c620b7d25147034.jar C:\Users\awei\Desktop\AweiNO1\app\build\intermediates\exploded-aar\com.google.android.gms\play-services-measurement\8.4.0\jars\classes.jar
java_class_path (initial): C:\Users\awei\AppData\Local\Android\sdk1\build-tools\23.0.2\lib\dx.jar
Launcher Type: SUN_STANDARD

Environment Variables:
JAVA_HOME=C:\Program Files\Java\jdk1.8.0_66
PATH=C:\ProgramData\Oracle\Java\javapath;C:\Program Files (x86)\NVIDIA Corporation\PhysX\Common;C:\Windows\system32;C:\Windows;C:\Windows\System32\Wbem;C:\Windows\System32\WindowsPowerShell\v1.0\;C:\Program Files (x86)\QuickTime\QTSystem\;C:\Program Files\nodejs\;C:\Users\awei\AppData\Roaming\npm
USERNAME=awei
OS=Windows_NT
PROCESSOR_IDENTIFIER=Intel64 Family 6 Model 26 Stepping 5, GenuineIntel



---------------  S Y S T E M  ---------------

OS: Windows 7 , 64 bit Build 7601 (6.1.7601.17514)

CPU:total 8 (4 cores per cpu, 2 threads per core) family 6 model 26 stepping 5, cmov, cx8, fxsr, mmx, sse, sse2, sse3, ssse3, sse4.1, sse4.2, popcnt, ht, tsc, tscinvbit, tscinv

Memory: 4k page, physical 8379512k(678512k free), swap 13696104k(5292k free)

vm_info: Java HotSpot(TM) 64-Bit Server VM (25.66-b18) for windows-amd64 JRE (1.8.0_66-b18), built on Nov  9 2015 10:51:13 by "java_re" with MS VC++ 10.0 (VS2010)

time: Thu Mar 03 20:16:21 2016
elapsed time: 0 seconds (0d 0h 0m 0s)

