#
# There is insufficient memory for the Java Runtime Environment to continue.
# Native memory allocation (malloc) failed to allocate 32744 bytes for ChunkPool::allocate
# Possible reasons:
#   The system is out of physical RAM or swap space
#   In 32 bit mode, the process size limit was hit
# Possible solutions:
#   Reduce memory load on the system
#   Increase physical memory or swap space
#   Check if swap backing store is full
#   Use 64 bit Java on a 64 bit OS
#   Decrease Java heap size (-Xmx/-Xms)
#   Decrease number of Java threads
#   Decrease Java thread stack sizes (-Xss)
#   Set larger code cache with -XX:ReservedCodeCacheSize=
# This output file may be truncated or incomplete.
#
#  Out of Memory Error (allocation.cpp:273), pid=6076, tid=7432
#
# JRE version: Java(TM) SE Runtime Environment (8.0_66-b18) (build 1.8.0_66-b18)
# Java VM: Java HotSpot(TM) 64-Bit Server VM (25.66-b18 mixed mode windows-amd64 compressed oops)
# Failed to write core dump. Minidumps are not enabled by default on client versions of Windows
#

---------------  T H R E A D  ---------------

Current thread (0x000000005688d000):  JavaThread "C1 CompilerThread3" daemon [_thread_in_native, id=7432, stack(0x00000000580b0000,0x00000000581b0000)]

Stack: [0x00000000580b0000,0x00000000581b0000]
[error occurred during error reporting (printing stack bounds), id 0xc0000005]

Native frames: (J=compiled Java code, j=interpreted, Vv=VM code, C=native code)


Current CompileTask:
C1:    723  475   !   3       com.android.dx.cf.code.BytecodeArray::parseInstruction (2764 bytes)


---------------  P R O C E S S  ---------------

Java Threads: ( => current thread )
  0x0000000056b7f000 JavaThread "pool-1-thread-4" [_thread_in_Java, id=10232, stack(0x00000000594b0000,0x00000000595b0000)]
  0x0000000056b7e800 JavaThread "pool-1-thread-3" [_thread_blocked, id=4236, stack(0x0000000059240000,0x0000000059340000)]
  0x0000000058818800 JavaThread "pool-1-thread-2" [_thread_in_Java, id=8652, stack(0x0000000059130000,0x0000000059230000)]
  0x0000000056b4b000 JavaThread "pool-2-thread-1" [_thread_blocked, id=6720, stack(0x00000000583c0000,0x00000000584c0000)]
  0x0000000056a1e800 JavaThread "pool-1-thread-1" [_thread_in_Java, id=6956, stack(0x0000000058f90000,0x0000000059090000)]
  0x00000000568fb800 JavaThread "Service Thread" daemon [_thread_blocked, id=8372, stack(0x0000000058520000,0x0000000058620000)]
=>0x000000005688d000 JavaThread "C1 CompilerThread3" daemon [_thread_in_native, id=7432, stack(0x00000000580b0000,0x00000000581b0000)]
  0x000000005685c800 JavaThread "C2 CompilerThread2" daemon [_thread_blocked, id=2064, stack(0x0000000058270000,0x0000000058370000)]
  0x0000000056850000 JavaThread "C2 CompilerThread1" daemon [_thread_blocked, id=7776, stack(0x0000000057fa0000,0x00000000580a0000)]
  0x0000000056849000 JavaThread "C2 CompilerThread0" daemon [_thread_in_vm, id=8296, stack(0x0000000057d90000,0x0000000057e90000)]
  0x000000005683f800 JavaThread "Attach Listener" daemon [_thread_blocked, id=6960, stack(0x0000000057c80000,0x0000000057d80000)]
  0x000000005683e800 JavaThread "Signal Dispatcher" daemon [_thread_blocked, id=1348, stack(0x0000000057b70000,0x0000000057c70000)]
  0x000000005588d000 JavaThread "Finalizer" daemon [_thread_blocked, id=2584, stack(0x00000000579e0000,0x0000000057ae0000)]
  0x0000000055886800 JavaThread "Reference Handler" daemon [_thread_blocked, id=8508, stack(0x00000000577c0000,0x00000000578c0000)]
  0x00000000024be000 JavaThread "main" [_thread_blocked, id=1744, stack(0x00000000026a0000,0x00000000027a0000)]

Other Threads:
  0x00000000567e3000 VMThread [stack: 0x00000000578d0000,0x00000000579d0000] [id=9232]
  0x00000000568d0800 WatcherThread [stack: 0x0000000058640000,0x0000000058740000] [id=3944]

VM state:not at safepoint (normal execution)

VM Mutex/Monitor currently owned by a thread: None

Heap:
 PSYoungGen      total 38400K, used 14235K [0x00000000eab00000, 0x00000000ed580000, 0x0000000100000000)
  eden space 33280K, 42% used [0x00000000eab00000,0x00000000eb8e6fb0,0x00000000ecb80000)
  from space 5120K, 0% used [0x00000000ed080000,0x00000000ed080000,0x00000000ed580000)
  to   space 5120K, 0% used [0x00000000ecb80000,0x00000000ecb80000,0x00000000ed080000)
 ParOldGen       total 87552K, used 0K [0x00000000c0000000, 0x00000000c5580000, 0x00000000eab00000)
  object space 87552K, 0% used [0x00000000c0000000,0x00000000c0000000,0x00000000c5580000)
 Metaspace       used 5440K, capacity 6386K, committed 6528K, reserved 1056768K
  class space    used 592K, capacity 618K, committed 640K, reserved 1048576K

Card table byte_map: [0x0000000011b60000,0x0000000011d70000] byte_map_base: 0x0000000011560000

Marking Bits: (ParMarkBitMap*) 0x0000000077f7a5b0
 Begin Bits: [0x0000000012ca0000, 0x0000000013ca0000)
 End Bits:   [0x0000000013ca0000, 0x0000000014ca0000)

Polling page: 0x0000000000140000

CodeCache: size=245760Kb used=1974Kb max_used=1985Kb free=243785Kb
 bounds [0x00000000027a0000, 0x0000000002a10000, 0x00000000117a0000]
 total_blobs=743 nmethods=473 adapters=184
 compilation: enabled

Compilation events (10 events):
Event: 0.709 Thread 0x000000005688d000  474       3       com.android.dx.rop.code.RegisterSpecList::set (7 bytes)
Event: 0.709 Thread 0x0000000056849000  476   !   4       com.android.dx.util.FixedSizeList::get0 (47 bytes)
Event: 0.710 Thread 0x000000005688d000 nmethod 474 0x000000000298c7d0 code [0x000000000298c9a0, 0x000000000298d168]
Event: 0.710 Thread 0x000000005688d000  475   !   3       com.android.dx.cf.code.BytecodeArray::parseInstruction (2764 bytes)
Event: 0.710 Thread 0x0000000056849000 nmethod 476 0x00000000029903d0 code [0x0000000002990500, 0x00000000029905b8]
Event: 0.712 Thread 0x0000000056850000 nmethod 457 0x000000000298e5d0 code [0x000000000298e740, 0x000000000298eb88]
Event: 0.712 Thread 0x000000005685c800  489       4       com.android.dx.rop.type.Type::getCategory (36 bytes)
Event: 0.713 Thread 0x000000005685c800 nmethod 489 0x000000000297d590 code [0x000000000297d6c0, 0x000000000297d738]
Event: 0.715 Thread 0x0000000056849000  491       4       com.android.dx.util.Bits::set (19 bytes)
Event: 0.716 Thread 0x0000000056849000 nmethod 491 0x00000000029907d0 code [0x0000000002990900, 0x0000000002990998]

GC Heap History (0 events):
No events

Deoptimization events (0 events):
No events

Internal exceptions (2 events):
Event: 0.053 Thread 0x00000000024be000 Exception <a 'java/lang/NoSuchMethodError': Method sun.misc.Unsafe.defineClass(Ljava/lang/String;[BII)Ljava/lang/Class; name or signature does not match> (0x00000000eab13080) thrown at [C:\re\workspace\8-2-build-windows-amd64-cygwin\jdk8u66\5298\hotspot\srìÆdã÷ª?
Event: 0.053 Thread 0x00000000024be000 Exception <a 'java/lang/NoSuchMethodError': Method sun.misc.Unsafe.prefetchRead(Ljava/lang/Object;J)V name or signature does not match> (0x00000000eab13368) thrown at [C:\re\workspace\8-2-build-windows-amd64-cygwin\jdk8u66\5298\hotspot\src\share\vm\prims\j

Events (10 events):
Event: 0.702 loading class java/io/PrintWriter
Event: 0.702 loading class java/io/PrintWriter done
Event: 0.702 loading class com/android/dx/dex/file/DebugInfoItem
Event: 0.702 loading class com/android/dx/dex/file/DebugInfoItem done
Event: 0.703 loading class com/android/dx/rop/annotation/AnnotationsList
Event: 0.703 loading class com/android/dx/rop/annotation/AnnotationsList done
Event: 0.703 loading class com/android/dx/dex/file/MethodIdItem
Event: 0.703 loading class com/android/dx/dex/file/MethodIdItem done
Event: 0.707 loading class com/android/dx/rop/code/LocalItem
Event: 0.707 loading class com/android/dx/rop/code/LocalItem done


Dynamic libraries:
0x000000013f380000 - 0x000000013f3b7000 	C:\Program Files\Java\jdk1.8.0_66\bin\java.exe
0x0000000076d00000 - 0x0000000076ea9000 	C:\Windows\SYSTEM32\ntdll.dll
0x0000000076be0000 - 0x0000000076cff000 	C:\Windows\system32\kernel32.dll
0x000007fefce40000 - 0x000007fefceab000 	C:\Windows\system32\KERNELBASE.dll
0x000007fefd6f0000 - 0x000007fefd7cb000 	C:\Windows\system32\ADVAPI32.dll
0x000007fefdd20000 - 0x000007fefddbf000 	C:\Windows\system32\msvcrt.dll
0x000007fefdb70000 - 0x000007fefdb8f000 	C:\Windows\SYSTEM32\sechost.dll
0x000007fefd560000 - 0x000007fefd68d000 	C:\Windows\system32\RPCRT4.dll
0x0000000076ae0000 - 0x0000000076bda000 	C:\Windows\system32\USER32.dll
0x000007fefd820000 - 0x000007fefd887000 	C:\Windows\system32\GDI32.dll
0x000007feff000000 - 0x000007feff00e000 	C:\Windows\system32\LPK.dll
0x000007fefddc0000 - 0x000007fefde89000 	C:\Windows\system32\USP10.dll
0x000007fefb610000 - 0x000007fefb804000 	C:\Windows\WinSxS\amd64_microsoft.windows.common-controls_6595b64144ccf1df_6.0.7601.17514_none_fa396087175ac9ac\COMCTL32.dll
0x000007fefd890000 - 0x000007fefd901000 	C:\Windows\system32\SHLWAPI.dll
0x000007fefdc10000 - 0x000007fefdc3e000 	C:\Windows\system32\IMM32.DLL
0x000007fefeef0000 - 0x000007fefeff9000 	C:\Windows\system32\MSCTF.dll
0x000000005d550000 - 0x000000005d622000 	C:\Program Files\Java\jdk1.8.0_66\jre\bin\msvcr100.dll
0x0000000077770000 - 0x0000000077ff9000 	C:\Program Files\Java\jdk1.8.0_66\jre\bin\server\jvm.dll
0x000007fef5eb0000 - 0x000007fef5eb9000 	C:\Windows\system32\WSOCK32.dll
0x000007fefd7d0000 - 0x000007fefd81d000 	C:\Windows\system32\WS2_32.dll
0x000007fefd4b0000 - 0x000007fefd4b8000 	C:\Windows\system32\NSI.dll
0x000007fef9c90000 - 0x000007fef9ccb000 	C:\Windows\system32\WINMM.dll
0x000007fefc560000 - 0x000007fefc56c000 	C:\Windows\system32\VERSION.dll
0x0000000076ec0000 - 0x0000000076ec7000 	C:\Windows\system32\PSAPI.DLL
0x000000006baa0000 - 0x000000006baaf000 	C:\Program Files\Java\jdk1.8.0_66\jre\bin\verify.dll
0x000000006b5c0000 - 0x000000006b5e9000 	C:\Program Files\Java\jdk1.8.0_66\jre\bin\java.dll
0x000000006b600000 - 0x000000006b616000 	C:\Program Files\Java\jdk1.8.0_66\jre\bin\zip.dll
0x000007fefe010000 - 0x000007fefed98000 	C:\Windows\system32\SHELL32.dll
0x000007fefd0c0000 - 0x000007fefd2c3000 	C:\Windows\system32\ole32.dll
0x000007fefcc50000 - 0x000007fefcc5f000 	C:\Windows\system32\profapi.dll

VM Arguments:
jvm_args: -Djava.awt.headless=true -Xmx1024M -Dfile.encoding=x-windows-950 -Duser.country=TW -Duser.language=zh -Duser.variant 
java_command: com.android.dx.command.Main --dex --num-threads=4 --output C:\Users\awei\Desktop\AweiNO1\app\build\intermediates\pre-dexed\debug\com.google.android.gms-play-services-measurement-8.4.0_9af1ba4f8e026c45b1b376994c620b7d25147034.jar C:\Users\awei\Desktop\AweiNO1\app\build\intermediates\exploded-aar\com.google.android.gms\play-services-measurement\8.4.0\jars\classes.jar
java_class_path (initial): C:\Users\awei\AppData\Local\Android\sdk1\build-tools\23.0.2\lib\dx.jar
Launcher Type: SUN_STANDARD

Environment Variables:
JAVA_HOME=C:\Program Files\Java\jdk1.8.0_66
PATH=C:\ProgramData\Oracle\Java\javapath;C:\Program Files (x86)\NVIDIA Corporation\PhysX\Common;C:\Windows\system32;C:\Windows;C:\Windows\System32\Wbem;C:\Windows\System32\WindowsPowerShell\v1.0\;C:\Program Files (x86)\QuickTime\QTSystem\
USERNAME=awei
OS=Windows_NT
PROCESSOR_IDENTIFIER=Intel64 Family 6 Model 26 Stepping 5, GenuineIntel



---------------  S Y S T E M  ---------------

OS: Windows 7 , 64 bit Build 7601 (6.1.7601.17514)

CPU:total 8 (4 cores per cpu, 2 threads per core) family 6 model 26 stepping 5, cmov, cx8, fxsr, mmx, sse, sse2, sse3, ssse3, sse4.1, sse4.2, popcnt, ht, tsc, tscinvbit, tscinv

Memory: 4k page, physical 8379512k(675208k free), swap 10987508k(5060k free)

vm_info: Java HotSpot(TM) 64-Bit Server VM (25.66-b18) for windows-amd64 JRE (1.8.0_66-b18), built on Nov  9 2015 10:51:13 by "java_re" with MS VC++ 10.0 (VS2010)

time: Thu Feb 18 17:41:53 2016
elapsed time: 0 seconds (0d 0h 0m 0s)

