#
# There is insufficient memory for the Java Runtime Environment to continue.
# Native memory allocation (malloc) failed to allocate 81168 bytes for Chunk::new
# Possible reasons:
#   The system is out of physical RAM or swap space
#   In 32 bit mode, the process size limit was hit
# Possible solutions:
#   Reduce memory load on the system
#   Increase physical memory or swap space
#   Check if swap backing store is full
#   Use 64 bit Java on a 64 bit OS
#   Decrease Java heap size (-Xmx/-Xms)
#   Decrease number of Java threads
#   Decrease Java thread stack sizes (-Xss)
#   Set larger code cache with -XX:ReservedCodeCacheSize=
# This output file may be truncated or incomplete.
#
#  Out of Memory Error (allocation.cpp:390), pid=7176, tid=7800
#
# JRE version: Java(TM) SE Runtime Environment (8.0_66-b18) (build 1.8.0_66-b18)
# Java VM: Java HotSpot(TM) 64-Bit Server VM (25.66-b18 mixed mode windows-amd64 compressed oops)
# Failed to write core dump. Minidumps are not enabled by default on client versions of Windows
#

---------------  T H R E A D  ---------------

Current thread (0x00000000566e1800):  JavaThread "C2 CompilerThread1" daemon [_thread_in_native, id=7800, stack(0x0000000057c70000,0x0000000057d70000)]

Stack: [0x0000000057c70000,0x0000000057d70000]
[error occurred during error reporting (printing stack bounds), id 0xc0000005]

Native frames: (J=compiled Java code, j=interpreted, Vv=VM code, C=native code)


Current CompileTask:
C2:   1095 1076   !   4       com.android.dx.cf.code.BytecodeArray::parseInstruction (2764 bytes)


---------------  P R O C E S S  ---------------

Java Threads: ( => current thread )
  0x0000000058472800 JavaThread "pool-1-thread-4" [_thread_blocked, id=976, stack(0x0000000059280000,0x0000000059380000)]
  0x0000000058474800 JavaThread "pool-1-thread-3" [_thread_blocked, id=6644, stack(0x0000000059160000,0x0000000059260000)]
  0x0000000058472000 JavaThread "pool-1-thread-2" [_thread_blocked, id=2728, stack(0x0000000059040000,0x0000000059140000)]
  0x000000005846c800 JavaThread "pool-2-thread-1" [_thread_blocked, id=5660, stack(0x0000000058e20000,0x0000000058f20000)]
  0x000000005846c000 JavaThread "pool-1-thread-1" [_thread_blocked, id=5636, stack(0x0000000058c80000,0x0000000058d80000)]
  0x000000005676c000 JavaThread "Service Thread" daemon [_thread_blocked, id=6684, stack(0x0000000058320000,0x0000000058420000)]
  0x00000000566f5800 JavaThread "C1 CompilerThread3" daemon [_thread_blocked, id=1352, stack(0x0000000057a30000,0x0000000057b30000)]
  0x00000000566ef000 JavaThread "C2 CompilerThread2" daemon [_thread_in_native, id=5480, stack(0x0000000058080000,0x0000000058180000)]
=>0x00000000566e1800 JavaThread "C2 CompilerThread1" daemon [_thread_in_native, id=7800, stack(0x0000000057c70000,0x0000000057d70000)]
  0x00000000566cd000 JavaThread "C2 CompilerThread0" daemon [_thread_in_native, id=6668, stack(0x0000000057ec0000,0x0000000057fc0000)]
  0x00000000566cb800 JavaThread "Attach Listener" daemon [_thread_blocked, id=1744, stack(0x0000000057dc0000,0x0000000057ec0000)]
  0x00000000566ca000 JavaThread "Signal Dispatcher" daemon [_thread_blocked, id=4276, stack(0x0000000057b40000,0x0000000057c40000)]
  0x000000005560a800 JavaThread "Finalizer" daemon [_thread_blocked, id=9728, stack(0x0000000057800000,0x0000000057900000)]
  0x00000000025af800 JavaThread "Reference Handler" daemon [_thread_blocked, id=7744, stack(0x0000000057920000,0x0000000057a20000)]
  0x0000000001dce000 JavaThread "main" [_thread_blocked, id=8324, stack(0x0000000002810000,0x0000000002910000)]

Other Threads:
  0x00000000025ac800 VMThread [stack: 0x00000000576b0000,0x00000000577b0000] [id=3768]
  0x0000000056728800 WatcherThread [stack: 0x0000000058210000,0x0000000058310000] [id=9868]

VM state:not at safepoint (normal execution)

VM Mutex/Monitor currently owned by a thread: None

Heap:
 PSYoungGen      total 38400K, used 8457K [0x00000000eab00000, 0x00000000ed580000, 0x0000000100000000)
  eden space 33280K, 10% used [0x00000000eab00000,0x00000000eae452a0,0x00000000ecb80000)
  from space 5120K, 99% used [0x00000000ecb80000,0x00000000ed07d298,0x00000000ed080000)
  to   space 5120K, 0% used [0x00000000ed080000,0x00000000ed080000,0x00000000ed580000)
 ParOldGen       total 87552K, used 1550K [0x00000000c0000000, 0x00000000c5580000, 0x00000000eab00000)
  object space 87552K, 1% used [0x00000000c0000000,0x00000000c0183b08,0x00000000c5580000)
 Metaspace       used 6012K, capacity 6902K, committed 7040K, reserved 1056768K
  class space    used 602K, capacity 622K, committed 640K, reserved 1048576K

Card table byte_map: [0x0000000011cd0000,0x0000000011ee0000] byte_map_base: 0x00000000116d0000

Marking Bits: (ParMarkBitMap*) 0x0000000077f7a5b0
 Begin Bits: [0x0000000012a20000, 0x0000000013a20000)
 End Bits:   [0x0000000013a20000, 0x0000000014a20000)

Polling page: 0x0000000000440000

CodeCache: size=245760Kb used=4262Kb max_used=4262Kb free=241497Kb
 bounds [0x0000000002910000, 0x0000000002d40000, 0x0000000011910000]
 total_blobs=1372 nmethods=1102 adapters=184
 compilation: enabled

Compilation events (10 events):
Event: 1.092 Thread 0x00000000566f5800 nmethod 1107 0x0000000002d39e10 code [0x0000000002d39fc0, 0x0000000002d3a468]
Event: 1.092 Thread 0x00000000566f5800 1109       3       com.android.dx.cf.code.Frame::mergeSubroutineLists (90 bytes)
Event: 1.092 Thread 0x00000000566f5800 nmethod 1109 0x0000000002d3a5d0 code [0x0000000002d3a7a0, 0x0000000002d3b068]
Event: 1.092 Thread 0x00000000566f5800 1110       3       com.android.dx.util.IntList::equals (82 bytes)
Event: 1.093 Thread 0x00000000566f5800 nmethod 1110 0x0000000002d3b350 code [0x0000000002d3b4e0, 0x0000000002d3ba90]
Event: 1.093 Thread 0x00000000566f5800 1113       3       com.android.dx.rop.type.StdTypeList::set (7 bytes)
Event: 1.093 Thread 0x00000000566f5800 nmethod 1113 0x0000000002d3bc90 code [0x0000000002d3be60, 0x0000000002d3c628]
Event: 1.093 Thread 0x00000000566f5800 1123       3       com.android.dx.rop.cst.CstNat::isInstanceInit (13 bytes)
Event: 1.093 Thread 0x00000000566f5800 nmethod 1123 0x0000000002d3cbd0 code [0x0000000002d3cd40, 0x0000000002d3cfe8]
Event: 1.093 Thread 0x00000000566f5800 1103       3       com.android.dx.cf.code.BasicBlocker::visitNoArgs (298 bytes)

GC Heap History (2 events):
Event: 0.976 GC heap before
{Heap before GC invocations=1 (full 0):
 PSYoungGen      total 38400K, used 33280K [0x00000000eab00000, 0x00000000ed580000, 0x0000000100000000)
  eden space 33280K, 100% used [0x00000000eab00000,0x00000000ecb80000,0x00000000ecb80000)
  from space 5120K, 0% used [0x00000000ed080000,0x00000000ed080000,0x00000000ed580000)
  to   space 5120K, 0% used [0x00000000ecb80000,0x00000000ecb80000,0x00000000ed080000)
 ParOldGen       total 87552K, used 0K [0x00000000c0000000, 0x00000000c5580000, 0x00000000eab00000)
  object space 87552K, 0% used [0x00000000c0000000,0x00000000c0000000,0x00000000c5580000)
 Metaspace       used 5966K, capacity 6838K, committed 7040K, reserved 1056768K
  class space    used 602K, capacity 622K, committed 640K, reserved 1048576K
Event: 1.034 GC heap after
Heap after GC invocations=1 (full 0):
 PSYoungGen      total 38400K, used 5108K [0x00000000eab00000, 0x00000000ed580000, 0x0000000100000000)
  eden space 33280K, 0% used [0x00000000eab00000,0x00000000eab00000,0x00000000ecb80000)
  from space 5120K, 99% used [0x00000000ecb80000,0x00000000ed07d298,0x00000000ed080000)
  to   space 5120K, 0% used [0x00000000ed080000,0x00000000ed080000,0x00000000ed580000)
 ParOldGen       total 87552K, used 1550K [0x00000000c0000000, 0x00000000c5580000, 0x00000000eab00000)
  object space 87552K, 1% used [0x00000000c0000000,0x00000000c0183b08,0x00000000c5580000)
 Metaspace       used 5966K, capacity 6838K, committed 7040K, reserved 1056768K
  class space    used 602K, capacity 622K, committed 640K, reserved 1048576K
}

Deoptimization events (4 events):
Event: 0.673 Thread 0x0000000058474800 Uncommon trap: reason=class_check action=maybe_recompile pc=0x0000000002bad938 method=com.android.dx.ssa.NormalSsaInsn.accept(Lcom/android/dx/ssa/SsaInsn$Visitor;)V @ 9
Event: 0.673 Thread 0x0000000058474800 Uncommon trap: reason=class_check action=maybe_recompile pc=0x0000000002b2f960 method=com.android.dx.ssa.NormalSsaInsn.accept(Lcom/android/dx/ssa/SsaInsn$Visitor;)V @ 9
Event: 0.673 Thread 0x0000000058474800 Uncommon trap: reason=class_check action=maybe_recompile pc=0x0000000002b2f960 method=com.android.dx.ssa.NormalSsaInsn.accept(Lcom/android/dx/ssa/SsaInsn$Visitor;)V @ 9
Event: 0.931 Thread 0x0000000058474800 Uncommon trap: reason=unstable_if action=reinterpret pc=0x0000000002b83cc4 method=com.android.dx.rop.cst.Constant.compareTo(Lcom/android/dx/rop/cst/Constant;)I @ 12

Internal exceptions (2 events):
Event: 0.052 Thread 0x0000000001dce000 Exception <a 'java/lang/NoSuchMethodError': Method sun.misc.Unsafe.defineClass(Ljava/lang/String;[BII)Ljava/lang/Class; name or signature does not match> (0x00000000eab13080) thrown at [C:\re\workspace\8-2-build-windows-amd64-cygwin\jdk8u66\5298\hotspot\sr‡#Ó¢Íª?
Event: 0.052 Thread 0x0000000001dce000 Exception <a 'java/lang/NoSuchMethodError': Method sun.misc.Unsafe.prefetchRead(Ljava/lang/Object;J)V name or signature does not match> (0x00000000eab13368) thrown at [C:\re\workspace\8-2-build-windows-amd64-cygwin\jdk8u66\5298\hotspot\src\share\vm\prims\j

Events (10 events):
Event: 0.673 Thread 0x0000000058474800 DEOPT UNPACKING pc=0x000000000295582a sp=0x000000005925e5c0 mode 2
Event: 0.711 loading class java/util/DualPivotQuicksort
Event: 0.711 loading class java/util/DualPivotQuicksort done
Event: 0.892 loading class com/android/dx/rop/code/RegOps
Event: 0.892 loading class com/android/dx/rop/code/RegOps done
Event: 0.931 Thread 0x0000000058474800 Uncommon trap: trap_request=0xffffff65 fr.pc=0x0000000002b83cc4
Event: 0.931 Thread 0x0000000058474800 DEOPT PACKING pc=0x0000000002b83cc4 sp=0x000000005925e480
Event: 0.931 Thread 0x0000000058474800 DEOPT UNPACKING pc=0x000000000295582a sp=0x000000005925e420 mode 2
Event: 0.976 Executing VM operation: ParallelGCFailedAllocation
Event: 1.034 Executing VM operation: ParallelGCFailedAllocation done


Dynamic libraries:
0x000000013f8c0000 - 0x000000013f8f7000 	C:\Program Files\Java\jdk1.8.0_66\bin\java.exe
0x0000000076d00000 - 0x0000000076ea9000 	C:\Windows\SYSTEM32\ntdll.dll
0x0000000076be0000 - 0x0000000076cff000 	C:\Windows\system32\kernel32.dll
0x000007fefce40000 - 0x000007fefceab000 	C:\Windows\system32\KERNELBASE.dll
0x000007fefd6f0000 - 0x000007fefd7cb000 	C:\Windows\system32\ADVAPI32.dll
0x000007fefdd20000 - 0x000007fefddbf000 	C:\Windows\system32\msvcrt.dll
0x000007fefdb70000 - 0x000007fefdb8f000 	C:\Windows\SYSTEM32\sechost.dll
0x000007fefd560000 - 0x000007fefd68d000 	C:\Windows\system32\RPCRT4.dll
0x0000000076ae0000 - 0x0000000076bda000 	C:\Windows\system32\USER32.dll
0x000007fefd820000 - 0x000007fefd887000 	C:\Windows\system32\GDI32.dll
0x000007feff000000 - 0x000007feff00e000 	C:\Windows\system32\LPK.dll
0x000007fefddc0000 - 0x000007fefde89000 	C:\Windows\system32\USP10.dll
0x000007fefb610000 - 0x000007fefb804000 	C:\Windows\WinSxS\amd64_microsoft.windows.common-controls_6595b64144ccf1df_6.0.7601.17514_none_fa396087175ac9ac\COMCTL32.dll
0x000007fefd890000 - 0x000007fefd901000 	C:\Windows\system32\SHLWAPI.dll
0x000007fefdc10000 - 0x000007fefdc3e000 	C:\Windows\system32\IMM32.DLL
0x000007fefeef0000 - 0x000007fefeff9000 	C:\Windows\system32\MSCTF.dll
0x00000000639f0000 - 0x0000000063ac2000 	C:\Program Files\Java\jdk1.8.0_66\jre\bin\msvcr100.dll
0x0000000077770000 - 0x0000000077ff9000 	C:\Program Files\Java\jdk1.8.0_66\jre\bin\server\jvm.dll
0x000007fef5eb0000 - 0x000007fef5eb9000 	C:\Windows\system32\WSOCK32.dll
0x000007fefd7d0000 - 0x000007fefd81d000 	C:\Windows\system32\WS2_32.dll
0x000007fefd4b0000 - 0x000007fefd4b8000 	C:\Windows\system32\NSI.dll
0x000007fef9c90000 - 0x000007fef9ccb000 	C:\Windows\system32\WINMM.dll
0x000007fefc560000 - 0x000007fefc56c000 	C:\Windows\system32\VERSION.dll
0x0000000076ec0000 - 0x0000000076ec7000 	C:\Windows\system32\PSAPI.DLL
0x000000006baa0000 - 0x000000006baaf000 	C:\Program Files\Java\jdk1.8.0_66\jre\bin\verify.dll
0x000000006b5c0000 - 0x000000006b5e9000 	C:\Program Files\Java\jdk1.8.0_66\jre\bin\java.dll
0x000000006b600000 - 0x000000006b616000 	C:\Program Files\Java\jdk1.8.0_66\jre\bin\zip.dll
0x000007fefe010000 - 0x000007fefed98000 	C:\Windows\system32\SHELL32.dll
0x000007fefd0c0000 - 0x000007fefd2c3000 	C:\Windows\system32\ole32.dll
0x000007fefcc50000 - 0x000007fefcc5f000 	C:\Windows\system32\profapi.dll

VM Arguments:
jvm_args: -Djava.awt.headless=true -Xmx1024M -Dfile.encoding=x-windows-950 -Duser.country=TW -Duser.language=zh -Duser.variant 
java_command: com.android.dx.command.Main --dex --num-threads=4 --output C:\Users\awei\Desktop\AweiNO1\app\build\intermediates\pre-dexed\debug\com.google.android.gms-play-services-vision-8.4.0_3a8c1717bd65353e8951e6aa7286004a9084129c.jar C:\Users\awei\Desktop\AweiNO1\app\build\intermediates\exploded-aar\com.google.android.gms\play-services-vision\8.4.0\jars\classes.jar
java_class_path (initial): C:\Users\awei\AppData\Local\Android\sdk1\build-tools\23.0.2\lib\dx.jar
Launcher Type: SUN_STANDARD

Environment Variables:
JAVA_HOME=C:\Program Files\Java\jdk1.8.0_66
PATH=C:\ProgramData\Oracle\Java\javapath;C:\Program Files (x86)\NVIDIA Corporation\PhysX\Common;C:\Windows\system32;C:\Windows;C:\Windows\System32\Wbem;C:\Windows\System32\WindowsPowerShell\v1.0\;C:\Program Files (x86)\QuickTime\QTSystem\
USERNAME=awei
OS=Windows_NT
PROCESSOR_IDENTIFIER=Intel64 Family 6 Model 26 Stepping 5, GenuineIntel



---------------  S Y S T E M  ---------------

OS: Windows 7 , 64 bit Build 7601 (6.1.7601.17514)

CPU:total 8 (4 cores per cpu, 2 threads per core) family 6 model 26 stepping 5, cmov, cx8, fxsr, mmx, sse, sse2, sse3, ssse3, sse4.1, sse4.2, popcnt, ht, tsc, tscinvbit, tscinv

Memory: 4k page, physical 8379512k(425212k free), swap 10987508k(5100k free)

vm_info: Java HotSpot(TM) 64-Bit Server VM (25.66-b18) for windows-amd64 JRE (1.8.0_66-b18), built on Nov  9 2015 10:51:13 by "java_re" with MS VC++ 10.0 (VS2010)

time: Thu Feb 18 17:41:07 2016
elapsed time: 1 seconds (0d 0h 0m 1s)

