#
# A fatal error has been detected by the Java Runtime Environment:
#
#  EXCEPTION_STACK_OVERFLOW (0xc00000fd) at pc=0x000000005b661aa7, pid=10112, tid=7444
#
# JRE version:  (8.0_66-b18) (build )
# Java VM: Java HotSpot(TM) 64-Bit Server VM (25.66-b18 mixed mode windows-amd64 compressed oops)
# Problematic frame:
# V  [jvm.dll+0x211aa7]
#
# Failed to write core dump. Minidumps are not enabled by default on client versions of Windows
#
# If you would like to submit a bug report, please visit:
#   http://bugreport.java.com/bugreport/crash.jsp
#

---------------  T H R E A D  ---------------

Current thread (0x0000000055445000):  JavaThread "Finalizer" daemon [_thread_in_vm, id=7444, stack(0x0000000057a30000,0x0000000057b30000)]

siginfo: ExceptionCode=0xc00000fd, ExceptionInformation=0x0000000000000001 0x0000000057b2c340 

Registers:
RAX=0x0000000057b2c340, RBX=0x0000000000000004, RCX=0x0000000000003000, RDX=0x0000000000000006
RSP=0x0000000057b2f340, RBP=0x0000000000000000, RSI=0x0000000057b2f340, RDI=0x0000000000000004
R8 =0x0000000000000006, R9 =0x00000000025b9500, R10=0x0000000054b2c8d0, R11=0x0000000057a3a160
R12=0x00000000025b9500, R13=0x0000000055445000, R14=0x0000000057b2f408, R15=0x0000000054b2c8d0
RIP=0x000000005b661aa7, EFLAGS=0x0000000000010202

Top of Stack: (sp=0x0000000057b2f340)
0x0000000057b2f340:   000000005660bfd0 000000005cb04e7e
0x0000000057b2f350:   0000000055445000 00000000025b9500
0x0000000057b2f360:   00000000ffffffff 000000005b6629d7
0x0000000057b2f370:   0000000057b2f470 0000000054b2c8d0
0x0000000057b2f380:   0000000055445000 000000005b50f5c3
0x0000000057b2f390:   0000000057b2f3d0 0000000055445000
0x0000000057b2f3a0:   0000000057b2f460 0000000055445000
0x0000000057b2f3b0:   0000000054b2c8d0 0000000055445000
0x0000000057b2f3c0:   00000000027d10c0 0000000055445000
0x0000000057b2f3d0:   0000000054b2c8d0 0000000055445000
0x0000000057b2f3e0:   0000000054a8d508 0000000055445000
0x0000000057b2f3f0:   0000000000000001 0000000054b2c8d0
0x0000000057b2f400:   0000000055445000 00000000554449c0
0x0000000057b2f410:   0000000055445000 000000005b510aad
0x0000000057b2f420:   0000000057b2f728 0000000014a669a0
0x0000000057b2f430:   0000000014a78070 0000000076d00000 

Instructions: (pc=0x000000005b661aa7)
0x000000005b661a87:   48 89 6c 24 30 33 ed 66 90 e8 1b 36 08 00 ff c3
0x000000005b661a97:   48 63 c8 48 8b c6 48 0f af cf 48 ff c7 48 2b c1
0x000000005b661aa7:   89 28 48 63 c3 48 3b 05 dd 9b 58 00 7e db 48 8b
0x000000005b661ab7:   6c 24 30 48 8b 5c 24 38 48 8b 74 24 40 48 83 c4 


Register to memory mapping:

RAX=0x0000000057b2c340 is pointing into the stack for thread: 0x0000000055445000
RBX=0x0000000000000004 is an unknown value
RCX=0x0000000000003000 is an unknown value
RDX=0x0000000000000006 is an unknown value
RSP=0x0000000057b2f340 is pointing into the stack for thread: 0x0000000055445000
RBP=0x0000000000000000 is an unknown value
RSI=0x0000000057b2f340 is pointing into the stack for thread: 0x0000000055445000
RDI=0x0000000000000004 is an unknown value
R8 =0x0000000000000006 is an unknown value
R9 =0x00000000025b9500 is an unknown value
R10={method} {0x0000000054b2c8d8} 'run' '()V' in 'java/lang/ref/Finalizer$FinalizerThread'
R11=0x0000000057a3a160 is pointing into the stack for thread: 0x0000000055445000
R12=0x00000000025b9500 is an unknown value
R13=0x0000000055445000 is a thread
R14=0x0000000057b2f408 is pointing into the stack for thread: 0x0000000055445000
R15={method} {0x0000000054b2c8d8} 'run' '()V' in 'java/lang/ref/Finalizer$FinalizerThread'


Stack: [0x0000000057a30000,0x0000000057b30000],  sp=0x0000000057b2f340,  free space=1020k
Native frames: (J=compiled Java code, j=interpreted, Vv=VM code, C=native code)


---------------  P R O C E S S  ---------------

Java Threads: ( => current thread )
=>0x0000000055445000 JavaThread "Finalizer" daemon [_thread_in_vm, id=7444, stack(0x0000000057a30000,0x0000000057b30000)]
  0x00000000025bf800 JavaThread "Reference Handler" daemon [_thread_blocked, id=9712, stack(0x0000000057890000,0x0000000057990000)]
  0x00000000024be000 JavaThread "main" [_thread_in_Java, id=3144, stack(0x00000000026c0000,0x00000000027c0000)]

Other Threads:
  0x00000000025bc800 VMThread [stack: 0x0000000057620000,0x0000000057720000] [id=7616]

VM state:not at safepoint (normal execution)

VM Mutex/Monitor currently owned by a thread: None

Heap:
 PSYoungGen      total 38400K, used 665K [0x00000000eab00000, 0x00000000ed580000, 0x0000000100000000)
  eden space 33280K, 2% used [0x00000000eab00000,0x00000000eaba6670,0x00000000ecb80000)
  from space 5120K, 0% used [0x00000000ed080000,0x00000000ed080000,0x00000000ed580000)
  to   space 5120K, 0% used [0x00000000ecb80000,0x00000000ecb80000,0x00000000ed080000)
 ParOldGen       total 87552K, used 0K [0x00000000c0000000, 0x00000000c5580000, 0x00000000eab00000)
  object space 87552K, 0% used [0x00000000c0000000,0x00000000c0000000,0x00000000c5580000)
 Metaspace       used 1350K, capacity 4480K, committed 4480K, reserved 1056768K
  class space    used 140K, capacity 384K, committed 384K, reserved 1048576K

Card table byte_map: [0x0000000011b80000,0x0000000011d90000] byte_map_base: 0x0000000011580000

Marking Bits: (ParMarkBitMap*) 0x000000005bc5a5b0
 Begin Bits: [0x0000000012860000, 0x0000000013860000)
 End Bits:   [0x0000000013860000, 0x0000000014860000)

Polling page: 0x0000000000350000

CodeCache: size=245760Kb used=408Kb max_used=408Kb free=245351Kb
 bounds [0x00000000027c0000, 0x0000000002a30000, 0x00000000117c0000]
 total_blobs=113 nmethods=0 adapters=88
 compilation: enabled

Compilation events (0 events):
No events

GC Heap History (0 events):
No events

Deoptimization events (0 events):
No events

Internal exceptions (2 events):
Event: 0.084 Thread 0x00000000024be000 Exception <a 'java/lang/NoSuchMethodError': Method sun.misc.Unsafe.defineClass(Ljava/lang/String;[BII)Ljava/lang/Class; name or signature does not match> (0x00000000eab13080) thrown at [C:\re\workspace\8-2-build-windows-amd64-cygwin\jdk8u66\5298\hotspot\srl§˜…µ?
Event: 0.084 Thread 0x00000000024be000 Exception <a 'java/lang/NoSuchMethodError': Method sun.misc.Unsafe.prefetchRead(Ljava/lang/Object;J)V name or signature does not match> (0x00000000eab13368) thrown at [C:\re\workspace\8-2-build-windows-amd64-cygwin\jdk8u66\5298\hotspot\src\share\vm\prims\j

Events (10 events):
Event: 0.090 loading class java/util/TreeMap
Event: 0.091 loading class java/util/NavigableMap
Event: 0.091 loading class java/util/SortedMap
Event: 0.091 loading class java/util/SortedMap done
Event: 0.091 loading class java/util/NavigableMap done
Event: 0.094 loading class java/util/TreeMap done
Event: 0.095 loading class sun/misc/ASCIICaseInsensitiveComparator
Event: 0.095 loading class sun/misc/ASCIICaseInsensitiveComparator done
Event: 0.095 loading class java/util/TreeMap$Entry
Event: 0.095 loading class java/util/TreeMap$Entry done


Dynamic libraries:
0x000000013f4e0000 - 0x000000013f517000 	C:\Program Files\Java\jdk1.8.0_66\bin\java.exe
0x0000000076d00000 - 0x0000000076ea9000 	C:\Windows\SYSTEM32\ntdll.dll
0x0000000076be0000 - 0x0000000076cff000 	C:\Windows\system32\kernel32.dll
0x000007fefce40000 - 0x000007fefceab000 	C:\Windows\system32\KERNELBASE.dll
0x000007fefd6f0000 - 0x000007fefd7cb000 	C:\Windows\system32\ADVAPI32.dll
0x000007fefdd20000 - 0x000007fefddbf000 	C:\Windows\system32\msvcrt.dll
0x000007fefdb70000 - 0x000007fefdb8f000 	C:\Windows\SYSTEM32\sechost.dll
0x000007fefd560000 - 0x000007fefd68d000 	C:\Windows\system32\RPCRT4.dll
0x0000000076ae0000 - 0x0000000076bda000 	C:\Windows\system32\USER32.dll
0x000007fefd820000 - 0x000007fefd887000 	C:\Windows\system32\GDI32.dll
0x000007feff000000 - 0x000007feff00e000 	C:\Windows\system32\LPK.dll
0x000007fefddc0000 - 0x000007fefde89000 	C:\Windows\system32\USP10.dll
0x000007fefb610000 - 0x000007fefb804000 	C:\Windows\WinSxS\amd64_microsoft.windows.common-controls_6595b64144ccf1df_6.0.7601.17514_none_fa396087175ac9ac\COMCTL32.dll
0x000007fefd890000 - 0x000007fefd901000 	C:\Windows\system32\SHLWAPI.dll
0x000007fefdc10000 - 0x000007fefdc3e000 	C:\Windows\system32\IMM32.DLL
0x000007fefeef0000 - 0x000007fefeff9000 	C:\Windows\system32\MSCTF.dll
0x000000005cab0000 - 0x000000005cb82000 	C:\Program Files\Java\jdk1.8.0_66\jre\bin\msvcr100.dll
0x000000005b450000 - 0x000000005bcd9000 	C:\Program Files\Java\jdk1.8.0_66\jre\bin\server\jvm.dll
0x000007fef5eb0000 - 0x000007fef5eb9000 	C:\Windows\system32\WSOCK32.dll
0x000007fefd7d0000 - 0x000007fefd81d000 	C:\Windows\system32\WS2_32.dll
0x000007fefd4b0000 - 0x000007fefd4b8000 	C:\Windows\system32\NSI.dll
0x000007fef9c90000 - 0x000007fef9ccb000 	C:\Windows\system32\WINMM.dll
0x000007fefc560000 - 0x000007fefc56c000 	C:\Windows\system32\VERSION.dll
0x0000000076ec0000 - 0x0000000076ec7000 	C:\Windows\system32\PSAPI.DLL
0x000000006bc90000 - 0x000000006bc9f000 	C:\Program Files\Java\jdk1.8.0_66\jre\bin\verify.dll
0x000000006b5f0000 - 0x000000006b619000 	C:\Program Files\Java\jdk1.8.0_66\jre\bin\java.dll
0x000000006b5d0000 - 0x000000006b5e6000 	C:\Program Files\Java\jdk1.8.0_66\jre\bin\zip.dll
0x000007fefe010000 - 0x000007fefed98000 	C:\Windows\system32\SHELL32.dll
0x000007fefd0c0000 - 0x000007fefd2c3000 	C:\Windows\system32\ole32.dll
0x000007fefcc50000 - 0x000007fefcc5f000 	C:\Windows\system32\profapi.dll

VM Arguments:
jvm_args: -Djava.awt.headless=true -Xmx1024M -Dfile.encoding=x-windows-950 -Duser.country=TW -Duser.language=zh -Duser.variant 
java_command: com.android.dx.command.Main --dex --num-threads=4 --output C:\Users\awei\Desktop\AweiNO1\app\build\intermediates\pre-dexed\debug\com.google.android.gms-play-services-location-8.4.0_05985a40bb41d1e2c1fe84acce6ce35fdf55dd0b.jar C:\Users\awei\Desktop\AweiNO1\app\build\intermediates\exploded-aar\com.google.android.gms\play-services-location\8.4.0\jars\classes.jar
java_class_path (initial): C:\Users\awei\AppData\Local\Android\sdk1\build-tools\23.0.2\lib\dx.jar
Launcher Type: SUN_STANDARD

Environment Variables:
JAVA_HOME=C:\Program Files\Java\jdk1.8.0_66
PATH=C:\ProgramData\Oracle\Java\javapath;C:\Program Files (x86)\NVIDIA Corporation\PhysX\Common;C:\Windows\system32;C:\Windows;C:\Windows\System32\Wbem;C:\Windows\System32\WindowsPowerShell\v1.0\;C:\Program Files (x86)\QuickTime\QTSystem\
USERNAME=awei
OS=Windows_NT
PROCESSOR_IDENTIFIER=Intel64 Family 6 Model 26 Stepping 5, GenuineIntel



---------------  S Y S T E M  ---------------

OS: Windows 7 , 64 bit Build 7601 (6.1.7601.17514)

CPU:total 8 (4 cores per cpu, 2 threads per core) family 6 model 26 stepping 5, cmov, cx8, fxsr, mmx, sse, sse2, sse3, ssse3, sse4.1, sse4.2, popcnt, ht, tsc, tscinvbit, tscinv

Memory: 4k page, physical 8379512k(483272k free), swap 10987508k(220508k free)

vm_info: Java HotSpot(TM) 64-Bit Server VM (25.66-b18) for windows-amd64 JRE (1.8.0_66-b18), built on Nov  9 2015 10:51:13 by "java_re" with MS VC++ 10.0 (VS2010)

time: Sun Feb 14 15:09:12 2016
elapsed time: 0 seconds (0d 0h 0m 0s)

