#
# There is insufficient memory for the Java Runtime Environment to continue.
# Native memory allocation (malloc) failed to allocate 78352 bytes for Chunk::new
# Possible reasons:
#   The system is out of physical RAM or swap space
#   In 32 bit mode, the process size limit was hit
# Possible solutions:
#   Reduce memory load on the system
#   Increase physical memory or swap space
#   Check if swap backing store is full
#   Use 64 bit Java on a 64 bit OS
#   Decrease Java heap size (-Xmx/-Xms)
#   Decrease number of Java threads
#   Decrease Java thread stack sizes (-Xss)
#   Set larger code cache with -XX:ReservedCodeCacheSize=
# This output file may be truncated or incomplete.
#
#  Out of Memory Error (allocation.cpp:390), pid=7120, tid=7496
#
# JRE version: Java(TM) SE Runtime Environment (8.0_66-b18) (build 1.8.0_66-b18)
# Java VM: Java HotSpot(TM) 64-Bit Server VM (25.66-b18 mixed mode windows-amd64 compressed oops)
# Failed to write core dump. Minidumps are not enabled by default on client versions of Windows
#

---------------  T H R E A D  ---------------

Current thread (0x00000000568aa000):  JavaThread "C2 CompilerThread2" daemon [_thread_in_native, id=7496, stack(0x00000000581f0000,0x00000000582f0000)]

Stack: [0x00000000581f0000,0x00000000582f0000]
[error occurred during error reporting (printing stack bounds), id 0xc0000005]

Native frames: (J=compiled Java code, j=interpreted, Vv=VM code, C=native code)


Current CompileTask:
C2:    876  502       4       com.android.dx.rop.cst.CstString::utf8BytesToString (391 bytes)


---------------  P R O C E S S  ---------------

Java Threads: ( => current thread )
  0x0000000058822000 JavaThread "pool-1-thread-4" [_thread_blocked, id=3024, stack(0x0000000059470000,0x0000000059570000)]
  0x00000000588f2000 JavaThread "pool-1-thread-3" [_thread_in_vm, id=8196, stack(0x0000000059570000,0x0000000059670000)]
  0x00000000588f1000 JavaThread "pool-1-thread-2" [_thread_blocked, id=1716, stack(0x0000000059340000,0x0000000059440000)]
  0x00000000588ef800 JavaThread "pool-2-thread-1" [_thread_blocked, id=3752, stack(0x0000000059180000,0x0000000059280000)]
  0x00000000588aa800 JavaThread "pool-1-thread-1" [_thread_blocked, id=4964, stack(0x0000000059010000,0x0000000059110000)]
  0x00000000568b6000 JavaThread "Service Thread" daemon [_thread_blocked, id=7668, stack(0x0000000058500000,0x0000000058600000)]
  0x00000000568b1000 JavaThread "C1 CompilerThread3" daemon [_thread_in_native, id=5908, stack(0x00000000583a0000,0x00000000584a0000)]
=>0x00000000568aa000 JavaThread "C2 CompilerThread2" daemon [_thread_in_native, id=7496, stack(0x00000000581f0000,0x00000000582f0000)]
  0x00000000568a9000 JavaThread "C2 CompilerThread1" daemon [_thread_blocked, id=6676, stack(0x0000000057e80000,0x0000000057f80000)]
  0x000000005683a800 JavaThread "C2 CompilerThread0" daemon [_thread_blocked, id=6188, stack(0x0000000057fc0000,0x00000000580c0000)]
  0x0000000056831800 JavaThread "Attach Listener" daemon [_thread_blocked, id=8072, stack(0x0000000057d10000,0x0000000057e10000)]
  0x0000000056830800 JavaThread "Signal Dispatcher" daemon [_thread_blocked, id=8156, stack(0x00000000578e0000,0x00000000579e0000)]
  0x0000000055875000 JavaThread "Finalizer" daemon [_thread_blocked, id=6956, stack(0x0000000057c10000,0x0000000057d10000)]
  0x000000000253f800 JavaThread "Reference Handler" daemon [_thread_blocked, id=5900, stack(0x0000000057a60000,0x0000000057b60000)]
  0x000000000260e000 JavaThread "main" [_thread_in_Java, id=4908, stack(0x0000000002750000,0x0000000002850000)]

Other Threads:
  0x000000000253c800 VMThread [stack: 0x0000000057790000,0x0000000057890000] [id=3164]
  0x000000005695a000 WatcherThread [stack: 0x0000000058650000,0x0000000058750000] [id=8492]

VM state:not at safepoint (normal execution)

VM Mutex/Monitor currently owned by a thread: None

Heap:
 PSYoungGen      total 38400K, used 25316K [0x00000000eab00000, 0x00000000ed580000, 0x0000000100000000)
  eden space 33280K, 76% used [0x00000000eab00000,0x00000000ec3b92b8,0x00000000ecb80000)
  from space 5120K, 0% used [0x00000000ed080000,0x00000000ed080000,0x00000000ed580000)
  to   space 5120K, 0% used [0x00000000ecb80000,0x00000000ecb80000,0x00000000ed080000)
 ParOldGen       total 87552K, used 0K [0x00000000c0000000, 0x00000000c5580000, 0x00000000eab00000)
  object space 87552K, 0% used [0x00000000c0000000,0x00000000c0000000,0x00000000c5580000)
 Metaspace       used 5526K, capacity 6450K, committed 6528K, reserved 1056768K
  class space    used 601K, capacity 618K, committed 640K, reserved 1048576K

Card table byte_map: [0x0000000011c10000,0x0000000011e20000] byte_map_base: 0x0000000011610000

Marking Bits: (ParMarkBitMap*) 0x000000005b36a5b0
 Begin Bits: [0x0000000012c90000, 0x0000000013c90000)
 End Bits:   [0x0000000013c90000, 0x0000000014c90000)

Polling page: 0x0000000000240000

CodeCache: size=245760Kb used=2121Kb max_used=2121Kb free=243638Kb
 bounds [0x0000000002850000, 0x0000000002ac0000, 0x0000000011850000]
 total_blobs=789 nmethods=519 adapters=184
 compilation: enabled

Compilation events (10 events):
Event: 0.875 Thread 0x00000000568b1000 nmethod 513 0x0000000002a60510 code [0x0000000002a60680, 0x0000000002a60930]
Event: 0.875 Thread 0x00000000568b1000  511       3       com.android.dx.util.ByteArray::getByte0 (12 bytes)
Event: 0.875 Thread 0x00000000568b1000 nmethod 511 0x0000000002a60990 code [0x0000000002a60ae0, 0x0000000002a60c50]
Event: 0.875 Thread 0x00000000568b1000  521       3       com.android.dx.util.Bits::makeBitSet (11 bytes)
Event: 0.875 Thread 0x00000000568b1000 nmethod 521 0x0000000002a60d50 code [0x0000000002a60ea0, 0x0000000002a61050]
Event: 0.875 Thread 0x00000000568b1000  517       3       com.android.dx.ssa.DeadCodeRemover::access$000 (5 bytes)
Event: 0.875 Thread 0x00000000568b1000 nmethod 517 0x0000000002a610d0 code [0x0000000002a61240, 0x0000000002a614c8]
Event: 0.875 Thread 0x00000000568b1000  522       3       com.android.dx.util.Bits::getMax (6 bytes)
Event: 0.876 Thread 0x00000000568b1000 nmethod 522 0x0000000002a5c910 code [0x0000000002a5ca60, 0x0000000002a5cb90]
Event: 0.876 Thread 0x00000000568b1000  519       3       com.android.dx.ssa.DeadCodeRemover::hasSideEffect (11 bytes)

GC Heap History (0 events):
No events

Deoptimization events (0 events):
No events

Internal exceptions (2 events):
Event: 0.133 Thread 0x000000000260e000 Exception <a 'java/lang/NoSuchMethodError': Method sun.misc.Unsafe.defineClass(Ljava/lang/String;[BII)Ljava/lang/Class; name or signature does not match> (0x00000000eab13080) thrown at [C:\re\workspace\8-2-build-windows-amd64-cygwin\jdk8u66\5298\hotspot\srÛ’™–‰Á?
Event: 0.133 Thread 0x000000000260e000 Exception <a 'java/lang/NoSuchMethodError': Method sun.misc.Unsafe.prefetchRead(Ljava/lang/Object;J)V name or signature does not match> (0x00000000eab13368) thrown at [C:\re\workspace\8-2-build-windows-amd64-cygwin\jdk8u66\5298\hotspot\src\share\vm\prims\j

Events (10 events):
Event: 0.865 loading class com/android/dx/dex/file/ParameterAnnotationStruct
Event: 0.865 loading class com/android/dx/dex/file/ParameterAnnotationStruct done
Event: 0.866 loading class com/android/dx/dex/file/UniformListItem
Event: 0.866 loading class com/android/dx/dex/file/UniformListItem done
Event: 0.866 loading class com/android/dx/dex/file/AnnotationSetRefItem
Event: 0.866 loading class com/android/dx/dex/file/AnnotationSetRefItem done
Event: 0.867 loading class com/android/dx/cf/attrib/AttRuntimeInvisibleAnnotations
Event: 0.867 loading class com/android/dx/cf/attrib/AttRuntimeInvisibleAnnotations done
Event: 0.873 loading class com/android/dx/cf/code/SwitchList
Event: 0.873 loading class com/android/dx/cf/code/SwitchList done


Dynamic libraries:
0x000000013f4c0000 - 0x000000013f4f7000 	C:\Program Files\Java\jdk1.8.0_66\bin\java.exe
0x0000000076de0000 - 0x0000000076f89000 	C:\Windows\SYSTEM32\ntdll.dll
0x0000000076bc0000 - 0x0000000076cdf000 	C:\Windows\system32\kernel32.dll
0x000007fefcff0000 - 0x000007fefd05b000 	C:\Windows\system32\KERNELBASE.dll
0x000007fefebc0000 - 0x000007fefec9b000 	C:\Windows\system32\ADVAPI32.dll
0x000007fefd980000 - 0x000007fefda1f000 	C:\Windows\system32\msvcrt.dll
0x000007fefd100000 - 0x000007fefd11f000 	C:\Windows\SYSTEM32\sechost.dll
0x000007fefeca0000 - 0x000007fefedcd000 	C:\Windows\system32\RPCRT4.dll
0x0000000076ce0000 - 0x0000000076dda000 	C:\Windows\system32\USER32.dll
0x000007fefd130000 - 0x000007fefd197000 	C:\Windows\system32\GDI32.dll
0x000007fefd120000 - 0x000007fefd12e000 	C:\Windows\system32\LPK.dll
0x000007fefe8e0000 - 0x000007fefe9a9000 	C:\Windows\system32\USP10.dll
0x000007fefb6f0000 - 0x000007fefb8e4000 	C:\Windows\WinSxS\amd64_microsoft.windows.common-controls_6595b64144ccf1df_6.0.7601.17514_none_fa396087175ac9ac\COMCTL32.dll
0x000007fefd7a0000 - 0x000007fefd811000 	C:\Windows\system32\SHLWAPI.dll
0x000007fefefb0000 - 0x000007fefefde000 	C:\Windows\system32\IMM32.DLL
0x000007fefefe0000 - 0x000007feff0e9000 	C:\Windows\system32\MSCTF.dll
0x000000005a8c0000 - 0x000000005a992000 	C:\Program Files\Java\jdk1.8.0_66\jre\bin\msvcr100.dll
0x000000005ab60000 - 0x000000005b3e9000 	C:\Program Files\Java\jdk1.8.0_66\jre\bin\server\jvm.dll
0x000007fef2910000 - 0x000007fef2919000 	C:\Windows\system32\WSOCK32.dll
0x000007fefd2f0000 - 0x000007fefd33d000 	C:\Windows\system32\WS2_32.dll
0x000007fefd240000 - 0x000007fefd248000 	C:\Windows\system32\NSI.dll
0x000007fefa130000 - 0x000007fefa16b000 	C:\Windows\system32\WINMM.dll
0x000007fefc640000 - 0x000007fefc64c000 	C:\Windows\system32\VERSION.dll
0x0000000076fa0000 - 0x0000000076fa7000 	C:\Windows\system32\PSAPI.DLL
0x000000006bdb0000 - 0x000000006bdbf000 	C:\Program Files\Java\jdk1.8.0_66\jre\bin\verify.dll
0x0000000067290000 - 0x00000000672b9000 	C:\Program Files\Java\jdk1.8.0_66\jre\bin\java.dll
0x000000006b990000 - 0x000000006b9a6000 	C:\Program Files\Java\jdk1.8.0_66\jre\bin\zip.dll
0x000007fefda20000 - 0x000007fefe7a8000 	C:\Windows\system32\SHELL32.dll
0x000007fefe9b0000 - 0x000007fefebb3000 	C:\Windows\system32\ole32.dll
0x000007fefcd30000 - 0x000007fefcd3f000 	C:\Windows\system32\profapi.dll

VM Arguments:
jvm_args: -Djava.awt.headless=true -Xmx1024M -Dfile.encoding=x-windows-950 -Duser.country=TW -Duser.language=zh -Duser.variant 
java_command: com.android.dx.command.Main --dex --num-threads=4 --output C:\Users\awei\Desktop\AweiNO1\app\build\intermediates\pre-dexed\debug\com.android.support-support-v4-23.1.1_bf7e1785869872cf17eca5a5fbe852218d1fdc7b.jar C:\Users\awei\Desktop\AweiNO1\app\build\intermediates\exploded-aar\com.android.support\support-v4\23.1.1\jars\classes.jar
java_class_path (initial): C:\Users\awei\AppData\Local\Android\sdk1\build-tools\23.0.2\lib\dx.jar
Launcher Type: SUN_STANDARD

Environment Variables:
JAVA_HOME=C:\Program Files\Java\jdk1.8.0_66
PATH=C:\ProgramData\Oracle\Java\javapath;C:\Program Files (x86)\NVIDIA Corporation\PhysX\Common;C:\Windows\system32;C:\Windows;C:\Windows\System32\Wbem;C:\Windows\System32\WindowsPowerShell\v1.0\;C:\Program Files (x86)\QuickTime\QTSystem\
USERNAME=awei
OS=Windows_NT
PROCESSOR_IDENTIFIER=Intel64 Family 6 Model 26 Stepping 5, GenuineIntel



---------------  S Y S T E M  ---------------

OS: Windows 7 , 64 bit Build 7601 (6.1.7601.17514)

CPU:total 8 (4 cores per cpu, 2 threads per core) family 6 model 26 stepping 5, cmov, cx8, fxsr, mmx, sse, sse2, sse3, ssse3, sse4.1, sse4.2, popcnt, ht, tsc, tscinvbit, tscinv

Memory: 4k page, physical 8379512k(739348k free), swap 10563684k(5004k free)

vm_info: Java HotSpot(TM) 64-Bit Server VM (25.66-b18) for windows-amd64 JRE (1.8.0_66-b18), built on Nov  9 2015 10:51:13 by "java_re" with MS VC++ 10.0 (VS2010)

time: Thu Feb 11 21:55:45 2016
elapsed time: 0 seconds (0d 0h 0m 0s)

