#
# There is insufficient memory for the Java Runtime Environment to continue.
# Native memory allocation (malloc) failed to allocate 670336 bytes for Chunk::new
# Possible reasons:
#   The system is out of physical RAM or swap space
#   In 32 bit mode, the process size limit was hit
# Possible solutions:
#   Reduce memory load on the system
#   Increase physical memory or swap space
#   Check if swap backing store is full
#   Use 64 bit Java on a 64 bit OS
#   Decrease Java heap size (-Xmx/-Xms)
#   Decrease number of Java threads
#   Decrease Java thread stack sizes (-Xss)
#   Set larger code cache with -XX:ReservedCodeCacheSize=
# This output file may be truncated or incomplete.
#
#  Out of Memory Error (allocation.cpp:390), pid=260, tid=6844
#
# JRE version: Java(TM) SE Runtime Environment (8.0_66-b18) (build 1.8.0_66-b18)
# Java VM: Java HotSpot(TM) 64-Bit Server VM (25.66-b18 mixed mode windows-amd64 compressed oops)
# Failed to write core dump. Minidumps are not enabled by default on client versions of Windows
#

---------------  T H R E A D  ---------------

Current thread (0x00000000572f0800):  JavaThread "C2 CompilerThread1" daemon [_thread_in_native, id=6844, stack(0x0000000058800000,0x0000000058900000)]

Stack: [0x0000000058800000,0x0000000058900000]
[error occurred during error reporting (printing stack bounds), id 0xc0000005]

Native frames: (J=compiled Java code, j=interpreted, Vv=VM code, C=native code)


Current CompileTask:
C2:   1281  798       4       com.android.dx.ssa.NormalSsaInsn::accept (25 bytes)


---------------  P R O C E S S  ---------------

Java Threads: ( => current thread )
  0x000000005761b800 JavaThread "pool-1-thread-4" [_thread_in_Java, id=4920, stack(0x0000000059d30000,0x0000000059e30000)]
  0x0000000057616000 JavaThread "pool-1-thread-3" [_thread_in_Java, id=9064, stack(0x0000000059be0000,0x0000000059ce0000)]
  0x0000000057611000 JavaThread "pool-1-thread-2" [_thread_in_Java, id=1332, stack(0x00000000599f0000,0x0000000059af0000)]
  0x000000005760d800 JavaThread "pool-2-thread-1" [_thread_blocked, id=7292, stack(0x0000000059820000,0x0000000059920000)]
  0x000000005760d000 JavaThread "pool-1-thread-1" [_thread_in_Java, id=9468, stack(0x0000000059670000,0x0000000059770000)]
  0x0000000057365800 JavaThread "Service Thread" daemon [_thread_blocked, id=9656, stack(0x0000000058ca0000,0x0000000058da0000)]
  0x000000005735e000 JavaThread "C1 CompilerThread3" daemon [_thread_in_native, id=7656, stack(0x0000000058a80000,0x0000000058b80000)]
  0x000000005734b800 JavaThread "C2 CompilerThread2" daemon [_thread_in_native, id=9232, stack(0x0000000058960000,0x0000000058a60000)]
=>0x00000000572f0800 JavaThread "C2 CompilerThread1" daemon [_thread_in_native, id=6844, stack(0x0000000058800000,0x0000000058900000)]
  0x00000000572eb000 JavaThread "C2 CompilerThread0" daemon [_thread_in_native, id=9152, stack(0x0000000058600000,0x0000000058700000)]
  0x00000000572e8000 JavaThread "Attach Listener" daemon [_thread_blocked, id=7376, stack(0x0000000058200000,0x0000000058300000)]
  0x00000000572de800 JavaThread "Signal Dispatcher" daemon [_thread_blocked, id=5876, stack(0x0000000058350000,0x0000000058450000)]
  0x0000000054cc5000 JavaThread "Finalizer" daemon [_thread_blocked, id=9120, stack(0x0000000057ee0000,0x0000000057fe0000)]
  0x000000000251f000 JavaThread "Reference Handler" daemon [_thread_blocked, id=8576, stack(0x00000000580f0000,0x00000000581f0000)]
  0x00000000003de000 JavaThread "main" [_thread_blocked, id=5168, stack(0x0000000002640000,0x0000000002740000)]

Other Threads:
  0x000000000251c000 VMThread [stack: 0x0000000057fe0000,0x00000000580e0000] [id=5060]
  0x00000000573b9000 WatcherThread [stack: 0x0000000058470000,0x0000000058570000] [id=7056]

VM state:not at safepoint (normal execution)

VM Mutex/Monitor currently owned by a thread: None

Heap:
 PSYoungGen      total 55296K, used 10562K [0x00000000eab00000, 0x00000000ef600000, 0x0000000100000000)
  eden space 50176K, 10% used [0x00000000eab00000,0x00000000eb058828,0x00000000edc00000)
  from space 5120K, 99% used [0x00000000ef100000,0x00000000ef5f8010,0x00000000ef600000)
  to   space 5120K, 0% used [0x00000000eec00000,0x00000000eec00000,0x00000000ef100000)
 ParOldGen       total 61952K, used 4894K [0x00000000c0000000, 0x00000000c3c80000, 0x00000000eab00000)
  object space 61952K, 7% used [0x00000000c0000000,0x00000000c04c7868,0x00000000c3c80000)
 Metaspace       used 6064K, capacity 6904K, committed 7040K, reserved 1058816K
  class space    used 605K, capacity 624K, committed 640K, reserved 1048576K

Card table byte_map: [0x0000000011b00000,0x0000000011d10000] byte_map_base: 0x0000000011500000

Marking Bits: (ParMarkBitMap*) 0x0000000055ada5b0
 Begin Bits: [0x00000000128e0000, 0x00000000138e0000)
 End Bits:   [0x00000000138e0000, 0x00000000148e0000)

Polling page: 0x0000000000340000

CodeCache: size=245760Kb used=3095Kb max_used=3107Kb free=242664Kb
 bounds [0x0000000002740000, 0x0000000002a50000, 0x0000000011740000]
 total_blobs=1062 nmethods=788 adapters=187
 compilation: enabled

Compilation events (10 events):
Event: 1.268 Thread 0x000000005735e000 nmethod 866 0x0000000002a44c50 code [0x0000000002a44de0, 0x0000000002a450b8]
Event: 1.268 Thread 0x000000005735e000  973   !   2       com.android.dx.cf.code.RopperMachine::run (1550 bytes)
Event: 1.271 Thread 0x00000000572eb000 nmethod 814 0x0000000002a48a10 code [0x0000000002a48bc0, 0x0000000002a496b8]
Event: 1.271 Thread 0x00000000572eb000 1012       4       com.android.dx.cf.code.Ropper::labelToResultIndex (47 bytes)
Event: 1.272 Thread 0x000000005734b800 nmethod 960 0x0000000002a4a650 code [0x0000000002a4a7c0, 0x0000000002a4ad88]
Event: 1.272 Thread 0x000000005734b800  880       4       com.android.dx.util.IntList::binarysearch (124 bytes)
Event: 1.275 Thread 0x000000005734b800 nmethod 880 0x0000000002a3b590 code [0x0000000002a3b6e0, 0x0000000002a3b878]
Event: 1.275 Thread 0x000000005734b800  858       4       com.android.dx.ssa.SsaBasicBlock::forEachPhiInsn (54 bytes)
Event: 1.275 Thread 0x00000000572eb000 nmethod 1012 0x0000000002a45650 code [0x0000000002a457a0, 0x0000000002a45a18]
Event: 1.276 Thread 0x00000000572eb000  959       4       com.android.dx.ssa.SsaBasicBlock::forEachInsn (37 bytes)

GC Heap History (6 events):
Event: 0.923 GC heap before
{Heap before GC invocations=1 (full 0):
 PSYoungGen      total 38400K, used 27314K [0x00000000eab00000, 0x00000000ed580000, 0x0000000100000000)
  eden space 33280K, 82% used [0x00000000eab00000,0x00000000ec5acbc8,0x00000000ecb80000)
  from space 5120K, 0% used [0x00000000ed080000,0x00000000ed080000,0x00000000ed580000)
  to   space 5120K, 0% used [0x00000000ecb80000,0x00000000ecb80000,0x00000000ed080000)
 ParOldGen       total 87552K, used 0K [0x00000000c0000000, 0x00000000c5580000, 0x00000000eab00000)
  object space 87552K, 0% used [0x00000000c0000000,0x00000000c0000000,0x00000000c5580000)
 Metaspace       used 5873K, capacity 6710K, committed 6784K, reserved 1060864K
  class space    used 601K, capacity 622K, committed 640K, reserved 1048576K
Event: 0.936 GC heap after
Heap after GC invocations=1 (full 0):
 PSYoungGen      total 38400K, used 4978K [0x00000000eab00000, 0x00000000ef600000, 0x0000000100000000)
  eden space 33280K, 0% used [0x00000000eab00000,0x00000000eab00000,0x00000000ecb80000)
  from space 5120K, 97% used [0x00000000ecb80000,0x00000000ed05cbe0,0x00000000ed080000)
  to   space 5120K, 0% used [0x00000000ef100000,0x00000000ef100000,0x00000000ef600000)
 ParOldGen       total 87552K, used 16K [0x00000000c0000000, 0x00000000c5580000, 0x00000000eab00000)
  object space 87552K, 0% used [0x00000000c0000000,0x00000000c0004000,0x00000000c5580000)
 Metaspace       used 5873K, capacity 6710K, committed 6784K, reserved 1060864K
  class space    used 601K, capacity 622K, committed 640K, reserved 1048576K
}
Event: 0.936 GC heap before
{Heap before GC invocations=2 (full 1):
 PSYoungGen      total 38400K, used 4978K [0x00000000eab00000, 0x00000000ef600000, 0x0000000100000000)
  eden space 33280K, 0% used [0x00000000eab00000,0x00000000eab00000,0x00000000ecb80000)
  from space 5120K, 97% used [0x00000000ecb80000,0x00000000ed05cbe0,0x00000000ed080000)
  to   space 5120K, 0% used [0x00000000ef100000,0x00000000ef100000,0x00000000ef600000)
 ParOldGen       total 87552K, used 16K [0x00000000c0000000, 0x00000000c5580000, 0x00000000eab00000)
  object space 87552K, 0% used [0x00000000c0000000,0x00000000c0004000,0x00000000c5580000)
 Metaspace       used 5873K, capacity 6710K, committed 6784K, reserved 1060864K
  class space    used 601K, capacity 622K, committed 640K, reserved 1048576K
Event: 0.970 GC heap after
Heap after GC invocations=2 (full 1):
 PSYoungGen      total 38400K, used 0K [0x00000000eab00000, 0x00000000ef600000, 0x0000000100000000)
  eden space 33280K, 0% used [0x00000000eab00000,0x00000000eab00000,0x00000000ecb80000)
  from space 5120K, 0% used [0x00000000ecb80000,0x00000000ecb80000,0x00000000ed080000)
  to   space 5120K, 0% used [0x00000000ef100000,0x00000000ef100000,0x00000000ef600000)
 ParOldGen       total 61952K, used 4683K [0x00000000c0000000, 0x00000000c3c80000, 0x00000000eab00000)
  object space 61952K, 7% used [0x00000000c0000000,0x00000000c0492fa0,0x00000000c3c80000)
 Metaspace       used 5873K, capacity 6710K, committed 6784K, reserved 1058816K
  class space    used 601K, capacity 622K, committed 640K, reserved 1048576K
}
Event: 1.207 GC heap before
{Heap before GC invocations=3 (full 1):
 PSYoungGen      total 38400K, used 33280K [0x00000000eab00000, 0x00000000ef600000, 0x0000000100000000)
  eden space 33280K, 100% used [0x00000000eab00000,0x00000000ecb80000,0x00000000ecb80000)
  from space 5120K, 0% used [0x00000000ecb80000,0x00000000ecb80000,0x00000000ed080000)
  to   space 5120K, 0% used [0x00000000ef100000,0x00000000ef100000,0x00000000ef600000)
 ParOldGen       total 61952K, used 4683K [0x00000000c0000000, 0x00000000c3c80000, 0x00000000eab00000)
  object space 61952K, 7% used [0x00000000c0000000,0x00000000c0492fa0,0x00000000c3c80000)
 Metaspace       used 6052K, capacity 6904K, committed 7040K, reserved 1058816K
  class space    used 605K, capacity 624K, committed 640K, reserved 1048576K
Event: 1.223 GC heap after
Heap after GC invocations=3 (full 1):
 PSYoungGen      total 55296K, used 5088K [0x00000000eab00000, 0x00000000ef600000, 0x0000000100000000)
  eden space 50176K, 0% used [0x00000000eab00000,0x00000000eab00000,0x00000000edc00000)
  from space 5120K, 99% used [0x00000000ef100000,0x00000000ef5f8010,0x00000000ef600000)
  to   space 5120K, 0% used [0x00000000eec00000,0x00000000eec00000,0x00000000ef100000)
 ParOldGen       total 61952K, used 4894K [0x00000000c0000000, 0x00000000c3c80000, 0x00000000eab00000)
  object space 61952K, 7% used [0x00000000c0000000,0x00000000c04c7868,0x00000000c3c80000)
 Metaspace       used 6052K, capacity 6904K, committed 7040K, reserved 1058816K
  class space    used 605K, capacity 624K, committed 640K, reserved 1048576K
}

Deoptimization events (9 events):
Event: 0.636 Thread 0x0000000057611000 Uncommon trap: reason=unstable_if action=reinterpret pc=0x000000000294d40c method=java.util.HashMap.getNode(ILjava/lang/Object;)Ljava/util/HashMap$Node; @ 129
Event: 0.649 Thread 0x00000000003de000 Uncommon trap: reason=unstable_if action=reinterpret pc=0x000000000296a5fc method=java.lang.String.<init>([CII)V @ 18
Event: 0.655 Thread 0x000000005760d000 Uncommon trap: reason=unstable_if action=reinterpret pc=0x000000000296f4e0 method=java.util.BitSet.nextSetBit(I)I @ 87
Event: 0.981 Thread 0x00000000003de000 Uncommon trap: reason=unstable_if action=reinterpret pc=0x000000000291e88c method=java.lang.String.<init>([CII)V @ 18
Event: 0.995 Thread 0x0000000057611000 Uncommon trap: reason=unstable_if action=reinterpret pc=0x0000000002979964 method=java.util.BitSet.ensureCapacity(I)V @ 6
Event: 1.000 Thread 0x00000000003de000 Uncommon trap: reason=class_check action=maybe_recompile pc=0x00000000029a7720 method=com.android.dx.ssa.NormalSsaInsn.accept(Lcom/android/dx/ssa/SsaInsn$Visitor;)V @ 9
Event: 1.008 Thread 0x00000000003de000 Uncommon trap: reason=class_check action=maybe_recompile pc=0x00000000029a7720 method=com.android.dx.ssa.NormalSsaInsn.accept(Lcom/android/dx/ssa/SsaInsn$Visitor;)V @ 9
Event: 1.008 Thread 0x00000000003de000 Uncommon trap: reason=class_check action=maybe_recompile pc=0x00000000029a7720 method=com.android.dx.ssa.NormalSsaInsn.accept(Lcom/android/dx/ssa/SsaInsn$Visitor;)V @ 9
Event: 1.008 Thread 0x00000000003de000 Uncommon trap: reason=class_check action=maybe_recompile pc=0x00000000029a7720 method=com.android.dx.ssa.NormalSsaInsn.accept(Lcom/android/dx/ssa/SsaInsn$Visitor;)V @ 9

Internal exceptions (2 events):
Event: 0.046 Thread 0x00000000003de000 Exception <a 'java/lang/NoSuchMethodError': Method sun.misc.Unsafe.defineClass(Ljava/lang/String;[BII)Ljava/lang/Class; name or signature does not match> (0x00000000eab13080) thrown at [C:\re\workspace\8-2-build-windows-amd64-cygwin\jdk8u66\5298\hotspot\srh©H½¼§?
Event: 0.046 Thread 0x00000000003de000 Exception <a 'java/lang/NoSuchMethodError': Method sun.misc.Unsafe.prefetchRead(Ljava/lang/Object;J)V name or signature does not match> (0x00000000eab13368) thrown at [C:\re\workspace\8-2-build-windows-amd64-cygwin\jdk8u66\5298\hotspot\src\share\vm\prims\j`

Events (10 events):
Event: 1.232 Thread 0x00000000572f0800 flushing nmethod 0x0000000002855150
Event: 1.232 Thread 0x00000000572f0800 flushing nmethod 0x000000000285e650
Event: 1.232 Thread 0x00000000572f0800 flushing nmethod 0x0000000002872c90
Event: 1.232 Thread 0x00000000572f0800 flushing nmethod 0x0000000002874e50
Event: 1.232 Thread 0x00000000572f0800 flushing nmethod 0x0000000002876610
Event: 1.232 Thread 0x00000000572f0800 flushing nmethod 0x00000000028779d0
Event: 1.232 Thread 0x00000000572f0800 flushing nmethod 0x0000000002878690
Event: 1.232 Thread 0x00000000572f0800 flushing nmethod 0x000000000287b250
Event: 1.232 Thread 0x00000000572f0800 flushing nmethod 0x000000000287c310
Event: 1.232 Thread 0x00000000572f0800 flushing nmethod 0x000000000287c9d0


Dynamic libraries:
0x000000013fb90000 - 0x000000013fbc7000 	C:\Program Files\Java\jdk1.8.0_66\bin\java.exe
0x0000000077320000 - 0x00000000774c9000 	C:\Windows\SYSTEM32\ntdll.dll
0x0000000077200000 - 0x000000007731f000 	C:\Windows\system32\kernel32.dll
0x000007fefd5d0000 - 0x000007fefd63b000 	C:\Windows\system32\KERNELBASE.dll
0x000007fefd720000 - 0x000007fefd7fb000 	C:\Windows\system32\ADVAPI32.dll
0x000007feff390000 - 0x000007feff42f000 	C:\Windows\system32\msvcrt.dll
0x000007feff000000 - 0x000007feff01f000 	C:\Windows\SYSTEM32\sechost.dll
0x000007fefd800000 - 0x000007fefd92d000 	C:\Windows\system32\RPCRT4.dll
0x0000000077100000 - 0x00000000771fa000 	C:\Windows\system32\USER32.dll
0x000007fefd6b0000 - 0x000007fefd717000 	C:\Windows\system32\GDI32.dll
0x000007feff0f0000 - 0x000007feff0fe000 	C:\Windows\system32\LPK.dll
0x000007feff020000 - 0x000007feff0e9000 	C:\Windows\system32\USP10.dll
0x000007fefbc40000 - 0x000007fefbe34000 	C:\Windows\WinSxS\amd64_microsoft.windows.common-controls_6595b64144ccf1df_6.0.7601.17514_none_fa396087175ac9ac\COMCTL32.dll
0x000007feff430000 - 0x000007feff4a1000 	C:\Windows\system32\SHLWAPI.dll
0x000007fefdbf0000 - 0x000007fefdc1e000 	C:\Windows\system32\IMM32.DLL
0x000007feff100000 - 0x000007feff209000 	C:\Windows\system32\MSCTF.dll
0x0000000057140000 - 0x0000000057212000 	C:\Program Files\Java\jdk1.8.0_66\jre\bin\msvcr100.dll
0x00000000552d0000 - 0x0000000055b59000 	C:\Program Files\Java\jdk1.8.0_66\jre\bin\server\jvm.dll
0x000007fef2050000 - 0x000007fef2059000 	C:\Windows\system32\WSOCK32.dll
0x000007fefd660000 - 0x000007fefd6ad000 	C:\Windows\system32\WS2_32.dll
0x000007fefea50000 - 0x000007fefea58000 	C:\Windows\system32\NSI.dll
0x000007fefa050000 - 0x000007fefa08b000 	C:\Windows\system32\WINMM.dll
0x000007fefcc40000 - 0x000007fefcc4c000 	C:\Windows\system32\VERSION.dll
0x00000000774f0000 - 0x00000000774f7000 	C:\Windows\system32\PSAPI.DLL
0x0000000072050000 - 0x000000007205f000 	C:\Program Files\Java\jdk1.8.0_66\jre\bin\verify.dll
0x000000006b560000 - 0x000000006b589000 	C:\Program Files\Java\jdk1.8.0_66\jre\bin\java.dll
0x000000006c5e0000 - 0x000000006c5f6000 	C:\Program Files\Java\jdk1.8.0_66\jre\bin\zip.dll
0x000007fefdc20000 - 0x000007fefe9a8000 	C:\Windows\system32\SHELL32.dll
0x000007fefea60000 - 0x000007fefec63000 	C:\Windows\system32\ole32.dll
0x000007fefd270000 - 0x000007fefd27f000 	C:\Windows\system32\profapi.dll

VM Arguments:
jvm_args: -Djava.awt.headless=true -Xmx1024M -Dfile.encoding=x-windows-950 -Duser.country=TW -Duser.language=zh -Duser.variant 
java_command: com.android.dx.command.Main --dex --num-threads=4 --output C:\Users\awei\Desktop\AweiNO1\app\build\intermediates\pre-dexed\debug\com.google.android.gms-play-services-analytics-8.4.0_df029e1dfc8383a0bbe87ee5210ad9d32b0ba1ea.jar C:\Users\awei\Desktop\AweiNO1\app\build\intermediates\exploded-aar\com.google.android.gms\play-services-analytics\8.4.0\jars\classes.jar
java_class_path (initial): C:\Users\awei\AppData\Local\Android\sdk1\build-tools\23.0.2\lib\dx.jar
Launcher Type: SUN_STANDARD

Environment Variables:
JAVA_HOME=C:\Program Files\Java\jdk1.8.0_66
PATH=C:\ProgramData\Oracle\Java\javapath;C:\Program Files (x86)\NVIDIA Corporation\PhysX\Common;C:\Windows\system32;C:\Windows;C:\Windows\System32\Wbem;C:\Windows\System32\WindowsPowerShell\v1.0\;C:\Program Files (x86)\QuickTime\QTSystem\;C:\Program Files\nodejs\;C:\Users\awei\AppData\Roaming\npm
USERNAME=awei
OS=Windows_NT
PROCESSOR_IDENTIFIER=Intel64 Family 6 Model 26 Stepping 5, GenuineIntel



---------------  S Y S T E M  ---------------

OS: Windows 7 , 64 bit Build 7601 (6.1.7601.17514)

CPU:total 8 (4 cores per cpu, 2 threads per core) family 6 model 26 stepping 5, cmov, cx8, fxsr, mmx, sse, sse2, sse3, ssse3, sse4.1, sse4.2, popcnt, ht, tsc, tscinvbit, tscinv

Memory: 4k page, physical 8379512k(704680k free), swap 13696104k(5104k free)

vm_info: Java HotSpot(TM) 64-Bit Server VM (25.66-b18) for windows-amd64 JRE (1.8.0_66-b18), built on Nov  9 2015 10:51:13 by "java_re" with MS VC++ 10.0 (VS2010)

time: Thu Mar 03 20:16:21 2016
elapsed time: 1 seconds (0d 0h 0m 1s)

